{"E:\\qlxion\\qlxion-ui\\packages\\core-react\\src\\accordion\\accordion.tsx": {"path":"E:\\qlxion\\qlxion-ui\\packages\\core-react\\src\\accordion\\accordion.tsx","statementMap":{"0":{"start":{"line":11,"column":25},"end":{"line":11,"column":null}},"1":{"start":{"line":21,"column":18},"end":{"line":72,"column":null}},"2":{"start":{"line":34,"column":54},"end":{"line":34,"column":null}},"3":{"start":{"line":35,"column":25},"end":{"line":35,"column":null}},"4":{"start":{"line":36,"column":18},"end":{"line":36,"column":null}},"5":{"start":{"line":38,"column":30},"end":{"line":62,"column":null}},"6":{"start":{"line":41,"column":8},"end":{"line":54,"column":null}},"7":{"start":{"line":42,"column":10},"end":{"line":46,"column":null}},"8":{"start":{"line":43,"column":12},"end":{"line":43,"column":null}},"9":{"start":{"line":45,"column":12},"end":{"line":45,"column":null}},"10":{"start":{"line":48,"column":26},"end":{"line":48,"column":null}},"11":{"start":{"line":49,"column":10},"end":{"line":53,"column":null}},"12":{"start":{"line":50,"column":12},"end":{"line":50,"column":null}},"13":{"start":{"line":50,"column":45},"end":{"line":50,"column":60}},"14":{"start":{"line":52,"column":12},"end":{"line":52,"column":null}},"15":{"start":{"line":56,"column":8},"end":{"line":58,"column":null}},"16":{"start":{"line":57,"column":10},"end":{"line":57,"column":null}},"17":{"start":{"line":59,"column":8},"end":{"line":59,"column":null}},"18":{"start":{"line":64,"column":4},"end":{"line":69,"column":null}},"19":{"start":{"line":73,"column":0},"end":{"line":73,"column":null}},"20":{"start":{"line":75,"column":29},"end":{"line":78,"column":null}},"21":{"start":{"line":80,"column":22},"end":{"line":101,"column":null}},"22":{"start":{"line":84,"column":18},"end":{"line":84,"column":null}},"23":{"start":{"line":85,"column":17},"end":{"line":87,"column":null}},"24":{"start":{"line":89,"column":2},"end":{"line":99,"column":null}},"25":{"start":{"line":102,"column":0},"end":{"line":102,"column":null}},"26":{"start":{"line":104,"column":25},"end":{"line":136,"column":null}},"27":{"start":{"line":108,"column":27},"end":{"line":108,"column":null}},"28":{"start":{"line":109,"column":22},"end":{"line":109,"column":null}},"29":{"start":{"line":111,"column":2},"end":{"line":134,"column":null}},"30":{"start":{"line":117,"column":23},"end":{"line":117,"column":null}},"31":{"start":{"line":137,"column":0},"end":{"line":137,"column":null}},"32":{"start":{"line":139,"column":25},"end":{"line":155,"column":null}},"33":{"start":{"line":143,"column":22},"end":{"line":143,"column":null}},"34":{"start":{"line":144,"column":2},"end":{"line":144,"column":null}},"35":{"start":{"line":144,"column":27},"end":{"line":144,"column":null}},"36":{"start":{"line":146,"column":2},"end":{"line":153,"column":null}},"37":{"start":{"line":156,"column":0},"end":{"line":156,"column":null}}},"fnMap":{"0":{"name":"(anonymous_0)","decl":{"start":{"line":21,"column":24},"end":{"line":21,"column":null}},"loc":{"start":{"line":33,"column":7},"end":{"line":71,"column":null}},"line":33},"1":{"name":"(anonymous_1)","decl":{"start":{"line":38,"column":36},"end":{"line":38,"column":null}},"loc":{"start":{"line":39,"column":29},"end":{"line":60,"column":null}},"line":39},"2":{"name":"(anonymous_2)","decl":{"start":{"line":50,"column":31},"end":{"line":50,"column":39}},"loc":{"start":{"line":50,"column":45},"end":{"line":50,"column":60}},"line":50},"3":{"name":"(anonymous_3)","decl":{"start":{"line":80,"column":28},"end":{"line":80,"column":null}},"loc":{"start":{"line":83,"column":53},"end":{"line":101,"column":1}},"line":83},"4":{"name":"(anonymous_4)","decl":{"start":{"line":104,"column":31},"end":{"line":104,"column":null}},"loc":{"start":{"line":107,"column":46},"end":{"line":136,"column":1}},"line":107},"5":{"name":"(anonymous_5)","decl":{"start":{"line":117,"column":8},"end":{"line":117,"column":23}},"loc":{"start":{"line":117,"column":23},"end":{"line":117,"column":null}},"line":117},"6":{"name":"(anonymous_6)","decl":{"start":{"line":139,"column":31},"end":{"line":139,"column":null}},"loc":{"start":{"line":142,"column":46},"end":{"line":155,"column":1}},"line":142}},"branchMap":{"0":{"loc":{"start":{"line":24,"column":6},"end":{"line":24,"column":null}},"type":"default-arg","locations":[{"start":{"line":24,"column":13},"end":{"line":24,"column":null}}],"line":24},"1":{"loc":{"start":{"line":26,"column":6},"end":{"line":26,"column":null}},"type":"default-arg","locations":[{"start":{"line":26,"column":21},"end":{"line":26,"column":null}}],"line":26},"2":{"loc":{"start":{"line":26,"column":21},"end":{"line":26,"column":null}},"type":"cond-expr","locations":[{"start":{"line":26,"column":43},"end":{"line":26,"column":48}},{"start":{"line":26,"column":48},"end":{"line":26,"column":null}}],"line":26},"3":{"loc":{"start":{"line":28,"column":6},"end":{"line":28,"column":null}},"type":"default-arg","locations":[{"start":{"line":28,"column":20},"end":{"line":28,"column":null}}],"line":28},"4":{"loc":{"start":{"line":36,"column":18},"end":{"line":36,"column":null}},"type":"cond-expr","locations":[{"start":{"line":36,"column":33},"end":{"line":36,"column":51}},{"start":{"line":36,"column":51},"end":{"line":36,"column":null}}],"line":36},"5":{"loc":{"start":{"line":41,"column":8},"end":{"line":54,"column":null}},"type":"if","locations":[{"start":{"line":41,"column":8},"end":{"line":54,"column":null}},{"start":{"line":47,"column":15},"end":{"line":54,"column":null}}],"line":41},"6":{"loc":{"start":{"line":42,"column":10},"end":{"line":46,"column":null}},"type":"if","locations":[{"start":{"line":42,"column":10},"end":{"line":46,"column":null}},{"start":{"line":44,"column":17},"end":{"line":46,"column":null}}],"line":42},"7":{"loc":{"start":{"line":43,"column":23},"end":{"line":43,"column":null}},"type":"cond-expr","locations":[{"start":{"line":43,"column":37},"end":{"line":43,"column":42}},{"start":{"line":43,"column":42},"end":{"line":43,"column":null}}],"line":43},"8":{"loc":{"start":{"line":48,"column":26},"end":{"line":48,"column":null}},"type":"cond-expr","locations":[{"start":{"line":48,"column":49},"end":{"line":48,"column":57}},{"start":{"line":48,"column":57},"end":{"line":48,"column":null}}],"line":48},"9":{"loc":{"start":{"line":49,"column":10},"end":{"line":53,"column":null}},"type":"if","locations":[{"start":{"line":49,"column":10},"end":{"line":53,"column":null}},{"start":{"line":51,"column":17},"end":{"line":53,"column":null}}],"line":49},"10":{"loc":{"start":{"line":56,"column":8},"end":{"line":58,"column":null}},"type":"if","locations":[{"start":{"line":56,"column":8},"end":{"line":58,"column":null}},{"start":{},"end":{}}],"line":56},"11":{"loc":{"start":{"line":85,"column":17},"end":{"line":87,"column":null}},"type":"cond-expr","locations":[{"start":{"line":86,"column":6},"end":{"line":86,"column":null}},{"start":{"line":87,"column":6},"end":{"line":87,"column":null}}],"line":85},"12":{"loc":{"start":{"line":93,"column":20},"end":{"line":93,"column":null}},"type":"cond-expr","locations":[{"start":{"line":93,"column":29},"end":{"line":93,"column":38}},{"start":{"line":93,"column":38},"end":{"line":93,"column":null}}],"line":93},"13":{"loc":{"start":{"line":144,"column":2},"end":{"line":144,"column":null}},"type":"if","locations":[{"start":{"line":144,"column":2},"end":{"line":144,"column":null}},{"start":{},"end":{}}],"line":144}},"s":{"0":1,"1":1,"2":3,"3":3,"4":3,"5":3,"6":1,"7":1,"8":0,"9":1,"10":0,"11":0,"12":0,"13":0,"14":0,"15":1,"16":1,"17":1,"18":3,"19":1,"20":1,"21":1,"22":3,"23":3,"24":3,"25":1,"26":1,"27":3,"28":3,"29":3,"30":1,"31":1,"32":1,"33":3,"34":3,"35":2,"36":1,"37":1},"f":{"0":3,"1":1,"2":0,"3":3,"4":3,"5":1,"6":3},"b":{"0":[3],"1":[3],"2":[0,3],"3":[3],"4":[0,3],"5":[1,0],"6":[0,1],"7":[0,0],"8":[0,0],"9":[0,0],"10":[1,0],"11":[0,3],"12":[1,2],"13":[2,1]},"meta":{"lastBranch":14,"lastFunction":7,"lastStatement":38,"seen":{"s:11:25:11:Infinity":0,"s:21:18:72:Infinity":1,"f:21:24:21:Infinity":0,"b:24:13:24:Infinity":0,"b:26:21:26:Infinity":1,"b:26:43:26:48:26:48:26:Infinity":2,"b:28:20:28:Infinity":3,"s:34:54:34:Infinity":2,"s:35:25:35:Infinity":3,"s:36:18:36:Infinity":4,"b:36:33:36:51:36:51:36:Infinity":4,"s:38:30:62:Infinity":5,"f:38:36:38:Infinity":1,"b:41:8:54:Infinity:47:15:54:Infinity":5,"s:41:8:54:Infinity":6,"b:42:10:46:Infinity:44:17:46:Infinity":6,"s:42:10:46:Infinity":7,"s:43:12:43:Infinity":8,"b:43:37:43:42:43:42:43:Infinity":7,"s:45:12:45:Infinity":9,"s:48:26:48:Infinity":10,"b:48:49:48:57:48:57:48:Infinity":8,"b:49:10:53:Infinity:51:17:53:Infinity":9,"s:49:10:53:Infinity":11,"s:50:12:50:Infinity":12,"f:50:31:50:39":2,"s:50:45:50:60":13,"s:52:12:52:Infinity":14,"b:56:8:58:Infinity:undefined:undefined:undefined:undefined":10,"s:56:8:58:Infinity":15,"s:57:10:57:Infinity":16,"s:59:8:59:Infinity":17,"s:64:4:69:Infinity":18,"s:73:0:73:Infinity":19,"s:75:29:78:Infinity":20,"s:80:22:101:Infinity":21,"f:80:28:80:Infinity":3,"s:84:18:84:Infinity":22,"s:85:17:87:Infinity":23,"b:86:6:86:Infinity:87:6:87:Infinity":11,"s:89:2:99:Infinity":24,"b:93:29:93:38:93:38:93:Infinity":12,"s:102:0:102:Infinity":25,"s:104:25:136:Infinity":26,"f:104:31:104:Infinity":4,"s:108:27:108:Infinity":27,"s:109:22:109:Infinity":28,"s:111:2:134:Infinity":29,"f:117:8:117:23":5,"s:117:23:117:Infinity":30,"s:137:0:137:Infinity":31,"s:139:25:155:Infinity":32,"f:139:31:139:Infinity":6,"s:143:22:143:Infinity":33,"b:144:2:144:Infinity:undefined:undefined:undefined:undefined":13,"s:144:2:144:Infinity":34,"s:144:27:144:Infinity":35,"s:146:2:153:Infinity":36,"s:156:0:156:Infinity":37},"fnNames":{}}}
,"E:\\qlxion\\qlxion-ui\\packages\\core-react\\src\\alert\\alert.tsx": {"path":"E:\\qlxion\\qlxion-ui\\packages\\core-react\\src\\alert\\alert.tsx","statementMap":{"0":{"start":{"line":4,"column":22},"end":{"line":21,"column":null}},"1":{"start":{"line":29,"column":14},"end":{"line":38,"column":null}},"2":{"start":{"line":31,"column":4},"end":{"line":38,"column":null}},"3":{"start":{"line":39,"column":0},"end":{"line":39,"column":null}},"4":{"start":{"line":41,"column":19},"end":{"line":50,"column":null}},"5":{"start":{"line":45,"column":2},"end":{"line":50,"column":null}},"6":{"start":{"line":51,"column":0},"end":{"line":51,"column":null}},"7":{"start":{"line":53,"column":25},"end":{"line":62,"column":null}},"8":{"start":{"line":57,"column":2},"end":{"line":62,"column":null}},"9":{"start":{"line":63,"column":0},"end":{"line":63,"column":null}}},"fnMap":{"0":{"name":"(anonymous_0)","decl":{"start":{"line":29,"column":20},"end":{"line":29,"column":null}},"loc":{"start":{"line":31,"column":4},"end":{"line":38,"column":null}},"line":31},"1":{"name":"(anonymous_1)","decl":{"start":{"line":41,"column":25},"end":{"line":41,"column":null}},"loc":{"start":{"line":45,"column":2},"end":{"line":50,"column":null}},"line":45},"2":{"name":"(anonymous_2)","decl":{"start":{"line":53,"column":31},"end":{"line":53,"column":null}},"loc":{"start":{"line":57,"column":2},"end":{"line":62,"column":null}},"line":57}},"branchMap":{"0":{"loc":{"start":{"line":30,"column":16},"end":{"line":30,"column":37}},"type":"default-arg","locations":[{"start":{"line":30,"column":26},"end":{"line":30,"column":37}}],"line":30}},"s":{"0":1,"1":1,"2":2,"3":1,"4":1,"5":2,"6":1,"7":1,"8":2,"9":1},"f":{"0":2,"1":2,"2":2},"b":{"0":[2]},"meta":{"lastBranch":1,"lastFunction":3,"lastStatement":10,"seen":{"s:4:22:21:Infinity":0,"s:29:14:38:Infinity":1,"f:29:20:29:Infinity":0,"s:31:4:38:Infinity":2,"b:30:26:30:37":0,"s:39:0:39:Infinity":3,"s:41:19:50:Infinity":4,"f:41:25:41:Infinity":1,"s:45:2:50:Infinity":5,"s:51:0:51:Infinity":6,"s:53:25:62:Infinity":7,"f:53:31:53:Infinity":2,"s:57:2:62:Infinity":8,"s:63:0:63:Infinity":9},"fnNames":{}}}
,"E:\\qlxion\\qlxion-ui\\packages\\core-react\\src\\alert-dialog\\alert-dialog.tsx": {"path":"E:\\qlxion\\qlxion-ui\\packages\\core-react\\src\\alert-dialog\\alert-dialog.tsx","statementMap":{"0":{"start":{"line":14,"column":20},"end":{"line":14,"column":null}},"1":{"start":{"line":15,"column":27},"end":{"line":15,"column":null}},"2":{"start":{"line":17,"column":27},"end":{"line":29,"column":null}},"3":{"start":{"line":21,"column":2},"end":{"line":29,"column":null}},"4":{"start":{"line":30,"column":0},"end":{"line":30,"column":null}},"5":{"start":{"line":32,"column":26},"end":{"line":32,"column":null}},"6":{"start":{"line":33,"column":26},"end":{"line":33,"column":null}},"7":{"start":{"line":34,"column":25},"end":{"line":34,"column":null}},"8":{"start":{"line":35,"column":31},"end":{"line":35,"column":null}},"9":{"start":{"line":36,"column":26},"end":{"line":36,"column":null}},"10":{"start":{"line":38,"column":26},"end":{"line":51,"column":null}},"11":{"start":{"line":42,"column":2},"end":{"line":51,"column":null}},"12":{"start":{"line":52,"column":0},"end":{"line":52,"column":null}}},"fnMap":{"0":{"name":"(anonymous_0)","decl":{"start":{"line":17,"column":33},"end":{"line":17,"column":null}},"loc":{"start":{"line":21,"column":2},"end":{"line":29,"column":null}},"line":21},"1":{"name":"(anonymous_1)","decl":{"start":{"line":38,"column":32},"end":{"line":38,"column":null}},"loc":{"start":{"line":42,"column":2},"end":{"line":51,"column":null}},"line":42}},"branchMap":{},"s":{"0":1,"1":1,"2":1,"3":2,"4":1,"5":1,"6":1,"7":1,"8":1,"9":1,"10":1,"11":1,"12":1},"f":{"0":2,"1":1},"b":{},"meta":{"lastBranch":0,"lastFunction":2,"lastStatement":13,"seen":{"s:14:20:14:Infinity":0,"s:15:27:15:Infinity":1,"s:17:27:29:Infinity":2,"f:17:33:17:Infinity":0,"s:21:2:29:Infinity":3,"s:30:0:30:Infinity":4,"s:32:26:32:Infinity":5,"s:33:26:33:Infinity":6,"s:34:25:34:Infinity":7,"s:35:31:35:Infinity":8,"s:36:26:36:Infinity":9,"s:38:26:51:Infinity":10,"f:38:32:38:Infinity":1,"s:42:2:51:Infinity":11,"s:52:0:52:Infinity":12},"fnNames":{}}}
,"E:\\qlxion\\qlxion-ui\\packages\\core-react\\src\\aspect-ratio\\aspect-ratio.tsx": {"path":"E:\\qlxion\\qlxion-ui\\packages\\core-react\\src\\aspect-ratio\\aspect-ratio.tsx","statementMap":{"0":{"start":{"line":8,"column":20},"end":{"line":24,"column":null}},"1":{"start":{"line":10,"column":4},"end":{"line":24,"column":null}},"2":{"start":{"line":25,"column":0},"end":{"line":25,"column":null}}},"fnMap":{"0":{"name":"(anonymous_0)","decl":{"start":{"line":8,"column":26},"end":{"line":8,"column":null}},"loc":{"start":{"line":10,"column":4},"end":{"line":24,"column":null}},"line":10}},"branchMap":{"0":{"loc":{"start":{"line":9,"column":5},"end":{"line":9,"column":21}},"type":"default-arg","locations":[{"start":{"line":9,"column":13},"end":{"line":9,"column":21}}],"line":9}},"s":{"0":1,"1":2,"2":1},"f":{"0":2},"b":{"0":[2]},"meta":{"lastBranch":1,"lastFunction":1,"lastStatement":3,"seen":{"s:8:20:24:Infinity":0,"f:8:26:8:Infinity":0,"s:10:4:24:Infinity":1,"b:9:13:9:21":0,"s:25:0:25:Infinity":2},"fnNames":{}}}
,"E:\\qlxion\\qlxion-ui\\packages\\core-react\\src\\attachment\\attachment.tsx": {"path":"E:\\qlxion\\qlxion-ui\\packages\\core-react\\src\\attachment\\attachment.tsx","statementMap":{"0":{"start":{"line":12,"column":19},"end":{"line":67,"column":null}},"1":{"start":{"line":14,"column":4},"end":{"line":64,"column":null}},"2":{"start":{"line":68,"column":0},"end":{"line":68,"column":null}}},"fnMap":{"0":{"name":"(anonymous_0)","decl":{"start":{"line":12,"column":25},"end":{"line":12,"column":null}},"loc":{"start":{"line":13,"column":82},"end":{"line":66,"column":null}},"line":13}},"branchMap":{"0":{"loc":{"start":{"line":13,"column":44},"end":{"line":13,"column":62}},"type":"default-arg","locations":[{"start":{"line":13,"column":55},"end":{"line":13,"column":62}}],"line":13},"1":{"loc":{"start":{"line":19,"column":10},"end":{"line":19,"column":null}},"type":"binary-expr","locations":[{"start":{"line":19,"column":10},"end":{"line":19,"column":22}},{"start":{"line":19,"column":22},"end":{"line":19,"column":null}}],"line":19},"2":{"loc":{"start":{"line":25,"column":11},"end":{"line":38,"column":null}},"type":"binary-expr","locations":[{"start":{"line":25,"column":11},"end":{"line":25,"column":null}},{"start":{"line":26,"column":12},"end":{"line":38,"column":null}}],"line":25},"3":{"loc":{"start":{"line":45,"column":11},"end":{"line":50,"column":null}},"type":"binary-expr","locations":[{"start":{"line":45,"column":11},"end":{"line":45,"column":null}},{"start":{"line":46,"column":12},"end":{"line":50,"column":null}}],"line":45},"4":{"loc":{"start":{"line":51,"column":9},"end":{"line":62,"column":null}},"type":"binary-expr","locations":[{"start":{"line":51,"column":9},"end":{"line":51,"column":null}},{"start":{"line":52,"column":10},"end":{"line":62,"column":null}}],"line":51}},"s":{"0":1,"1":3,"2":1},"f":{"0":3},"b":{"0":[3],"1":[3,0],"2":[3,3],"3":[3,2],"4":[3,1]},"meta":{"lastBranch":5,"lastFunction":1,"lastStatement":3,"seen":{"s:12:19:67:Infinity":0,"f:12:25:12:Infinity":0,"b:13:55:13:62":0,"s:14:4:64:Infinity":1,"b:19:10:19:22:19:22:19:Infinity":1,"b:25:11:25:Infinity:26:12:38:Infinity":2,"b:45:11:45:Infinity:46:12:50:Infinity":3,"b:51:9:51:Infinity:52:10:62:Infinity":4,"s:68:0:68:Infinity":2},"fnNames":{}}}
,"E:\\qlxion\\qlxion-ui\\packages\\core-react\\src\\avatar\\avatar.tsx": {"path":"E:\\qlxion\\qlxion-ui\\packages\\core-react\\src\\avatar\\avatar.tsx","statementMap":{"0":{"start":{"line":4,"column":15},"end":{"line":24,"column":null}},"1":{"start":{"line":8,"column":22},"end":{"line":12,"column":null}},"2":{"start":{"line":13,"column":2},"end":{"line":22,"column":null}},"3":{"start":{"line":25,"column":0},"end":{"line":25,"column":null}},"4":{"start":{"line":27,"column":20},"end":{"line":47,"column":null}},"5":{"start":{"line":31,"column":34},"end":{"line":31,"column":null}},"6":{"start":{"line":33,"column":2},"end":{"line":33,"column":null}},"7":{"start":{"line":33,"column":16},"end":{"line":33,"column":null}},"8":{"start":{"line":35,"column":2},"end":{"line":45,"column":null}},"9":{"start":{"line":40,"column":8},"end":{"line":40,"column":null}},"10":{"start":{"line":41,"column":8},"end":{"line":41,"column":null}},"11":{"start":{"line":48,"column":0},"end":{"line":48,"column":null}},"12":{"start":{"line":50,"column":23},"end":{"line":62,"column":null}},"13":{"start":{"line":54,"column":2},"end":{"line":62,"column":null}},"14":{"start":{"line":63,"column":0},"end":{"line":63,"column":null}}},"fnMap":{"0":{"name":"(anonymous_0)","decl":{"start":{"line":4,"column":21},"end":{"line":4,"column":null}},"loc":{"start":{"line":7,"column":49},"end":{"line":24,"column":1}},"line":7},"1":{"name":"(anonymous_1)","decl":{"start":{"line":27,"column":26},"end":{"line":27,"column":null}},"loc":{"start":{"line":30,"column":55},"end":{"line":47,"column":1}},"line":30},"2":{"name":"(anonymous_2)","decl":{"start":{"line":39,"column":6},"end":{"line":39,"column":16}},"loc":{"start":{"line":39,"column":22},"end":{"line":42,"column":null}},"line":39},"3":{"name":"(anonymous_3)","decl":{"start":{"line":50,"column":29},"end":{"line":50,"column":null}},"loc":{"start":{"line":54,"column":2},"end":{"line":62,"column":null}},"line":54}},"branchMap":{"0":{"loc":{"start":{"line":7,"column":16},"end":{"line":7,"column":29}},"type":"default-arg","locations":[{"start":{"line":7,"column":23},"end":{"line":7,"column":29}}],"line":7},"1":{"loc":{"start":{"line":30,"column":16},"end":{"line":30,"column":26}},"type":"default-arg","locations":[{"start":{"line":30,"column":22},"end":{"line":30,"column":26}}],"line":30},"2":{"loc":{"start":{"line":33,"column":2},"end":{"line":33,"column":null}},"type":"if","locations":[{"start":{"line":33,"column":2},"end":{"line":33,"column":null}},{"start":{},"end":{}}],"line":33}},"s":{"0":1,"1":2,"2":2,"3":1,"4":1,"5":2,"6":2,"7":0,"8":2,"9":0,"10":0,"11":1,"12":1,"13":2,"14":1},"f":{"0":2,"1":2,"2":0,"3":2},"b":{"0":[2],"1":[2],"2":[0,2]},"meta":{"lastBranch":3,"lastFunction":4,"lastStatement":15,"seen":{"s:4:15:24:Infinity":0,"f:4:21:4:Infinity":0,"b:7:23:7:29":0,"s:8:22:12:Infinity":1,"s:13:2:22:Infinity":2,"s:25:0:25:Infinity":3,"s:27:20:47:Infinity":4,"f:27:26:27:Infinity":1,"b:30:22:30:26":1,"s:31:34:31:Infinity":5,"b:33:2:33:Infinity:undefined:undefined:undefined:undefined":2,"s:33:2:33:Infinity":6,"s:33:16:33:Infinity":7,"s:35:2:45:Infinity":8,"f:39:6:39:16":2,"s:40:8:40:Infinity":9,"s:41:8:41:Infinity":10,"s:48:0:48:Infinity":11,"s:50:23:62:Infinity":12,"f:50:29:50:Infinity":3,"s:54:2:62:Infinity":13,"s:63:0:63:Infinity":14},"fnNames":{}}}
,"E:\\qlxion\\qlxion-ui\\packages\\core-react\\src\\badge\\badge.tsx": {"path":"E:\\qlxion\\qlxion-ui\\packages\\core-react\\src\\badge\\badge.tsx","statementMap":{"0":{"start":{"line":4,"column":22},"end":{"line":21,"column":null}},"1":{"start":{"line":30,"column":2},"end":{"line":30,"column":null}}},"fnMap":{"0":{"name":"Badge","decl":{"start":{"line":29,"column":9},"end":{"line":29,"column":15}},"loc":{"start":{"line":29,"column":73},"end":{"line":31,"column":null}},"line":29}},"branchMap":{"0":{"loc":{"start":{"line":29,"column":28},"end":{"line":29,"column":49}},"type":"default-arg","locations":[{"start":{"line":29,"column":38},"end":{"line":29,"column":49}}],"line":29}},"s":{"0":1,"1":3},"f":{"0":3},"b":{"0":[3]},"meta":{"lastBranch":1,"lastFunction":1,"lastStatement":2,"seen":{"s:4:22:21:Infinity":0,"f:29:9:29:15":0,"b:29:38:29:49":0,"s:30:2:30:Infinity":1},"fnNames":{}}}
,"E:\\qlxion\\qlxion-ui\\packages\\core-react\\src\\breadcrumb\\breadcrumb.tsx": {"path":"E:\\qlxion\\qlxion-ui\\packages\\core-react\\src\\breadcrumb\\breadcrumb.tsx","statementMap":{"0":{"start":{"line":4,"column":19},"end":{"line":9,"column":null}},"1":{"start":{"line":9,"column":25},"end":{"line":9,"column":null}},"2":{"start":{"line":10,"column":0},"end":{"line":10,"column":null}},"3":{"start":{"line":12,"column":23},"end":{"line":24,"column":null}},"4":{"start":{"line":16,"column":2},"end":{"line":24,"column":null}},"5":{"start":{"line":25,"column":0},"end":{"line":25,"column":null}},"6":{"start":{"line":27,"column":23},"end":{"line":36,"column":null}},"7":{"start":{"line":31,"column":2},"end":{"line":36,"column":null}},"8":{"start":{"line":37,"column":0},"end":{"line":37,"column":null}},"9":{"start":{"line":39,"column":23},"end":{"line":50,"column":null}},"10":{"start":{"line":43,"column":2},"end":{"line":48,"column":null}},"11":{"start":{"line":51,"column":0},"end":{"line":51,"column":null}},"12":{"start":{"line":53,"column":23},"end":{"line":65,"column":null}},"13":{"start":{"line":57,"column":2},"end":{"line":65,"column":null}},"14":{"start":{"line":66,"column":0},"end":{"line":66,"column":null}},"15":{"start":{"line":68,"column":6},"end":{"line":80,"column":null}},"16":{"start":{"line":73,"column":2},"end":{"line":80,"column":null}},"17":{"start":{"line":82,"column":0},"end":{"line":82,"column":null}},"18":{"start":{"line":84,"column":6},"end":{"line":95,"column":null}},"19":{"start":{"line":88,"column":2},"end":{"line":95,"column":null}},"20":{"start":{"line":97,"column":0},"end":{"line":97,"column":null}}},"fnMap":{"0":{"name":"(anonymous_0)","decl":{"start":{"line":4,"column":25},"end":{"line":4,"column":null}},"loc":{"start":{"line":9,"column":25},"end":{"line":9,"column":null}},"line":9},"1":{"name":"(anonymous_1)","decl":{"start":{"line":12,"column":29},"end":{"line":12,"column":null}},"loc":{"start":{"line":16,"column":2},"end":{"line":24,"column":null}},"line":16},"2":{"name":"(anonymous_2)","decl":{"start":{"line":27,"column":29},"end":{"line":27,"column":null}},"loc":{"start":{"line":31,"column":2},"end":{"line":36,"column":null}},"line":31},"3":{"name":"(anonymous_3)","decl":{"start":{"line":39,"column":29},"end":{"line":39,"column":null}},"loc":{"start":{"line":42,"column":36},"end":{"line":50,"column":1}},"line":42},"4":{"name":"(anonymous_4)","decl":{"start":{"line":53,"column":29},"end":{"line":53,"column":null}},"loc":{"start":{"line":57,"column":2},"end":{"line":65,"column":null}},"line":57},"5":{"name":"(anonymous_5)","decl":{"start":{"line":68,"column":6},"end":{"line":68,"column":29}},"loc":{"start":{"line":73,"column":2},"end":{"line":80,"column":null}},"line":73},"6":{"name":"(anonymous_6)","decl":{"start":{"line":84,"column":6},"end":{"line":84,"column":28}},"loc":{"start":{"line":88,"column":2},"end":{"line":95,"column":null}},"line":88}},"branchMap":{"0":{"loc":{"start":{"line":79,"column":5},"end":{"line":79,"column":null}},"type":"binary-expr","locations":[{"start":{"line":79,"column":5},"end":{"line":79,"column":17}},{"start":{"line":79,"column":17},"end":{"line":79,"column":null}}],"line":79}},"s":{"0":1,"1":2,"2":1,"3":1,"4":2,"5":1,"6":1,"7":4,"8":1,"9":1,"10":2,"11":1,"12":1,"13":2,"14":1,"15":1,"16":2,"17":1,"18":1,"19":0,"20":1},"f":{"0":2,"1":2,"2":4,"3":2,"4":2,"5":2,"6":0},"b":{"0":[2,2]},"meta":{"lastBranch":1,"lastFunction":7,"lastStatement":21,"seen":{"s:4:19:9:Infinity":0,"f:4:25:4:Infinity":0,"s:9:25:9:Infinity":1,"s:10:0:10:Infinity":2,"s:12:23:24:Infinity":3,"f:12:29:12:Infinity":1,"s:16:2:24:Infinity":4,"s:25:0:25:Infinity":5,"s:27:23:36:Infinity":6,"f:27:29:27:Infinity":2,"s:31:2:36:Infinity":7,"s:37:0:37:Infinity":8,"s:39:23:50:Infinity":9,"f:39:29:39:Infinity":3,"s:43:2:48:Infinity":10,"s:51:0:51:Infinity":11,"s:53:23:65:Infinity":12,"f:53:29:53:Infinity":4,"s:57:2:65:Infinity":13,"s:66:0:66:Infinity":14,"s:68:6:80:Infinity":15,"f:68:6:68:29":5,"s:73:2:80:Infinity":16,"b:79:5:79:17:79:17:79:Infinity":0,"s:82:0:82:Infinity":17,"s:84:6:95:Infinity":18,"f:84:6:84:28":6,"s:88:2:95:Infinity":19,"s:97:0:97:Infinity":20},"fnNames":{}}}
,"E:\\qlxion\\qlxion-ui\\packages\\core-react\\src\\bubble\\bubble.tsx": {"path":"E:\\qlxion\\qlxion-ui\\packages\\core-react\\src\\bubble\\bubble.tsx","statementMap":{"0":{"start":{"line":4,"column":23},"end":{"line":15,"column":null}},"1":{"start":{"line":25,"column":15},"end":{"line":56,"column":null}},"2":{"start":{"line":27,"column":4},"end":{"line":53,"column":null}},"3":{"start":{"line":57,"column":0},"end":{"line":57,"column":null}}},"fnMap":{"0":{"name":"(anonymous_0)","decl":{"start":{"line":25,"column":21},"end":{"line":25,"column":null}},"loc":{"start":{"line":26,"column":83},"end":{"line":55,"column":null}},"line":26}},"branchMap":{"0":{"loc":{"start":{"line":26,"column":16},"end":{"line":26,"column":34}},"type":"default-arg","locations":[{"start":{"line":26,"column":26},"end":{"line":26,"column":34}}],"line":26},"1":{"loc":{"start":{"line":31,"column":10},"end":{"line":31,"column":null}},"type":"cond-expr","locations":[{"start":{"line":31,"column":31},"end":{"line":31,"column":47}},{"start":{"line":31,"column":47},"end":{"line":31,"column":null}}],"line":31},"2":{"loc":{"start":{"line":31,"column":47},"end":{"line":31,"column":null}},"type":"cond-expr","locations":[{"start":{"line":31,"column":67},"end":{"line":31,"column":85}},{"start":{"line":31,"column":85},"end":{"line":31,"column":null}}],"line":31},"3":{"loc":{"start":{"line":34,"column":9},"end":{"line":34,"column":null}},"type":"binary-expr","locations":[{"start":{"line":34,"column":9},"end":{"line":34,"column":30}},{"start":{"line":34,"column":30},"end":{"line":34,"column":40}},{"start":{"line":34,"column":40},"end":{"line":34,"column":null}}],"line":34},"4":{"loc":{"start":{"line":41,"column":11},"end":{"line":51,"column":null}},"type":"binary-expr","locations":[{"start":{"line":41,"column":11},"end":{"line":41,"column":null}},{"start":{"line":42,"column":12},"end":{"line":51,"column":null}}],"line":41},"5":{"loc":{"start":{"line":45,"column":16},"end":{"line":45,"column":null}},"type":"cond-expr","locations":[{"start":{"line":45,"column":37},"end":{"line":45,"column":65}},{"start":{"line":45,"column":65},"end":{"line":45,"column":null}}],"line":45},"6":{"loc":{"start":{"line":52,"column":9},"end":{"line":52,"column":null}},"type":"binary-expr","locations":[{"start":{"line":52,"column":9},"end":{"line":52,"column":31}},{"start":{"line":52,"column":31},"end":{"line":52,"column":41}},{"start":{"line":52,"column":41},"end":{"line":52,"column":null}}],"line":52}},"s":{"0":2,"1":2,"2":5,"3":2},"f":{"0":5},"b":{"0":[5],"1":[4,1],"2":[1,0],"3":[5,1,0],"4":[5,2],"5":[2,0],"6":[5,4,0]},"meta":{"lastBranch":7,"lastFunction":1,"lastStatement":4,"seen":{"s:4:23:15:Infinity":0,"s:25:15:56:Infinity":1,"f:25:21:25:Infinity":0,"b:26:26:26:34":0,"s:27:4:53:Infinity":2,"b:31:31:31:47:31:47:31:Infinity":1,"b:31:67:31:85:31:85:31:Infinity":2,"b:34:9:34:30:34:30:34:40:34:40:34:Infinity":3,"b:41:11:41:Infinity:42:12:51:Infinity":4,"b:45:37:45:65:45:65:45:Infinity":5,"b:52:9:52:31:52:31:52:41:52:41:52:Infinity":6,"s:57:0:57:Infinity":3},"fnNames":{}}}
,"E:\\qlxion\\qlxion-ui\\packages\\core-react\\src\\button\\button.tsx": {"path":"E:\\qlxion\\qlxion-ui\\packages\\core-react\\src\\button\\button.tsx","statementMap":{"0":{"start":{"line":1,"column":1},"end":{"line":1,"column":null}},"1":{"start":{"line":7,"column":23},"end":{"line":30,"column":null}},"2":{"start":{"line":42,"column":15},"end":{"line":59,"column":null}},"3":{"start":{"line":44,"column":17},"end":{"line":44,"column":null}},"4":{"start":{"line":45,"column":4},"end":{"line":56,"column":null}},"5":{"start":{"line":60,"column":0},"end":{"line":60,"column":null}}},"fnMap":{"0":{"name":"(anonymous_0)","decl":{"start":{"line":42,"column":21},"end":{"line":42,"column":null}},"loc":{"start":{"line":43,"column":95},"end":{"line":58,"column":null}},"line":43}},"branchMap":{"0":{"loc":{"start":{"line":43,"column":31},"end":{"line":43,"column":48}},"type":"default-arg","locations":[{"start":{"line":43,"column":41},"end":{"line":43,"column":48}}],"line":43},"1":{"loc":{"start":{"line":43,"column":48},"end":{"line":43,"column":65}},"type":"default-arg","locations":[{"start":{"line":43,"column":58},"end":{"line":43,"column":65}}],"line":43},"2":{"loc":{"start":{"line":44,"column":17},"end":{"line":44,"column":null}},"type":"cond-expr","locations":[{"start":{"line":44,"column":27},"end":{"line":44,"column":34}},{"start":{"line":44,"column":34},"end":{"line":44,"column":null}}],"line":44},"3":{"loc":{"start":{"line":48,"column":36},"end":{"line":48,"column":58}},"type":"binary-expr","locations":[{"start":{"line":48,"column":36},"end":{"line":48,"column":47}},{"start":{"line":48,"column":47},"end":{"line":48,"column":58}}],"line":48},"4":{"loc":{"start":{"line":48,"column":64},"end":{"line":48,"column":82}},"type":"binary-expr","locations":[{"start":{"line":48,"column":64},"end":{"line":48,"column":72}},{"start":{"line":48,"column":72},"end":{"line":48,"column":82}}],"line":48},"5":{"loc":{"start":{"line":52,"column":18},"end":{"line":52,"column":null}},"type":"binary-expr","locations":[{"start":{"line":52,"column":18},"end":{"line":52,"column":30}},{"start":{"line":52,"column":30},"end":{"line":52,"column":null}}],"line":52},"6":{"loc":{"start":{"line":53,"column":19},"end":{"line":53,"column":null}},"type":"cond-expr","locations":[{"start":{"line":53,"column":29},"end":{"line":53,"column":36}},{"start":{"line":53,"column":36},"end":{"line":53,"column":null}}],"line":53},"7":{"loc":{"start":{"line":54,"column":23},"end":{"line":54,"column":null}},"type":"cond-expr","locations":[{"start":{"line":54,"column":45},"end":{"line":54,"column":52}},{"start":{"line":54,"column":52},"end":{"line":54,"column":null}}],"line":54},"8":{"loc":{"start":{"line":54,"column":23},"end":{"line":54,"column":45}},"type":"binary-expr","locations":[{"start":{"line":54,"column":23},"end":{"line":54,"column":35}},{"start":{"line":54,"column":35},"end":{"line":54,"column":45}}],"line":54}},"s":{"0":1,"1":1,"2":1,"3":22,"4":22,"5":1},"f":{"0":22},"b":{"0":[22],"1":[22],"2":[1,21],"3":[22,17],"4":[22,18],"5":[22,18],"6":[3,19],"7":[7,15],"8":[22,18]},"meta":{"lastBranch":9,"lastFunction":1,"lastStatement":6,"seen":{"s:1:1:1:Infinity":0,"s:7:23:30:Infinity":1,"s:42:15:59:Infinity":2,"f:42:21:42:Infinity":0,"b:43:41:43:48":0,"b:43:58:43:65":1,"s:44:17:44:Infinity":3,"b:44:27:44:34:44:34:44:Infinity":2,"s:45:4:56:Infinity":4,"b:48:36:48:47:48:47:48:58":3,"b:48:64:48:72:48:72:48:82":4,"b:52:18:52:30:52:30:52:Infinity":5,"b:53:29:53:36:53:36:53:Infinity":6,"b:54:45:54:52:54:52:54:Infinity":7,"b:54:23:54:35:54:35:54:45":8,"s:60:0:60:Infinity":5},"fnNames":{}}}
,"E:\\qlxion\\qlxion-ui\\packages\\core-react\\src\\calendar\\calendar.tsx": {"path":"E:\\qlxion\\qlxion-ui\\packages\\core-react\\src\\calendar\\calendar.tsx","statementMap":{"0":{"start":{"line":13,"column":13},"end":{"line":158,"column":null}},"1":{"start":{"line":21,"column":52},"end":{"line":21,"column":null}},"2":{"start":{"line":22,"column":23},"end":{"line":22,"column":null}},"3":{"start":{"line":24,"column":42},"end":{"line":26,"column":null}},"4":{"start":{"line":25,"column":10},"end":{"line":25,"column":null}},"5":{"start":{"line":28,"column":8},"end":{"line":30,"column":null}},"6":{"start":{"line":29,"column":4},"end":{"line":29,"column":null}},"7":{"start":{"line":32,"column":8},"end":{"line":34,"column":null}},"8":{"start":{"line":33,"column":4},"end":{"line":33,"column":null}},"9":{"start":{"line":36,"column":15},"end":{"line":36,"column":null}},"10":{"start":{"line":37,"column":16},"end":{"line":37,"column":null}},"11":{"start":{"line":39,"column":24},"end":{"line":39,"column":null}},"12":{"start":{"line":40,"column":22},"end":{"line":40,"column":null}},"13":{"start":{"line":42,"column":21},"end":{"line":42,"column":null}},"14":{"start":{"line":43,"column":21},"end":{"line":46,"column":null}},"15":{"start":{"line":48,"column":8},"end":{"line":57,"column":null}},"16":{"start":{"line":49,"column":20},"end":{"line":49,"column":null}},"17":{"start":{"line":50,"column":4},"end":{"line":50,"column":null}},"18":{"start":{"line":50,"column":38},"end":{"line":50,"column":null}},"19":{"start":{"line":51,"column":4},"end":{"line":51,"column":null}},"20":{"start":{"line":51,"column":38},"end":{"line":51,"column":null}},"21":{"start":{"line":53,"column":4},"end":{"line":55,"column":null}},"22":{"start":{"line":54,"column":6},"end":{"line":54,"column":null}},"23":{"start":{"line":56,"column":4},"end":{"line":56,"column":null}},"24":{"start":{"line":59,"column":8},"end":{"line":65,"column":null}},"25":{"start":{"line":60,"column":4},"end":{"line":63,"column":null}},"26":{"start":{"line":67,"column":8},"end":{"line":74,"column":null}},"27":{"start":{"line":68,"column":18},"end":{"line":68,"column":null}},"28":{"start":{"line":69,"column":4},"end":{"line":72,"column":null}},"29":{"start":{"line":76,"column":8},"end":{"line":81,"column":null}},"30":{"start":{"line":77,"column":14},"end":{"line":77,"column":null}},"31":{"start":{"line":78,"column":4},"end":{"line":78,"column":null}},"32":{"start":{"line":78,"column":95},"end":{"line":78,"column":null}},"33":{"start":{"line":79,"column":4},"end":{"line":79,"column":null}},"34":{"start":{"line":79,"column":95},"end":{"line":79,"column":null}},"35":{"start":{"line":80,"column":4},"end":{"line":80,"column":null}},"36":{"start":{"line":83,"column":2},"end":{"line":156,"column":null}},"37":{"start":{"line":112,"column":14},"end":{"line":114,"column":null}},"38":{"start":{"line":120,"column":12},"end":{"line":152,"column":null}},"39":{"start":{"line":122,"column":34},"end":{"line":122,"column":null}},"40":{"start":{"line":123,"column":35},"end":{"line":123,"column":null}},"41":{"start":{"line":124,"column":28},"end":{"line":124,"column":null}},"42":{"start":{"line":125,"column":33},"end":{"line":125,"column":null}},"43":{"start":{"line":126,"column":30},"end":{"line":126,"column":null}},"44":{"start":{"line":127,"column":33},"end":{"line":127,"column":null}},"45":{"start":{"line":129,"column":16},"end":{"line":149,"column":null}},"46":{"start":{"line":135,"column":39},"end":{"line":135,"column":null}}},"fnMap":{"0":{"name":"(anonymous_0)","decl":{"start":{"line":13,"column":13},"end":{"line":13,"column":50}},"loc":{"start":{"line":20,"column":6},"end":{"line":158,"column":null}},"line":20},"1":{"name":"(anonymous_1)","decl":{"start":{"line":24,"column":48},"end":{"line":24,"column":null}},"loc":{"start":{"line":25,"column":10},"end":{"line":25,"column":null}},"line":25},"2":{"name":"(anonymous_2)","decl":{"start":{"line":28,"column":8},"end":{"line":28,"column":26}},"loc":{"start":{"line":28,"column":26},"end":{"line":30,"column":null}},"line":28},"3":{"name":"(anonymous_3)","decl":{"start":{"line":32,"column":8},"end":{"line":32,"column":26}},"loc":{"start":{"line":32,"column":26},"end":{"line":34,"column":null}},"line":32},"4":{"name":"(anonymous_4)","decl":{"start":{"line":48,"column":8},"end":{"line":48,"column":28}},"loc":{"start":{"line":48,"column":44},"end":{"line":57,"column":null}},"line":48},"5":{"name":"(anonymous_5)","decl":{"start":{"line":59,"column":8},"end":{"line":59,"column":22}},"loc":{"start":{"line":59,"column":38},"end":{"line":65,"column":null}},"line":59},"6":{"name":"(anonymous_6)","decl":{"start":{"line":67,"column":8},"end":{"line":67,"column":19}},"loc":{"start":{"line":67,"column":35},"end":{"line":74,"column":null}},"line":67},"7":{"name":"(anonymous_7)","decl":{"start":{"line":76,"column":8},"end":{"line":76,"column":25}},"loc":{"start":{"line":76,"column":41},"end":{"line":81,"column":null}},"line":76},"8":{"name":"(anonymous_8)","decl":{"start":{"line":111,"column":24},"end":{"line":111,"column":29}},"loc":{"start":{"line":112,"column":14},"end":{"line":114,"column":null}},"line":112},"9":{"name":"(anonymous_9)","decl":{"start":{"line":119,"column":80},"end":{"line":119,"column":85}},"loc":{"start":{"line":120,"column":12},"end":{"line":152,"column":null}},"line":120},"10":{"name":"(anonymous_10)","decl":{"start":{"line":121,"column":41},"end":{"line":121,"column":46}},"loc":{"start":{"line":121,"column":60},"end":{"line":151,"column":15}},"line":121},"11":{"name":"(anonymous_11)","decl":{"start":{"line":135,"column":24},"end":{"line":135,"column":39}},"loc":{"start":{"line":135,"column":39},"end":{"line":135,"column":null}},"line":135}},"branchMap":{"0":{"loc":{"start":{"line":15,"column":2},"end":{"line":15,"column":null}},"type":"default-arg","locations":[{"start":{"line":15,"column":17},"end":{"line":15,"column":null}}],"line":15},"1":{"loc":{"start":{"line":22,"column":23},"end":{"line":22,"column":null}},"type":"cond-expr","locations":[{"start":{"line":22,"column":55},"end":{"line":22,"column":73}},{"start":{"line":22,"column":73},"end":{"line":22,"column":null}}],"line":22},"2":{"loc":{"start":{"line":50,"column":4},"end":{"line":50,"column":null}},"type":"if","locations":[{"start":{"line":50,"column":4},"end":{"line":50,"column":null}},{"start":{},"end":{}}],"line":50},"3":{"loc":{"start":{"line":50,"column":8},"end":{"line":50,"column":38}},"type":"binary-expr","locations":[{"start":{"line":50,"column":8},"end":{"line":50,"column":19}},{"start":{"line":50,"column":19},"end":{"line":50,"column":38}}],"line":50},"4":{"loc":{"start":{"line":51,"column":4},"end":{"line":51,"column":null}},"type":"if","locations":[{"start":{"line":51,"column":4},"end":{"line":51,"column":null}},{"start":{},"end":{}}],"line":51},"5":{"loc":{"start":{"line":51,"column":8},"end":{"line":51,"column":38}},"type":"binary-expr","locations":[{"start":{"line":51,"column":8},"end":{"line":51,"column":19}},{"start":{"line":51,"column":19},"end":{"line":51,"column":38}}],"line":51},"6":{"loc":{"start":{"line":53,"column":4},"end":{"line":55,"column":null}},"type":"if","locations":[{"start":{"line":53,"column":4},"end":{"line":55,"column":null}},{"start":{},"end":{}}],"line":53},"7":{"loc":{"start":{"line":61,"column":6},"end":{"line":63,"column":null}},"type":"binary-expr","locations":[{"start":{"line":61,"column":6},"end":{"line":61,"column":null}},{"start":{"line":62,"column":6},"end":{"line":62,"column":null}},{"start":{"line":63,"column":6},"end":{"line":63,"column":null}}],"line":61},"8":{"loc":{"start":{"line":70,"column":6},"end":{"line":72,"column":null}},"type":"binary-expr","locations":[{"start":{"line":70,"column":6},"end":{"line":70,"column":null}},{"start":{"line":71,"column":6},"end":{"line":71,"column":null}},{"start":{"line":72,"column":6},"end":{"line":72,"column":null}}],"line":70},"9":{"loc":{"start":{"line":78,"column":4},"end":{"line":78,"column":null}},"type":"if","locations":[{"start":{"line":78,"column":4},"end":{"line":78,"column":null}},{"start":{},"end":{}}],"line":78},"10":{"loc":{"start":{"line":78,"column":8},"end":{"line":78,"column":95}},"type":"binary-expr","locations":[{"start":{"line":78,"column":8},"end":{"line":78,"column":19}},{"start":{"line":78,"column":19},"end":{"line":78,"column":95}}],"line":78},"11":{"loc":{"start":{"line":79,"column":4},"end":{"line":79,"column":null}},"type":"if","locations":[{"start":{"line":79,"column":4},"end":{"line":79,"column":null}},{"start":{},"end":{}}],"line":79},"12":{"loc":{"start":{"line":79,"column":8},"end":{"line":79,"column":95}},"type":"binary-expr","locations":[{"start":{"line":79,"column":8},"end":{"line":79,"column":19}},{"start":{"line":79,"column":19},"end":{"line":79,"column":95}}],"line":79},"13":{"loc":{"start":{"line":123,"column":35},"end":{"line":123,"column":null}},"type":"binary-expr","locations":[{"start":{"line":123,"column":35},"end":{"line":123,"column":53}},{"start":{"line":123,"column":53},"end":{"line":123,"column":null}}],"line":123},"14":{"loc":{"start":{"line":124,"column":28},"end":{"line":124,"column":null}},"type":"cond-expr","locations":[{"start":{"line":124,"column":41},"end":{"line":124,"column":53}},{"start":{"line":124,"column":53},"end":{"line":124,"column":null}}],"line":124},"15":{"loc":{"start":{"line":125,"column":33},"end":{"line":125,"column":null}},"type":"binary-expr","locations":[{"start":{"line":125,"column":33},"end":{"line":125,"column":49}},{"start":{"line":125,"column":49},"end":{"line":125,"column":null}}],"line":125},"16":{"loc":{"start":{"line":126,"column":30},"end":{"line":126,"column":null}},"type":"binary-expr","locations":[{"start":{"line":126,"column":30},"end":{"line":126,"column":46}},{"start":{"line":126,"column":46},"end":{"line":126,"column":null}}],"line":126},"17":{"loc":{"start":{"line":127,"column":33},"end":{"line":127,"column":null}},"type":"binary-expr","locations":[{"start":{"line":127,"column":33},"end":{"line":127,"column":49}},{"start":{"line":127,"column":49},"end":{"line":127,"column":null}}],"line":127},"18":{"loc":{"start":{"line":131,"column":21},"end":{"line":147,"column":null}},"type":"cond-expr","locations":[{"start":{"line":132,"column":22},"end":{"line":147,"column":23}},{"start":{"line":147,"column":22},"end":{"line":147,"column":null}}],"line":131},"19":{"loc":{"start":{"line":138,"column":26},"end":{"line":138,"column":null}},"type":"binary-expr","locations":[{"start":{"line":138,"column":26},"end":{"line":138,"column":35}},{"start":{"line":138,"column":35},"end":{"line":138,"column":48}},{"start":{"line":138,"column":48},"end":{"line":138,"column":null}}],"line":138},"20":{"loc":{"start":{"line":139,"column":26},"end":{"line":139,"column":null}},"type":"binary-expr","locations":[{"start":{"line":139,"column":26},"end":{"line":139,"column":38}},{"start":{"line":139,"column":38},"end":{"line":139,"column":null}}],"line":139},"21":{"loc":{"start":{"line":140,"column":26},"end":{"line":140,"column":null}},"type":"binary-expr","locations":[{"start":{"line":140,"column":26},"end":{"line":140,"column":39}},{"start":{"line":140,"column":39},"end":{"line":140,"column":49}},{"start":{"line":140,"column":49},"end":{"line":140,"column":null}}],"line":140},"22":{"loc":{"start":{"line":141,"column":26},"end":{"line":141,"column":null}},"type":"binary-expr","locations":[{"start":{"line":141,"column":26},"end":{"line":141,"column":38}},{"start":{"line":141,"column":38},"end":{"line":141,"column":null}}],"line":141}},"s":{"0":2,"1":5,"2":5,"3":5,"4":5,"5":5,"6":0,"7":5,"8":0,"9":5,"10":5,"11":5,"12":5,"13":5,"14":5,"15":5,"16":1,"17":1,"18":0,"19":1,"20":0,"21":1,"22":0,"23":1,"24":5,"25":150,"26":5,"27":150,"28":150,"29":5,"30":150,"31":150,"32":0,"33":150,"34":0,"35":150,"36":5,"37":35,"38":25,"39":175,"40":175,"41":175,"42":175,"43":175,"44":175,"45":175,"46":1},"f":{"0":5,"1":5,"2":0,"3":0,"4":1,"5":150,"6":150,"7":150,"8":35,"9":25,"10":175,"11":1},"b":{"0":[5],"1":[1,4],"2":[0,1],"3":[1,0],"4":[0,1],"5":[1,0],"6":[0,1],"7":[150,150,150],"8":[150,150,150],"9":[0,150],"10":[150,0],"11":[0,150],"12":[150,0],"13":[175,165],"14":[150,25],"15":[175,150],"16":[175,150],"17":[175,150],"18":[150,25],"19":[150,5,1],"20":[150,5],"21":[150,145,144],"22":[150,0]},"meta":{"lastBranch":23,"lastFunction":12,"lastStatement":47,"seen":{"s:13:13:158:Infinity":0,"f:13:13:13:50":0,"b:15:17:15:Infinity":0,"s:21:52:21:Infinity":1,"s:22:23:22:Infinity":2,"b:22:55:22:73:22:73:22:Infinity":1,"s:24:42:26:Infinity":3,"f:24:48:24:Infinity":1,"s:25:10:25:Infinity":4,"s:28:8:30:Infinity":5,"f:28:8:28:26":2,"s:29:4:29:Infinity":6,"s:32:8:34:Infinity":7,"f:32:8:32:26":3,"s:33:4:33:Infinity":8,"s:36:15:36:Infinity":9,"s:37:16:37:Infinity":10,"s:39:24:39:Infinity":11,"s:40:22:40:Infinity":12,"s:42:21:42:Infinity":13,"s:43:21:46:Infinity":14,"s:48:8:57:Infinity":15,"f:48:8:48:28":4,"s:49:20:49:Infinity":16,"b:50:4:50:Infinity:undefined:undefined:undefined:undefined":2,"s:50:4:50:Infinity":17,"b:50:8:50:19:50:19:50:38":3,"s:50:38:50:Infinity":18,"b:51:4:51:Infinity:undefined:undefined:undefined:undefined":4,"s:51:4:51:Infinity":19,"b:51:8:51:19:51:19:51:38":5,"s:51:38:51:Infinity":20,"b:53:4:55:Infinity:undefined:undefined:undefined:undefined":6,"s:53:4:55:Infinity":21,"s:54:6:54:Infinity":22,"s:56:4:56:Infinity":23,"s:59:8:65:Infinity":24,"f:59:8:59:22":5,"s:60:4:63:Infinity":25,"b:61:6:61:Infinity:62:6:62:Infinity:63:6:63:Infinity":7,"s:67:8:74:Infinity":26,"f:67:8:67:19":6,"s:68:18:68:Infinity":27,"s:69:4:72:Infinity":28,"b:70:6:70:Infinity:71:6:71:Infinity:72:6:72:Infinity":8,"s:76:8:81:Infinity":29,"f:76:8:76:25":7,"s:77:14:77:Infinity":30,"b:78:4:78:Infinity:undefined:undefined:undefined:undefined":9,"s:78:4:78:Infinity":31,"b:78:8:78:19:78:19:78:95":10,"s:78:95:78:Infinity":32,"b:79:4:79:Infinity:undefined:undefined:undefined:undefined":11,"s:79:4:79:Infinity":33,"b:79:8:79:19:79:19:79:95":12,"s:79:95:79:Infinity":34,"s:80:4:80:Infinity":35,"s:83:2:156:Infinity":36,"f:111:24:111:29":8,"s:112:14:114:Infinity":37,"f:119:80:119:85":9,"s:120:12:152:Infinity":38,"f:121:41:121:46":10,"s:122:34:122:Infinity":39,"s:123:35:123:Infinity":40,"b:123:35:123:53:123:53:123:Infinity":13,"s:124:28:124:Infinity":41,"b:124:41:124:53:124:53:124:Infinity":14,"s:125:33:125:Infinity":42,"b:125:33:125:49:125:49:125:Infinity":15,"s:126:30:126:Infinity":43,"b:126:30:126:46:126:46:126:Infinity":16,"s:127:33:127:Infinity":44,"b:127:33:127:49:127:49:127:Infinity":17,"s:129:16:149:Infinity":45,"b:132:22:147:23:147:22:147:Infinity":18,"f:135:24:135:39":11,"s:135:39:135:Infinity":46,"b:138:26:138:35:138:35:138:48:138:48:138:Infinity":19,"b:139:26:139:38:139:38:139:Infinity":20,"b:140:26:140:39:140:39:140:49:140:49:140:Infinity":21,"b:141:26:141:38:141:38:141:Infinity":22},"fnNames":{}}}
,"E:\\qlxion\\qlxion-ui\\packages\\core-react\\src\\card\\card.tsx": {"path":"E:\\qlxion\\qlxion-ui\\packages\\core-react\\src\\card\\card.tsx","statementMap":{"0":{"start":{"line":9,"column":19},"end":{"line":13,"column":null}},"1":{"start":{"line":14,"column":18},"end":{"line":18,"column":null}},"2":{"start":{"line":19,"column":19},"end":{"line":22,"column":null}},"3":{"start":{"line":31,"column":20},"end":{"line":55,"column":null}},"4":{"start":{"line":43,"column":4},"end":{"line":55,"column":null}},"5":{"start":{"line":56,"column":0},"end":{"line":56,"column":null}}},"fnMap":{"0":{"name":"(anonymous_0)","decl":{"start":{"line":31,"column":26},"end":{"line":31,"column":null}},"loc":{"start":{"line":43,"column":4},"end":{"line":55,"column":null}},"line":43}},"branchMap":{"0":{"loc":{"start":{"line":35,"column":6},"end":{"line":35,"column":null}},"type":"default-arg","locations":[{"start":{"line":35,"column":16},"end":{"line":35,"column":null}}],"line":35},"1":{"loc":{"start":{"line":36,"column":10},"end":{"line":36,"column":null}},"type":"default-arg","locations":[{"start":{"line":36,"column":17},"end":{"line":36,"column":null}}],"line":36},"2":{"loc":{"start":{"line":37,"column":6},"end":{"line":37,"column":null}},"type":"default-arg","locations":[{"start":{"line":37,"column":16},"end":{"line":37,"column":null}}],"line":37},"3":{"loc":{"start":{"line":38,"column":6},"end":{"line":38,"column":null}},"type":"default-arg","locations":[{"start":{"line":38,"column":15},"end":{"line":38,"column":null}}],"line":38}},"s":{"0":1,"1":1,"2":1,"3":1,"4":9,"5":1},"f":{"0":9},"b":{"0":[9],"1":[9],"2":[9],"3":[9]},"meta":{"lastBranch":4,"lastFunction":1,"lastStatement":6,"seen":{"s:9:19:13:Infinity":0,"s:14:18:18:Infinity":1,"s:19:19:22:Infinity":2,"s:31:20:55:Infinity":3,"f:31:26:31:Infinity":0,"s:43:4:55:Infinity":4,"b:35:16:35:Infinity":0,"b:36:17:36:Infinity":1,"b:37:16:37:Infinity":2,"b:38:15:38:Infinity":3,"s:56:0:56:Infinity":5},"fnNames":{}}}
,"E:\\qlxion\\qlxion-ui\\packages\\core-react\\src\\data-table\\data-table.tsx": {"path":"E:\\qlxion\\qlxion-ui\\packages\\core-react\\src\\data-table\\data-table.tsx","statementMap":{"0":{"start":{"line":31,"column":2},"end":{"line":61,"column":null}},"1":{"start":{"line":37,"column":14},"end":{"line":37,"column":null}},"2":{"start":{"line":44,"column":14},"end":{"line":50,"column":null}},"3":{"start":{"line":46,"column":18},"end":{"line":48,"column":null}}},"fnMap":{"0":{"name":"DataTable","decl":{"start":{"line":24,"column":16},"end":{"line":24,"column":57}},"loc":{"start":{"line":30,"column":22},"end":{"line":63,"column":null}},"line":30},"1":{"name":"(anonymous_1)","decl":{"start":{"line":36,"column":21},"end":{"line":36,"column":26}},"loc":{"start":{"line":37,"column":14},"end":{"line":37,"column":null}},"line":37},"2":{"name":"(anonymous_2)","decl":{"start":{"line":43,"column":17},"end":{"line":43,"column":22}},"loc":{"start":{"line":44,"column":14},"end":{"line":50,"column":null}},"line":44},"3":{"name":"(anonymous_3)","decl":{"start":{"line":45,"column":25},"end":{"line":45,"column":30}},"loc":{"start":{"line":46,"column":18},"end":{"line":48,"column":null}},"line":46}},"branchMap":{"0":{"loc":{"start":{"line":27,"column":2},"end":{"line":27,"column":null}},"type":"default-arg","locations":[{"start":{"line":27,"column":17},"end":{"line":27,"column":null}}],"line":27},"1":{"loc":{"start":{"line":42,"column":11},"end":{"line":59,"column":null}},"type":"cond-expr","locations":[{"start":{"line":43,"column":12},"end":{"line":51,"column":null}},{"start":{"line":53,"column":12},"end":{"line":59,"column":null}}],"line":42},"2":{"loc":{"start":{"line":47,"column":21},"end":{"line":47,"column":null}},"type":"cond-expr","locations":[{"start":{"line":47,"column":32},"end":{"line":47,"column":53}},{"start":{"line":47,"column":53},"end":{"line":47,"column":null}}],"line":47}},"s":{"0":3,"1":6,"2":3,"3":8},"f":{"0":3,"1":6,"2":3,"3":8},"b":{"0":[3],"1":[2,1],"2":[0,8]},"meta":{"lastBranch":3,"lastFunction":4,"lastStatement":4,"seen":{"f:24:16:24:57":0,"b:27:17:27:Infinity":0,"s:31:2:61:Infinity":0,"f:36:21:36:26":1,"s:37:14:37:Infinity":1,"b:43:12:51:Infinity:53:12:59:Infinity":1,"f:43:17:43:22":2,"s:44:14:50:Infinity":2,"f:45:25:45:30":3,"s:46:18:48:Infinity":3,"b:47:32:47:53:47:53:47:Infinity":2},"fnNames":{}}}
,"E:\\qlxion\\qlxion-ui\\packages\\core-react\\src\\date-picker\\date-picker.tsx": {"path":"E:\\qlxion\\qlxion-ui\\packages\\core-react\\src\\date-picker\\date-picker.tsx","statementMap":{"0":{"start":{"line":22,"column":26},"end":{"line":22,"column":null}},"1":{"start":{"line":23,"column":52},"end":{"line":23,"column":null}},"2":{"start":{"line":24,"column":23},"end":{"line":24,"column":null}},"3":{"start":{"line":25,"column":23},"end":{"line":25,"column":null}},"4":{"start":{"line":27,"column":8},"end":{"line":33,"column":null}},"5":{"start":{"line":28,"column":4},"end":{"line":30,"column":null}},"6":{"start":{"line":29,"column":6},"end":{"line":29,"column":null}},"7":{"start":{"line":31,"column":4},"end":{"line":31,"column":null}},"8":{"start":{"line":32,"column":4},"end":{"line":32,"column":null}},"9":{"start":{"line":35,"column":8},"end":{"line":40,"column":null}},"10":{"start":{"line":36,"column":4},"end":{"line":36,"column":null}},"11":{"start":{"line":36,"column":12},"end":{"line":36,"column":null}},"12":{"start":{"line":37,"column":4},"end":{"line":39,"column":null}},"13":{"start":{"line":42,"column":2},"end":{"line":85,"column":null}},"14":{"start":{"line":47,"column":23},"end":{"line":47,"column":null}},"15":{"start":{"line":47,"column":41},"end":{"line":47,"column":46}}},"fnMap":{"0":{"name":"DatePicker","decl":{"start":{"line":14,"column":16},"end":{"line":14,"column":27}},"loc":{"start":{"line":21,"column":20},"end":{"line":87,"column":null}},"line":21},"1":{"name":"(anonymous_1)","decl":{"start":{"line":27,"column":8},"end":{"line":27,"column":24}},"loc":{"start":{"line":27,"column":39},"end":{"line":33,"column":null}},"line":27},"2":{"name":"(anonymous_2)","decl":{"start":{"line":35,"column":8},"end":{"line":35,"column":22}},"loc":{"start":{"line":35,"column":35},"end":{"line":40,"column":null}},"line":35},"3":{"name":"(anonymous_3)","decl":{"start":{"line":47,"column":8},"end":{"line":47,"column":23}},"loc":{"start":{"line":47,"column":23},"end":{"line":47,"column":null}},"line":47},"4":{"name":"(anonymous_4)","decl":{"start":{"line":47,"column":23},"end":{"line":47,"column":32}},"loc":{"start":{"line":47,"column":41},"end":{"line":47,"column":46}},"line":47}},"branchMap":{"0":{"loc":{"start":{"line":18,"column":2},"end":{"line":18,"column":null}},"type":"default-arg","locations":[{"start":{"line":18,"column":16},"end":{"line":18,"column":null}}],"line":18},"1":{"loc":{"start":{"line":20,"column":2},"end":{"line":20,"column":null}},"type":"default-arg","locations":[{"start":{"line":20,"column":13},"end":{"line":20,"column":null}}],"line":20},"2":{"loc":{"start":{"line":25,"column":23},"end":{"line":25,"column":null}},"type":"cond-expr","locations":[{"start":{"line":25,"column":38},"end":{"line":25,"column":56}},{"start":{"line":25,"column":56},"end":{"line":25,"column":null}}],"line":25},"3":{"loc":{"start":{"line":28,"column":4},"end":{"line":30,"column":null}},"type":"if","locations":[{"start":{"line":28,"column":4},"end":{"line":30,"column":null}},{"start":{},"end":{}}],"line":28},"4":{"loc":{"start":{"line":36,"column":4},"end":{"line":36,"column":null}},"type":"if","locations":[{"start":{"line":36,"column":4},"end":{"line":36,"column":null}},{"start":{},"end":{}}],"line":36},"5":{"loc":{"start":{"line":52,"column":10},"end":{"line":52,"column":null}},"type":"binary-expr","locations":[{"start":{"line":52,"column":10},"end":{"line":52,"column":27}},{"start":{"line":52,"column":27},"end":{"line":52,"column":null}}],"line":52},"6":{"loc":{"start":{"line":56,"column":15},"end":{"line":56,"column":75}},"type":"cond-expr","locations":[{"start":{"line":56,"column":30},"end":{"line":56,"column":57}},{"start":{"line":56,"column":57},"end":{"line":56,"column":75}}],"line":56},"7":{"loc":{"start":{"line":76,"column":7},"end":{"line":85,"column":null}},"type":"binary-expr","locations":[{"start":{"line":76,"column":7},"end":{"line":76,"column":null}},{"start":{"line":77,"column":8},"end":{"line":85,"column":null}}],"line":76}},"s":{"0":7,"1":7,"2":7,"3":7,"4":7,"5":0,"6":0,"7":0,"8":0,"9":7,"10":1,"11":0,"12":1,"13":7,"14":2,"15":2},"f":{"0":7,"1":0,"2":1,"3":2,"4":2},"b":{"0":[7],"1":[7],"2":[0,7],"3":[0,0],"4":[0,1],"5":[7,6],"6":[1,6],"7":[7,2]},"meta":{"lastBranch":8,"lastFunction":5,"lastStatement":16,"seen":{"f:14:16:14:27":0,"b:18:16:18:Infinity":0,"b:20:13:20:Infinity":1,"s:22:26:22:Infinity":0,"s:23:52:23:Infinity":1,"s:24:23:24:Infinity":2,"s:25:23:25:Infinity":3,"b:25:38:25:56:25:56:25:Infinity":2,"s:27:8:33:Infinity":4,"f:27:8:27:24":1,"b:28:4:30:Infinity:undefined:undefined:undefined:undefined":3,"s:28:4:30:Infinity":5,"s:29:6:29:Infinity":6,"s:31:4:31:Infinity":7,"s:32:4:32:Infinity":8,"s:35:8:40:Infinity":9,"f:35:8:35:22":2,"b:36:4:36:Infinity:undefined:undefined:undefined:undefined":4,"s:36:4:36:Infinity":10,"s:36:12:36:Infinity":11,"s:37:4:39:Infinity":12,"s:42:2:85:Infinity":13,"f:47:8:47:23":3,"s:47:23:47:Infinity":14,"f:47:23:47:32":4,"s:47:41:47:46":15,"b:52:10:52:27:52:27:52:Infinity":5,"b:56:30:56:57:56:57:56:75":6,"b:76:7:76:Infinity:77:8:85:Infinity":7},"fnNames":{}}}
,"E:\\qlxion\\qlxion-ui\\packages\\core-react\\src\\dialog\\dialog.tsx": {"path":"E:\\qlxion\\qlxion-ui\\packages\\core-react\\src\\dialog\\dialog.tsx","statementMap":{"0":{"start":{"line":9,"column":22},"end":{"line":9,"column":null}},"1":{"start":{"line":18,"column":6},"end":{"line":43,"column":null}},"2":{"start":{"line":24,"column":50},"end":{"line":24,"column":null}},"3":{"start":{"line":25,"column":23},"end":{"line":25,"column":null}},"4":{"start":{"line":26,"column":15},"end":{"line":26,"column":null}},"5":{"start":{"line":28,"column":18},"end":{"line":36,"column":null}},"6":{"start":{"line":30,"column":6},"end":{"line":32,"column":null}},"7":{"start":{"line":31,"column":8},"end":{"line":31,"column":null}},"8":{"start":{"line":33,"column":6},"end":{"line":33,"column":null}},"9":{"start":{"line":38,"column":2},"end":{"line":41,"column":null}},"10":{"start":{"line":45,"column":6},"end":{"line":51,"column":null}},"11":{"start":{"line":46,"column":18},"end":{"line":46,"column":null}},"12":{"start":{"line":47,"column":2},"end":{"line":49,"column":null}},"13":{"start":{"line":48,"column":4},"end":{"line":48,"column":null}},"14":{"start":{"line":50,"column":2},"end":{"line":50,"column":null}},"15":{"start":{"line":53,"column":22},"end":{"line":70,"column":null}},"16":{"start":{"line":57,"column":22},"end":{"line":57,"column":null}},"17":{"start":{"line":58,"column":2},"end":{"line":68,"column":null}},"18":{"start":{"line":63,"column":8},"end":{"line":63,"column":null}},"19":{"start":{"line":64,"column":8},"end":{"line":64,"column":null}},"20":{"start":{"line":71,"column":0},"end":{"line":71,"column":null}},"21":{"start":{"line":73,"column":22},"end":{"line":123,"column":null}},"22":{"start":{"line":77,"column":28},"end":{"line":77,"column":null}},"23":{"start":{"line":79,"column":2},"end":{"line":87,"column":null}},"24":{"start":{"line":80,"column":10},"end":{"line":84,"column":null}},"25":{"start":{"line":81,"column":6},"end":{"line":83,"column":null}},"26":{"start":{"line":82,"column":8},"end":{"line":82,"column":null}},"27":{"start":{"line":85,"column":4},"end":{"line":85,"column":null}},"28":{"start":{"line":86,"column":4},"end":{"line":86,"column":null}},"29":{"start":{"line":86,"column":17},"end":{"line":86,"column":null}},"30":{"start":{"line":89,"column":2},"end":{"line":89,"column":null}},"31":{"start":{"line":89,"column":13},"end":{"line":89,"column":null}},"32":{"start":{"line":91,"column":2},"end":{"line":121,"column":null}},"33":{"start":{"line":95,"column":23},"end":{"line":95,"column":null}},"34":{"start":{"line":112,"column":25},"end":{"line":112,"column":null}},"35":{"start":{"line":124,"column":0},"end":{"line":124,"column":null}},"36":{"start":{"line":126,"column":6},"end":{"line":136,"column":null}},"37":{"start":{"line":130,"column":2},"end":{"line":136,"column":null}},"38":{"start":{"line":138,"column":0},"end":{"line":138,"column":null}},"39":{"start":{"line":140,"column":6},"end":{"line":150,"column":null}},"40":{"start":{"line":144,"column":2},"end":{"line":150,"column":null}},"41":{"start":{"line":152,"column":0},"end":{"line":152,"column":null}},"42":{"start":{"line":154,"column":20},"end":{"line":166,"column":null}},"43":{"start":{"line":158,"column":2},"end":{"line":166,"column":null}},"44":{"start":{"line":167,"column":0},"end":{"line":167,"column":null}},"45":{"start":{"line":169,"column":26},"end":{"line":178,"column":null}},"46":{"start":{"line":173,"column":2},"end":{"line":178,"column":null}},"47":{"start":{"line":179,"column":0},"end":{"line":179,"column":null}},"48":{"start":{"line":181,"column":20},"end":{"line":197,"column":null}},"49":{"start":{"line":185,"column":22},"end":{"line":185,"column":null}},"50":{"start":{"line":186,"column":2},"end":{"line":195,"column":null}},"51":{"start":{"line":191,"column":8},"end":{"line":191,"column":null}},"52":{"start":{"line":192,"column":8},"end":{"line":192,"column":null}},"53":{"start":{"line":198,"column":0},"end":{"line":198,"column":null}}},"fnMap":{"0":{"name":"(anonymous_0)","decl":{"start":{"line":18,"column":6},"end":{"line":18,"column":39}},"loc":{"start":{"line":23,"column":6},"end":{"line":43,"column":null}},"line":23},"1":{"name":"(anonymous_1)","decl":{"start":{"line":28,"column":24},"end":{"line":28,"column":null}},"loc":{"start":{"line":29,"column":24},"end":{"line":34,"column":null}},"line":29},"2":{"name":"(anonymous_2)","decl":{"start":{"line":45,"column":6},"end":{"line":45,"column":24}},"loc":{"start":{"line":45,"column":24},"end":{"line":51,"column":null}},"line":45},"3":{"name":"(anonymous_3)","decl":{"start":{"line":53,"column":28},"end":{"line":53,"column":null}},"loc":{"start":{"line":56,"column":34},"end":{"line":70,"column":1}},"line":56},"4":{"name":"(anonymous_4)","decl":{"start":{"line":62,"column":6},"end":{"line":62,"column":16}},"loc":{"start":{"line":62,"column":22},"end":{"line":65,"column":null}},"line":62},"5":{"name":"(anonymous_5)","decl":{"start":{"line":73,"column":28},"end":{"line":73,"column":null}},"loc":{"start":{"line":76,"column":71},"end":{"line":123,"column":1}},"line":76},"6":{"name":"(anonymous_6)","decl":{"start":{"line":79,"column":8},"end":{"line":79,"column":24}},"loc":{"start":{"line":79,"column":24},"end":{"line":87,"column":5}},"line":79},"7":{"name":"(anonymous_7)","decl":{"start":{"line":80,"column":10},"end":{"line":80,"column":27}},"loc":{"start":{"line":80,"column":48},"end":{"line":84,"column":null}},"line":80},"8":{"name":"(anonymous_8)","decl":{"start":{"line":86,"column":4},"end":{"line":86,"column":17}},"loc":{"start":{"line":86,"column":17},"end":{"line":86,"column":null}},"line":86},"9":{"name":"(anonymous_9)","decl":{"start":{"line":95,"column":8},"end":{"line":95,"column":23}},"loc":{"start":{"line":95,"column":23},"end":{"line":95,"column":null}},"line":95},"10":{"name":"(anonymous_10)","decl":{"start":{"line":112,"column":10},"end":{"line":112,"column":25}},"loc":{"start":{"line":112,"column":25},"end":{"line":112,"column":null}},"line":112},"11":{"name":"(anonymous_11)","decl":{"start":{"line":126,"column":6},"end":{"line":126,"column":22}},"loc":{"start":{"line":130,"column":2},"end":{"line":136,"column":null}},"line":130},"12":{"name":"(anonymous_12)","decl":{"start":{"line":140,"column":6},"end":{"line":140,"column":22}},"loc":{"start":{"line":144,"column":2},"end":{"line":150,"column":null}},"line":144},"13":{"name":"(anonymous_13)","decl":{"start":{"line":154,"column":26},"end":{"line":154,"column":null}},"loc":{"start":{"line":158,"column":2},"end":{"line":166,"column":null}},"line":158},"14":{"name":"(anonymous_14)","decl":{"start":{"line":169,"column":32},"end":{"line":169,"column":null}},"loc":{"start":{"line":173,"column":2},"end":{"line":178,"column":null}},"line":173},"15":{"name":"(anonymous_15)","decl":{"start":{"line":181,"column":26},"end":{"line":181,"column":null}},"loc":{"start":{"line":184,"column":34},"end":{"line":197,"column":1}},"line":184},"16":{"name":"(anonymous_16)","decl":{"start":{"line":190,"column":6},"end":{"line":190,"column":16}},"loc":{"start":{"line":190,"column":22},"end":{"line":193,"column":null}},"line":190}},"branchMap":{"0":{"loc":{"start":{"line":20,"column":2},"end":{"line":20,"column":null}},"type":"default-arg","locations":[{"start":{"line":20,"column":16},"end":{"line":20,"column":null}}],"line":20},"1":{"loc":{"start":{"line":26,"column":15},"end":{"line":26,"column":null}},"type":"cond-expr","locations":[{"start":{"line":26,"column":30},"end":{"line":26,"column":47}},{"start":{"line":26,"column":47},"end":{"line":26,"column":null}}],"line":26},"2":{"loc":{"start":{"line":30,"column":6},"end":{"line":32,"column":null}},"type":"if","locations":[{"start":{"line":30,"column":6},"end":{"line":32,"column":null}},{"start":{},"end":{}}],"line":30},"3":{"loc":{"start":{"line":47,"column":2},"end":{"line":49,"column":null}},"type":"if","locations":[{"start":{"line":47,"column":2},"end":{"line":49,"column":null}},{"start":{},"end":{}}],"line":47},"4":{"loc":{"start":{"line":81,"column":6},"end":{"line":83,"column":null}},"type":"if","locations":[{"start":{"line":81,"column":6},"end":{"line":83,"column":null}},{"start":{},"end":{}}],"line":81},"5":{"loc":{"start":{"line":81,"column":10},"end":{"line":81,"column":38}},"type":"binary-expr","locations":[{"start":{"line":81,"column":10},"end":{"line":81,"column":32}},{"start":{"line":81,"column":32},"end":{"line":81,"column":38}}],"line":81},"6":{"loc":{"start":{"line":89,"column":2},"end":{"line":89,"column":null}},"type":"if","locations":[{"start":{"line":89,"column":2},"end":{"line":89,"column":null}},{"start":{},"end":{}}],"line":89},"7":{"loc":{"start":{"line":102,"column":20},"end":{"line":102,"column":null}},"type":"binary-expr","locations":[{"start":{"line":102,"column":20},"end":{"line":102,"column":33}},{"start":{"line":102,"column":33},"end":{"line":102,"column":null}}],"line":102}},"s":{"0":2,"1":2,"2":6,"3":6,"4":6,"5":6,"6":2,"7":2,"8":2,"9":6,"10":2,"11":11,"12":11,"13":0,"14":11,"15":2,"16":5,"17":5,"18":2,"19":2,"20":2,"21":2,"22":6,"23":6,"24":6,"25":0,"26":0,"27":6,"28":6,"29":2,"30":6,"31":3,"32":3,"33":0,"34":0,"35":2,"36":2,"37":0,"38":2,"39":2,"40":0,"41":2,"42":2,"43":3,"44":2,"45":2,"46":3,"47":2,"48":2,"49":0,"50":0,"51":0,"52":0,"53":2},"f":{"0":6,"1":2,"2":11,"3":5,"4":2,"5":6,"6":6,"7":0,"8":2,"9":0,"10":0,"11":0,"12":0,"13":3,"14":3,"15":0,"16":0},"b":{"0":[6],"1":[0,6],"2":[2,0],"3":[0,11],"4":[0,0],"5":[0,0],"6":[3,3],"7":[3,3]},"meta":{"lastBranch":8,"lastFunction":17,"lastStatement":54,"seen":{"s:9:22:9:Infinity":0,"s:18:6:43:Infinity":1,"f:18:6:18:39":0,"b:20:16:20:Infinity":0,"s:24:50:24:Infinity":2,"s:25:23:25:Infinity":3,"s:26:15:26:Infinity":4,"b:26:30:26:47:26:47:26:Infinity":1,"s:28:18:36:Infinity":5,"f:28:24:28:Infinity":1,"b:30:6:32:Infinity:undefined:undefined:undefined:undefined":2,"s:30:6:32:Infinity":6,"s:31:8:31:Infinity":7,"s:33:6:33:Infinity":8,"s:38:2:41:Infinity":9,"s:45:6:51:Infinity":10,"f:45:6:45:24":2,"s:46:18:46:Infinity":11,"b:47:2:49:Infinity:undefined:undefined:undefined:undefined":3,"s:47:2:49:Infinity":12,"s:48:4:48:Infinity":13,"s:50:2:50:Infinity":14,"s:53:22:70:Infinity":15,"f:53:28:53:Infinity":3,"s:57:22:57:Infinity":16,"s:58:2:68:Infinity":17,"f:62:6:62:16":4,"s:63:8:63:Infinity":18,"s:64:8:64:Infinity":19,"s:71:0:71:Infinity":20,"s:73:22:123:Infinity":21,"f:73:28:73:Infinity":5,"s:77:28:77:Infinity":22,"s:79:2:87:Infinity":23,"f:79:8:79:24":6,"s:80:10:84:Infinity":24,"f:80:10:80:27":7,"b:81:6:83:Infinity:undefined:undefined:undefined:undefined":4,"s:81:6:83:Infinity":25,"b:81:10:81:32:81:32:81:38":5,"s:82:8:82:Infinity":26,"s:85:4:85:Infinity":27,"s:86:4:86:Infinity":28,"f:86:4:86:17":8,"s:86:17:86:Infinity":29,"b:89:2:89:Infinity:undefined:undefined:undefined:undefined":6,"s:89:2:89:Infinity":30,"s:89:13:89:Infinity":31,"s:91:2:121:Infinity":32,"f:95:8:95:23":9,"s:95:23:95:Infinity":33,"b:102:20:102:33:102:33:102:Infinity":7,"f:112:10:112:25":10,"s:112:25:112:Infinity":34,"s:124:0:124:Infinity":35,"s:126:6:136:Infinity":36,"f:126:6:126:22":11,"s:130:2:136:Infinity":37,"s:138:0:138:Infinity":38,"s:140:6:150:Infinity":39,"f:140:6:140:22":12,"s:144:2:150:Infinity":40,"s:152:0:152:Infinity":41,"s:154:20:166:Infinity":42,"f:154:26:154:Infinity":13,"s:158:2:166:Infinity":43,"s:167:0:167:Infinity":44,"s:169:26:178:Infinity":45,"f:169:32:169:Infinity":14,"s:173:2:178:Infinity":46,"s:179:0:179:Infinity":47,"s:181:20:197:Infinity":48,"f:181:26:181:Infinity":15,"s:185:22:185:Infinity":49,"s:186:2:195:Infinity":50,"f:190:6:190:16":16,"s:191:8:191:Infinity":51,"s:192:8:192:Infinity":52,"s:198:0:198:Infinity":53},"fnNames":{}}}
,"E:\\qlxion\\qlxion-ui\\packages\\core-react\\src\\dropdown\\dropdown.tsx": {"path":"E:\\qlxion\\qlxion-ui\\packages\\core-react\\src\\dropdown\\dropdown.tsx","statementMap":{"0":{"start":{"line":11,"column":24},"end":{"line":11,"column":null}},"1":{"start":{"line":22,"column":13},"end":{"line":54,"column":null}},"2":{"start":{"line":30,"column":50},"end":{"line":30,"column":null}},"3":{"start":{"line":31,"column":54},"end":{"line":31,"column":null}},"4":{"start":{"line":32,"column":15},"end":{"line":32,"column":null}},"5":{"start":{"line":33,"column":25},"end":{"line":33,"column":null}},"6":{"start":{"line":35,"column":18},"end":{"line":38,"column":null}},"7":{"start":{"line":36,"column":4},"end":{"line":36,"column":null}},"8":{"start":{"line":36,"column":32},"end":{"line":36,"column":null}},"9":{"start":{"line":37,"column":4},"end":{"line":37,"column":null}},"10":{"start":{"line":40,"column":22},"end":{"line":47,"column":null}},"11":{"start":{"line":41,"column":17},"end":{"line":43,"column":null}},"12":{"start":{"line":42,"column":37},"end":{"line":42,"column":46}},"13":{"start":{"line":44,"column":4},"end":{"line":44,"column":null}},"14":{"start":{"line":44,"column":31},"end":{"line":44,"column":null}},"15":{"start":{"line":45,"column":4},"end":{"line":45,"column":null}},"16":{"start":{"line":46,"column":4},"end":{"line":46,"column":null}},"17":{"start":{"line":46,"column":19},"end":{"line":46,"column":null}},"18":{"start":{"line":49,"column":2},"end":{"line":52,"column":null}},"19":{"start":{"line":56,"column":31},"end":{"line":79,"column":null}},"20":{"start":{"line":58,"column":16},"end":{"line":58,"column":null}},"21":{"start":{"line":59,"column":4},"end":{"line":76,"column":null}},"22":{"start":{"line":66,"column":10},"end":{"line":66,"column":null}},"23":{"start":{"line":67,"column":10},"end":{"line":67,"column":null}},"24":{"start":{"line":80,"column":0},"end":{"line":80,"column":null}},"25":{"start":{"line":82,"column":31},"end":{"line":100,"column":null}},"26":{"start":{"line":84,"column":16},"end":{"line":84,"column":null}},"27":{"start":{"line":85,"column":4},"end":{"line":85,"column":null}},"28":{"start":{"line":85,"column":20},"end":{"line":85,"column":null}},"29":{"start":{"line":86,"column":4},"end":{"line":97,"column":null}},"30":{"start":{"line":101,"column":0},"end":{"line":101,"column":null}},"31":{"start":{"line":109,"column":28},"end":{"line":135,"column":null}},"32":{"start":{"line":111,"column":16},"end":{"line":111,"column":null}},"33":{"start":{"line":112,"column":4},"end":{"line":132,"column":null}},"34":{"start":{"line":118,"column":10},"end":{"line":118,"column":null}},"35":{"start":{"line":118,"column":24},"end":{"line":118,"column":null}},"36":{"start":{"line":119,"column":10},"end":{"line":119,"column":null}},"37":{"start":{"line":119,"column":21},"end":{"line":119,"column":null}},"38":{"start":{"line":120,"column":10},"end":{"line":120,"column":null}},"39":{"start":{"line":121,"column":10},"end":{"line":121,"column":null}},"40":{"start":{"line":122,"column":10},"end":{"line":122,"column":null}},"41":{"start":{"line":122,"column":22},"end":{"line":122,"column":null}},"42":{"start":{"line":136,"column":0},"end":{"line":136,"column":null}},"43":{"start":{"line":138,"column":36},"end":{"line":149,"column":null}},"44":{"start":{"line":140,"column":16},"end":{"line":140,"column":null}},"45":{"start":{"line":141,"column":22},"end":{"line":141,"column":null}},"46":{"start":{"line":142,"column":4},"end":{"line":146,"column":null}},"47":{"start":{"line":150,"column":0},"end":{"line":150,"column":null}}},"fnMap":{"0":{"name":"(anonymous_0)","decl":{"start":{"line":22,"column":13},"end":{"line":22,"column":50}},"loc":{"start":{"line":29,"column":6},"end":{"line":54,"column":null}},"line":29},"1":{"name":"(anonymous_1)","decl":{"start":{"line":35,"column":24},"end":{"line":35,"column":37}},"loc":{"start":{"line":35,"column":55},"end":{"line":38,"column":5}},"line":35},"2":{"name":"(anonymous_2)","decl":{"start":{"line":40,"column":28},"end":{"line":40,"column":41}},"loc":{"start":{"line":40,"column":57},"end":{"line":47,"column":5}},"line":40},"3":{"name":"(anonymous_3)","decl":{"start":{"line":42,"column":23},"end":{"line":42,"column":31}},"loc":{"start":{"line":42,"column":37},"end":{"line":42,"column":46}},"line":42},"4":{"name":"(anonymous_4)","decl":{"start":{"line":56,"column":37},"end":{"line":56,"column":null}},"loc":{"start":{"line":57,"column":55},"end":{"line":78,"column":null}},"line":57},"5":{"name":"(anonymous_5)","decl":{"start":{"line":65,"column":8},"end":{"line":65,"column":18}},"loc":{"start":{"line":65,"column":24},"end":{"line":68,"column":null}},"line":65},"6":{"name":"(anonymous_6)","decl":{"start":{"line":82,"column":37},"end":{"line":82,"column":null}},"loc":{"start":{"line":83,"column":46},"end":{"line":99,"column":null}},"line":83},"7":{"name":"(anonymous_7)","decl":{"start":{"line":109,"column":34},"end":{"line":109,"column":null}},"loc":{"start":{"line":110,"column":90},"end":{"line":134,"column":null}},"line":110},"8":{"name":"(anonymous_8)","decl":{"start":{"line":117,"column":8},"end":{"line":117,"column":18}},"loc":{"start":{"line":117,"column":24},"end":{"line":123,"column":null}},"line":117},"9":{"name":"(anonymous_9)","decl":{"start":{"line":138,"column":42},"end":{"line":138,"column":null}},"loc":{"start":{"line":139,"column":62},"end":{"line":148,"column":null}},"line":139}},"branchMap":{"0":{"loc":{"start":{"line":25,"column":2},"end":{"line":25,"column":null}},"type":"default-arg","locations":[{"start":{"line":25,"column":13},"end":{"line":25,"column":null}}],"line":25},"1":{"loc":{"start":{"line":32,"column":15},"end":{"line":32,"column":null}},"type":"cond-expr","locations":[{"start":{"line":32,"column":40},"end":{"line":32,"column":51}},{"start":{"line":32,"column":51},"end":{"line":32,"column":null}}],"line":32},"2":{"loc":{"start":{"line":33,"column":25},"end":{"line":33,"column":null}},"type":"cond-expr","locations":[{"start":{"line":33,"column":49},"end":{"line":33,"column":59}},{"start":{"line":33,"column":59},"end":{"line":33,"column":null}}],"line":33},"3":{"loc":{"start":{"line":36,"column":4},"end":{"line":36,"column":null}},"type":"if","locations":[{"start":{"line":36,"column":4},"end":{"line":36,"column":null}},{"start":{},"end":{}}],"line":36},"4":{"loc":{"start":{"line":41,"column":17},"end":{"line":43,"column":null}},"type":"cond-expr","locations":[{"start":{"line":42,"column":8},"end":{"line":42,"column":null}},{"start":{"line":43,"column":8},"end":{"line":43,"column":null}}],"line":41},"5":{"loc":{"start":{"line":44,"column":4},"end":{"line":44,"column":null}},"type":"if","locations":[{"start":{"line":44,"column":4},"end":{"line":44,"column":null}},{"start":{},"end":{}}],"line":44},"6":{"loc":{"start":{"line":46,"column":4},"end":{"line":46,"column":null}},"type":"if","locations":[{"start":{"line":46,"column":4},"end":{"line":46,"column":null}},{"start":{},"end":{}}],"line":46},"7":{"loc":{"start":{"line":85,"column":4},"end":{"line":85,"column":null}},"type":"if","locations":[{"start":{"line":85,"column":4},"end":{"line":85,"column":null}},{"start":{},"end":{}}],"line":85},"8":{"loc":{"start":{"line":110,"column":23},"end":{"line":110,"column":41}},"type":"default-arg","locations":[{"start":{"line":110,"column":34},"end":{"line":110,"column":41}}],"line":110},"9":{"loc":{"start":{"line":118,"column":10},"end":{"line":118,"column":null}},"type":"if","locations":[{"start":{"line":118,"column":10},"end":{"line":118,"column":null}},{"start":{},"end":{}}],"line":118},"10":{"loc":{"start":{"line":119,"column":10},"end":{"line":119,"column":null}},"type":"if","locations":[{"start":{"line":119,"column":10},"end":{"line":119,"column":null}},{"start":{},"end":{}}],"line":119},"11":{"loc":{"start":{"line":122,"column":10},"end":{"line":122,"column":null}},"type":"if","locations":[{"start":{"line":122,"column":10},"end":{"line":122,"column":null}},{"start":{},"end":{}}],"line":122},"12":{"loc":{"start":{"line":126,"column":10},"end":{"line":126,"column":null}},"type":"binary-expr","locations":[{"start":{"line":126,"column":10},"end":{"line":126,"column":22}},{"start":{"line":126,"column":22},"end":{"line":126,"column":null}}],"line":126},"13":{"loc":{"start":{"line":141,"column":22},"end":{"line":141,"column":null}},"type":"cond-expr","locations":[{"start":{"line":141,"column":46},"end":{"line":141,"column":57}},{"start":{"line":141,"column":57},"end":{"line":141,"column":null}}],"line":141},"14":{"loc":{"start":{"line":141,"column":57},"end":{"line":141,"column":null}},"type":"cond-expr","locations":[{"start":{"line":141,"column":65},"end":{"line":141,"column":103}},{"start":{"line":141,"column":103},"end":{"line":141,"column":null}}],"line":141},"15":{"loc":{"start":{"line":144,"column":9},"end":{"line":145,"column":null}},"type":"binary-expr","locations":[{"start":{"line":144,"column":9},"end":{"line":144,"column":22}},{"start":{"line":144,"column":22},"end":{"line":145,"column":null}}],"line":144}},"s":{"0":1,"1":1,"2":3,"3":3,"4":3,"5":3,"6":3,"7":1,"8":1,"9":1,"10":3,"11":0,"12":0,"13":0,"14":0,"15":0,"16":0,"17":0,"18":3,"19":1,"20":3,"21":3,"22":1,"23":1,"24":1,"25":1,"26":3,"27":3,"28":2,"29":1,"30":1,"31":1,"32":1,"33":1,"34":0,"35":0,"36":0,"37":0,"38":0,"39":0,"40":0,"41":0,"42":1,"43":1,"44":0,"45":0,"46":0,"47":1},"f":{"0":3,"1":1,"2":0,"3":0,"4":3,"5":1,"6":3,"7":1,"8":0,"9":0},"b":{"0":[3],"1":[0,3],"2":[0,3],"3":[1,0],"4":[0,0],"5":[0,0],"6":[0,0],"7":[2,1],"8":[1],"9":[0,0],"10":[0,0],"11":[0,0],"12":[1,0],"13":[0,0],"14":[0,0],"15":[0,0]},"meta":{"lastBranch":16,"lastFunction":10,"lastStatement":48,"seen":{"s:11:24:11:Infinity":0,"s:22:13:54:Infinity":1,"f:22:13:22:50":0,"b:25:13:25:Infinity":0,"s:30:50:30:Infinity":2,"s:31:54:31:Infinity":3,"s:32:15:32:Infinity":4,"b:32:40:32:51:32:51:32:Infinity":1,"s:33:25:33:Infinity":5,"b:33:49:33:59:33:59:33:Infinity":2,"s:35:18:38:Infinity":6,"f:35:24:35:37":1,"b:36:4:36:Infinity:undefined:undefined:undefined:undefined":3,"s:36:4:36:Infinity":7,"s:36:32:36:Infinity":8,"s:37:4:37:Infinity":9,"s:40:22:47:Infinity":10,"f:40:28:40:41":2,"s:41:17:43:Infinity":11,"b:42:8:42:Infinity:43:8:43:Infinity":4,"f:42:23:42:31":3,"s:42:37:42:46":12,"b:44:4:44:Infinity:undefined:undefined:undefined:undefined":5,"s:44:4:44:Infinity":13,"s:44:31:44:Infinity":14,"s:45:4:45:Infinity":15,"b:46:4:46:Infinity:undefined:undefined:undefined:undefined":6,"s:46:4:46:Infinity":16,"s:46:19:46:Infinity":17,"s:49:2:52:Infinity":18,"s:56:31:79:Infinity":19,"f:56:37:56:Infinity":4,"s:58:16:58:Infinity":20,"s:59:4:76:Infinity":21,"f:65:8:65:18":5,"s:66:10:66:Infinity":22,"s:67:10:67:Infinity":23,"s:80:0:80:Infinity":24,"s:82:31:100:Infinity":25,"f:82:37:82:Infinity":6,"s:84:16:84:Infinity":26,"b:85:4:85:Infinity:undefined:undefined:undefined:undefined":7,"s:85:4:85:Infinity":27,"s:85:20:85:Infinity":28,"s:86:4:97:Infinity":29,"s:101:0:101:Infinity":30,"s:109:28:135:Infinity":31,"f:109:34:109:Infinity":7,"b:110:34:110:41":8,"s:111:16:111:Infinity":32,"s:112:4:132:Infinity":33,"f:117:8:117:18":8,"b:118:10:118:Infinity:undefined:undefined:undefined:undefined":9,"s:118:10:118:Infinity":34,"s:118:24:118:Infinity":35,"b:119:10:119:Infinity:undefined:undefined:undefined:undefined":10,"s:119:10:119:Infinity":36,"s:119:21:119:Infinity":37,"s:120:10:120:Infinity":38,"s:121:10:121:Infinity":39,"b:122:10:122:Infinity:undefined:undefined:undefined:undefined":11,"s:122:10:122:Infinity":40,"s:122:22:122:Infinity":41,"b:126:10:126:22:126:22:126:Infinity":12,"s:136:0:136:Infinity":42,"s:138:36:149:Infinity":43,"f:138:42:138:Infinity":9,"s:140:16:140:Infinity":44,"s:141:22:141:Infinity":45,"b:141:46:141:57:141:57:141:Infinity":13,"b:141:65:141:103:141:103:141:Infinity":14,"s:142:4:146:Infinity":46,"b:144:9:144:22:144:22:145:Infinity":15,"s:150:0:150:Infinity":47},"fnNames":{}}}
[...]
\toggle\\toggle.tsx": {"path":"E:\\qlxion\\qlxion-ui\\packages\\core-react\\src\\toggle\\toggle.tsx","statementMap":{"0":{"start":{"line":4,"column":23},"end":{"line":23,"column":null}},"1":{"start":{"line":37,"column":15},"end":{"line":82,"column":null}},"2":{"start":{"line":51,"column":58},"end":{"line":51,"column":null}},"3":{"start":{"line":52,"column":25},"end":{"line":52,"column":null}},"4":{"start":{"line":53,"column":22},"end":{"line":53,"column":null}},"5":{"start":{"line":55,"column":10},"end":{"line":63,"column":null}},"6":{"start":{"line":56,"column":6},"end":{"line":56,"column":null}},"7":{"start":{"line":57,"column":6},"end":{"line":57,"column":null}},"8":{"start":{"line":57,"column":20},"end":{"line":57,"column":null}},"9":{"start":{"line":58,"column":19},"end":{"line":58,"column":null}},"10":{"start":{"line":59,"column":6},"end":{"line":61,"column":null}},"11":{"start":{"line":60,"column":8},"end":{"line":60,"column":null}},"12":{"start":{"line":62,"column":6},"end":{"line":62,"column":null}},"13":{"start":{"line":65,"column":4},"end":{"line":79,"column":null}},"14":{"start":{"line":83,"column":0},"end":{"line":83,"column":null}}},"fnMap":{"0":{"name":"(anonymous_0)","decl":{"start":{"line":37,"column":21},"end":{"line":37,"column":null}},"loc":{"start":{"line":50,"column":7},"end":{"line":81,"column":null}},"line":50},"1":{"name":"(anonymous_1)","decl":{"start":{"line":55,"column":10},"end":{"line":55,"column":25}},"loc":{"start":{"line":55,"column":68},"end":{"line":63,"column":null}},"line":55}},"branchMap":{"0":{"loc":{"start":{"line":42,"column":6},"end":{"line":42,"column":null}},"type":"default-arg","locations":[{"start":{"line":42,"column":23},"end":{"line":42,"column":null}}],"line":42},"1":{"loc":{"start":{"line":44,"column":6},"end":{"line":44,"column":null}},"type":"default-arg","locations":[{"start":{"line":44,"column":16},"end":{"line":44,"column":null}}],"line":44},"2":{"loc":{"start":{"line":45,"column":6},"end":{"line":45,"column":null}},"type":"default-arg","locations":[{"start":{"line":45,"column":13},"end":{"line":45,"column":null}}],"line":45},"3":{"loc":{"start":{"line":53,"column":22},"end":{"line":53,"column":null}},"type":"cond-expr","locations":[{"start":{"line":53,"column":37},"end":{"line":53,"column":57}},{"start":{"line":53,"column":57},"end":{"line":53,"column":null}}],"line":53},"4":{"loc":{"start":{"line":57,"column":6},"end":{"line":57,"column":null}},"type":"if","locations":[{"start":{"line":57,"column":6},"end":{"line":57,"column":null}},{"start":{},"end":{}}],"line":57},"5":{"loc":{"start":{"line":59,"column":6},"end":{"line":61,"column":null}},"type":"if","locations":[{"start":{"line":59,"column":6},"end":{"line":61,"column":null}},{"start":{},"end":{}}],"line":59},"6":{"loc":{"start":{"line":69,"column":20},"end":{"line":69,"column":null}},"type":"cond-expr","locations":[{"start":{"line":69,"column":32},"end":{"line":69,"column":39}},{"start":{"line":69,"column":39},"end":{"line":69,"column":null}}],"line":69},"7":{"loc":{"start":{"line":75,"column":10},"end":{"line":75,"column":null}},"type":"binary-expr","locations":[{"start":{"line":75,"column":10},"end":{"line":75,"column":23}},{"start":{"line":75,"column":23},"end":{"line":75,"column":null}}],"line":75}},"s":{"0":2,"1":2,"2":24,"3":24,"4":24,"5":24,"6":5,"7":5,"8":0,"9":5,"10":5,"11":1,"12":5,"13":24,"14":2},"f":{"0":24,"1":5},"b":{"0":[24],"1":[24],"2":[24],"3":[16,8],"4":[0,5],"5":[1,4],"6":[7,17],"7":[24,7]},"meta":{"lastBranch":8,"lastFunction":2,"lastStatement":15,"seen":{"s:4:23:23:Infinity":0,"s:37:15:82:Infinity":1,"f:37:21:37:Infinity":0,"b:42:23:42:Infinity":0,"b:44:16:44:Infinity":1,"b:45:13:45:Infinity":2,"s:51:58:51:Infinity":2,"s:52:25:52:Infinity":3,"s:53:22:53:Infinity":4,"b:53:37:53:57:53:57:53:Infinity":3,"s:55:10:63:Infinity":5,"f:55:10:55:25":1,"s:56:6:56:Infinity":6,"b:57:6:57:Infinity:undefined:undefined:undefined:undefined":4,"s:57:6:57:Infinity":7,"s:57:20:57:Infinity":8,"s:58:19:58:Infinity":9,"b:59:6:61:Infinity:undefined:undefined:undefined:undefined":5,"s:59:6:61:Infinity":10,"s:60:8:60:Infinity":11,"s:62:6:62:Infinity":12,"s:65:4:79:Infinity":13,"b:69:32:69:39:69:39:69:Infinity":6,"b:75:10:75:23:75:23:75:Infinity":7,"s:83:0:83:Infinity":14},"fnNames":{}}}
,"E:\\qlxion\\qlxion-ui\\packages\\core-react\\src\\toggle-group\\toggle-group.tsx": {"path":"E:\\qlxion\\qlxion-ui\\packages\\core-react\\src\\toggle-group\\toggle-group.tsx","statementMap":{"0":{"start":{"line":13,"column":27},"end":{"line":13,"column":null}},"1":{"start":{"line":24,"column":20},"end":{"line":78,"column":null}},"2":{"start":{"line":39,"column":54},"end":{"line":41,"column":null}},"3":{"start":{"line":42,"column":25},"end":{"line":42,"column":null}},"4":{"start":{"line":43,"column":25},"end":{"line":43,"column":null}},"5":{"start":{"line":45,"column":10},"end":{"line":63,"column":null}},"6":{"start":{"line":47,"column":6},"end":{"line":58,"column":null}},"7":{"start":{"line":48,"column":8},"end":{"line":48,"column":null}},"8":{"start":{"line":50,"column":20},"end":{"line":50,"column":null}},"9":{"start":{"line":51,"column":22},"end":{"line":51,"column":null}},"10":{"start":{"line":52,"column":8},"end":{"line":56,"column":null}},"11":{"start":{"line":53,"column":10},"end":{"line":53,"column":null}},"12":{"start":{"line":55,"column":10},"end":{"line":55,"column":null}},"13":{"start":{"line":57,"column":8},"end":{"line":57,"column":null}},"14":{"start":{"line":59,"column":6},"end":{"line":61,"column":null}},"15":{"start":{"line":60,"column":8},"end":{"line":60,"column":null}},"16":{"start":{"line":62,"column":6},"end":{"line":62,"column":null}},"17":{"start":{"line":65,"column":4},"end":{"line":75,"column":null}},"18":{"start":{"line":79,"column":0},"end":{"line":79,"column":null}},"19":{"start":{"line":86,"column":24},"end":{"line":112,"column":null}},"20":{"start":{"line":88,"column":16},"end":{"line":88,"column":null}},"21":{"start":{"line":89,"column":4},"end":{"line":91,"column":null}},"22":{"start":{"line":90,"column":6},"end":{"line":90,"column":null}},"23":{"start":{"line":94,"column":6},"end":{"line":96,"column":null}},"24":{"start":{"line":98,"column":4},"end":{"line":109,"column":null}},"25":{"start":{"line":104,"column":31},"end":{"line":104,"column":null}},"26":{"start":{"line":113,"column":0},"end":{"line":113,"column":null}}},"fnMap":{"0":{"name":"(anonymous_0)","decl":{"start":{"line":24,"column":26},"end":{"line":24,"column":null}},"loc":{"start":{"line":38,"column":7},"end":{"line":77,"column":null}},"line":38},"1":{"name":"(anonymous_1)","decl":{"start":{"line":45,"column":10},"end":{"line":45,"column":25}},"loc":{"start":{"line":45,"column":47},"end":{"line":63,"column":null}},"line":45},"2":{"name":"(anonymous_2)","decl":{"start":{"line":86,"column":30},"end":{"line":86,"column":null}},"loc":{"start":{"line":87,"column":53},"end":{"line":111,"column":null}},"line":87},"3":{"name":"(anonymous_3)","decl":{"start":{"line":104,"column":8},"end":{"line":104,"column":31}},"loc":{"start":{"line":104,"column":31},"end":{"line":104,"column":null}},"line":104}},"branchMap":{"0":{"loc":{"start":{"line":28,"column":6},"end":{"line":28,"column":null}},"type":"default-arg","locations":[{"start":{"line":28,"column":13},"end":{"line":28,"column":null}}],"line":28},"1":{"loc":{"start":{"line":32,"column":6},"end":{"line":32,"column":null}},"type":"default-arg","locations":[{"start":{"line":32,"column":16},"end":{"line":32,"column":null}}],"line":32},"2":{"loc":{"start":{"line":33,"column":6},"end":{"line":33,"column":null}},"type":"default-arg","locations":[{"start":{"line":33,"column":13},"end":{"line":33,"column":null}}],"line":33},"3":{"loc":{"start":{"line":40,"column":6},"end":{"line":40,"column":null}},"type":"binary-expr","locations":[{"start":{"line":40,"column":6},"end":{"line":40,"column":23}},{"start":{"line":40,"column":23},"end":{"line":40,"column":null}}],"line":40},"4":{"loc":{"start":{"line":40,"column":23},"end":{"line":40,"column":null}},"type":"cond-expr","locations":[{"start":{"line":40,"column":43},"end":{"line":40,"column":48}},{"start":{"line":40,"column":48},"end":{"line":40,"column":null}}],"line":40},"5":{"loc":{"start":{"line":43,"column":25},"end":{"line":43,"column":null}},"type":"cond-expr","locations":[{"start":{"line":43,"column":40},"end":{"line":43,"column":58}},{"start":{"line":43,"column":58},"end":{"line":43,"column":null}}],"line":43},"6":{"loc":{"start":{"line":47,"column":6},"end":{"line":58,"column":null}},"type":"if","locations":[{"start":{"line":47,"column":6},"end":{"line":58,"column":null}},{"start":{"line":49,"column":13},"end":{"line":58,"column":null}}],"line":47},"7":{"loc":{"start":{"line":48,"column":20},"end":{"line":48,"column":null}},"type":"cond-expr","locations":[{"start":{"line":48,"column":49},"end":{"line":48,"column":54}},{"start":{"line":48,"column":54},"end":{"line":48,"column":null}}],"line":48},"8":{"loc":{"start":{"line":50,"column":20},"end":{"line":50,"column":null}},"type":"cond-expr","locations":[{"start":{"line":50,"column":50},"end":{"line":50,"column":70}},{"start":{"line":50,"column":70},"end":{"line":50,"column":null}}],"line":50},"9":{"loc":{"start":{"line":52,"column":8},"end":{"line":56,"column":null}},"type":"if","locations":[{"start":{"line":52,"column":8},"end":{"line":56,"column":null}},{"start":{"line":54,"column":15},"end":{"line":56,"column":null}}],"line":52},"10":{"loc":{"start":{"line":59,"column":6},"end":{"line":61,"column":null}},"type":"if","locations":[{"start":{"line":59,"column":6},"end":{"line":61,"column":null}},{"start":{},"end":{}}],"line":59},"11":{"loc":{"start":{"line":89,"column":4},"end":{"line":91,"column":null}},"type":"if","locations":[{"start":{"line":89,"column":4},"end":{"line":91,"column":null}},{"start":{},"end":{}}],"line":89},"12":{"loc":{"start":{"line":94,"column":6},"end":{"line":96,"column":null}},"type":"cond-expr","locations":[{"start":{"line":95,"column":10},"end":{"line":95,"column":null}},{"start":{"line":96,"column":10},"end":{"line":96,"column":null}}],"line":94},"13":{"loc":{"start":{"line":96,"column":10},"end":{"line":96,"column":null}},"type":"binary-expr","locations":[{"start":{"line":96,"column":10},"end":{"line":96,"column":38}},{"start":{"line":96,"column":38},"end":{"line":96,"column":null}}],"line":96}},"s":{"0":1,"1":1,"2":9,"3":9,"4":9,"5":9,"6":4,"7":1,"8":3,"9":3,"10":3,"11":1,"12":2,"13":3,"14":4,"15":4,"16":4,"17":9,"18":1,"19":1,"20":16,"21":16,"22":0,"23":16,"24":16,"25":4,"26":1},"f":{"0":9,"1":4,"2":16,"3":4},"b":{"0":[9],"1":[9],"2":[9],"3":[9,9],"4":[4,5],"5":[0,9],"6":[1,3],"7":[0,1],"8":[3,0],"9":[1,2],"10":[4,0],"11":[0,16],"12":[7,9],"13":[9,9]},"meta":{"lastBranch":14,"lastFunction":4,"lastStatement":27,"seen":{"s:13:27:13:Infinity":0,"s:24:20:78:Infinity":1,"f:24:26:24:Infinity":0,"b:28:13:28:Infinity":0,"b:32:16:32:Infinity":1,"b:33:13:33:Infinity":2,"s:39:54:41:Infinity":2,"b:40:6:40:23:40:23:40:Infinity":3,"b:40:43:40:48:40:48:40:Infinity":4,"s:42:25:42:Infinity":3,"s:43:25:43:Infinity":4,"b:43:40:43:58:43:58:43:Infinity":5,"s:45:10:63:Infinity":5,"f:45:10:45:25":1,"b:47:6:58:Infinity:49:13:58:Infinity":6,"s:47:6:58:Infinity":6,"s:48:8:48:Infinity":7,"b:48:49:48:54:48:54:48:Infinity":7,"s:50:20:50:Infinity":8,"b:50:50:50:70:50:70:50:Infinity":8,"s:51:22:51:Infinity":9,"b:52:8:56:Infinity:54:15:56:Infinity":9,"s:52:8:56:Infinity":10,"s:53:10:53:Infinity":11,"s:55:10:55:Infinity":12,"s:57:8:57:Infinity":13,"b:59:6:61:Infinity:undefined:undefined:undefined:undefined":10,"s:59:6:61:Infinity":14,"s:60:8:60:Infinity":15,"s:62:6:62:Infinity":16,"s:65:4:75:Infinity":17,"s:79:0:79:Infinity":18,"s:86:24:112:Infinity":19,"f:86:30:86:Infinity":2,"s:88:16:88:Infinity":20,"b:89:4:91:Infinity:undefined:undefined:undefined:undefined":11,"s:89:4:91:Infinity":21,"s:90:6:90:Infinity":22,"s:94:6:96:Infinity":23,"b:95:10:95:Infinity:96:10:96:Infinity":12,"b:96:10:96:38:96:38:96:Infinity":13,"s:98:4:109:Infinity":24,"f:104:8:104:31":3,"s:104:31:104:Infinity":25,"s:113:0:113:Infinity":26},"fnNames":{}}}
,"E:\\qlxion\\qlxion-ui\\packages\\core-react\\src\\tooltip\\tooltip.tsx": {"path":"E:\\qlxion\\qlxion-ui\\packages\\core-react\\src\\tooltip\\tooltip.tsx","statementMap":{"0":{"start":{"line":9,"column":23},"end":{"line":9,"column":null}},"1":{"start":{"line":17,"column":26},"end":{"line":17,"column":null}},"2":{"start":{"line":18,"column":2},"end":{"line":21,"column":null}},"3":{"start":{"line":30,"column":14},"end":{"line":30,"column":null}},"4":{"start":{"line":31,"column":2},"end":{"line":31,"column":null}},"5":{"start":{"line":31,"column":12},"end":{"line":31,"column":null}},"6":{"start":{"line":33,"column":2},"end":{"line":44,"column":null}},"7":{"start":{"line":36,"column":26},"end":{"line":36,"column":null}},"8":{"start":{"line":37,"column":26},"end":{"line":37,"column":null}},"9":{"start":{"line":38,"column":21},"end":{"line":38,"column":null}},"10":{"start":{"line":39,"column":20},"end":{"line":39,"column":null}},"11":{"start":{"line":54,"column":14},"end":{"line":54,"column":null}},"12":{"start":{"line":55,"column":2},"end":{"line":55,"column":null}},"13":{"start":{"line":55,"column":12},"end":{"line":55,"column":null}},"14":{"start":{"line":57,"column":2},"end":{"line":57,"column":null}},"15":{"start":{"line":57,"column":17},"end":{"line":57,"column":null}},"16":{"start":{"line":59,"column":22},"end":{"line":64,"column":null}},"17":{"start":{"line":66,"column":2},"end":{"line":77,"column":null}}},"fnMap":{"0":{"name":"Tooltip","decl":{"start":{"line":16,"column":16},"end":{"line":16,"column":24}},"loc":{"start":{"line":16,"column":52},"end":{"line":23,"column":null}},"line":16},"1":{"name":"TooltipTrigger","decl":{"start":{"line":25,"column":16},"end":{"line":25,"column":31}},"loc":{"start":{"line":29,"column":50},"end":{"line":46,"column":null}},"line":29},"2":{"name":"(anonymous_2)","decl":{"start":{"line":36,"column":6},"end":{"line":36,"column":26}},"loc":{"start":{"line":36,"column":26},"end":{"line":36,"column":null}},"line":36},"3":{"name":"(anonymous_3)","decl":{"start":{"line":37,"column":6},"end":{"line":37,"column":26}},"loc":{"start":{"line":37,"column":26},"end":{"line":37,"column":null}},"line":37},"4":{"name":"(anonymous_4)","decl":{"start":{"line":38,"column":6},"end":{"line":38,"column":21}},"loc":{"start":{"line":38,"column":21},"end":{"line":38,"column":null}},"line":38},"5":{"name":"(anonymous_5)","decl":{"start":{"line":39,"column":6},"end":{"line":39,"column":20}},"loc":{"start":{"line":39,"column":20},"end":{"line":39,"column":null}},"line":39},"6":{"name":"TooltipContent","decl":{"start":{"line":48,"column":16},"end":{"line":48,"column":31}},"loc":{"start":{"line":53,"column":90},"end":{"line":79,"column":null}},"line":53}},"branchMap":{"0":{"loc":{"start":{"line":31,"column":2},"end":{"line":31,"column":null}},"type":"if","locations":[{"start":{"line":31,"column":2},"end":{"line":31,"column":null}},{"start":{},"end":{}}],"line":31},"1":{"loc":{"start":{"line":51,"column":2},"end":{"line":51,"column":null}},"type":"default-arg","locations":[{"start":{"line":51,"column":9},"end":{"line":51,"column":null}}],"line":51},"2":{"loc":{"start":{"line":55,"column":2},"end":{"line":55,"column":null}},"type":"if","locations":[{"start":{"line":55,"column":2},"end":{"line":55,"column":null}},{"start":{},"end":{}}],"line":55},"3":{"loc":{"start":{"line":57,"column":2},"end":{"line":57,"column":null}},"type":"if","locations":[{"start":{"line":57,"column":2},"end":{"line":57,"column":null}},{"start":{},"end":{}}],"line":57}},"s":{"0":1,"1":4,"2":4,"3":4,"4":4,"5":0,"6":4,"7":1,"8":1,"9":0,"10":0,"11":4,"12":4,"13":0,"14":4,"15":3,"16":1,"17":1},"f":{"0":4,"1":4,"2":1,"3":1,"4":0,"5":0,"6":4},"b":{"0":[0,4],"1":[4],"2":[0,4],"3":[3,1]},"meta":{"lastBranch":4,"lastFunction":7,"lastStatement":18,"seen":{"s:9:23:9:Infinity":0,"f:16:16:16:24":0,"s:17:26:17:Infinity":1,"s:18:2:21:Infinity":2,"f:25:16:25:31":1,"s:30:14:30:Infinity":3,"b:31:2:31:Infinity:undefined:undefined:undefined:undefined":0,"s:31:2:31:Infinity":4,"s:31:12:31:Infinity":5,"s:33:2:44:Infinity":6,"f:36:6:36:26":2,"s:36:26:36:Infinity":7,"f:37:6:37:26":3,"s:37:26:37:Infinity":8,"f:38:6:38:21":4,"s:38:21:38:Infinity":9,"f:39:6:39:20":5,"s:39:20:39:Infinity":10,"f:48:16:48:31":6,"b:51:9:51:Infinity":1,"s:54:14:54:Infinity":11,"b:55:2:55:Infinity:undefined:undefined:undefined:undefined":2,"s:55:2:55:Infinity":12,"s:55:12:55:Infinity":13,"b:57:2:57:Infinity:undefined:undefined:undefined:undefined":3,"s:57:2:57:Infinity":14,"s:57:17:57:Infinity":15,"s:59:22:64:Infinity":16,"s:66:2:77:Infinity":17},"fnNames":{}}}
,"E:\\qlxion\\qlxion-ui\\packages\\core-react\\src\\typography\\typography.tsx": {"path":"E:\\qlxion\\qlxion-ui\\packages\\core-react\\src\\typography\\typography.tsx","statementMap":{"0":{"start":{"line":5,"column":2},"end":{"line":9,"column":null}},"1":{"start":{"line":14,"column":2},"end":{"line":18,"column":null}},"2":{"start":{"line":23,"column":2},"end":{"line":27,"column":null}},"3":{"start":{"line":32,"column":2},"end":{"line":36,"column":null}},"4":{"start":{"line":41,"column":2},"end":{"line":45,"column":null}},"5":{"start":{"line":53,"column":2},"end":{"line":57,"column":null}},"6":{"start":{"line":62,"column":2},"end":{"line":66,"column":null}},"7":{"start":{"line":71,"column":2},"end":{"line":71,"column":null}},"8":{"start":{"line":75,"column":2},"end":{"line":75,"column":null}},"9":{"start":{"line":79,"column":2},"end":{"line":79,"column":null}}},"fnMap":{"0":{"name":"TypographyH1","decl":{"start":{"line":4,"column":16},"end":{"line":4,"column":29}},"loc":{"start":{"line":4,"column":96},"end":{"line":11,"column":null}},"line":4},"1":{"name":"TypographyH2","decl":{"start":{"line":13,"column":16},"end":{"line":13,"column":29}},"loc":{"start":{"line":13,"column":96},"end":{"line":20,"column":null}},"line":13},"2":{"name":"TypographyH3","decl":{"start":{"line":22,"column":16},"end":{"line":22,"column":29}},"loc":{"start":{"line":22,"column":96},"end":{"line":29,"column":null}},"line":22},"3":{"name":"TypographyH4","decl":{"start":{"line":31,"column":16},"end":{"line":31,"column":29}},"loc":{"start":{"line":31,"column":96},"end":{"line":38,"column":null}},"line":31},"4":{"name":"TypographyP","decl":{"start":{"line":40,"column":16},"end":{"line":40,"column":28}},"loc":{"start":{"line":40,"column":97},"end":{"line":47,"column":null}},"line":40},"5":{"name":"TypographyBlockquote","decl":{"start":{"line":49,"column":16},"end":{"line":49,"column":37}},"loc":{"start":{"line":52,"column":53},"end":{"line":59,"column":null}},"line":52},"6":{"name":"TypographyLead","decl":{"start":{"line":61,"column":16},"end":{"line":61,"column":31}},"loc":{"start":{"line":61,"column":100},"end":{"line":68,"column":null}},"line":61},"7":{"name":"TypographyLarge","decl":{"start":{"line":70,"column":16},"end":{"line":70,"column":32}},"loc":{"start":{"line":70,"column":95},"end":{"line":72,"column":null}},"line":70},"8":{"name":"TypographySmall","decl":{"start":{"line":74,"column":16},"end":{"line":74,"column":32}},"loc":{"start":{"line":74,"column":92},"end":{"line":76,"column":null}},"line":74},"9":{"name":"TypographyMuted","decl":{"start":{"line":78,"column":16},"end":{"line":78,"column":32}},"loc":{"start":{"line":78,"column":101},"end":{"line":80,"column":null}},"line":78}},"branchMap":{},"s":{"0":3,"1":0,"2":0,"3":0,"4":3,"5":0,"6":0,"7":0,"8":0,"9":0},"f":{"0":3,"1":0,"2":0,"3":0,"4":3,"5":0,"6":0,"7":0,"8":0,"9":0},"b":{},"meta":{"lastBranch":0,"lastFunction":10,"lastStatement":10,"seen":{"f:4:16:4:29":0,"s:5:2:9:Infinity":0,"f:13:16:13:29":1,"s:14:2:18:Infinity":1,"f:22:16:22:29":2,"s:23:2:27:Infinity":2,"f:31:16:31:29":3,"s:32:2:36:Infinity":3,"f:40:16:40:28":4,"s:41:2:45:Infinity":4,"f:49:16:49:37":5,"s:53:2:57:Infinity":5,"f:61:16:61:31":6,"s:62:2:66:Infinity":6,"f:70:16:70:32":7,"s:71:2:71:Infinity":7,"f:74:16:74:32":8,"s:75:2:75:Infinity":8,"f:78:16:78:32":9,"s:79:2:79:Infinity":9},"fnNames":{}}}
}
