{"E:\\qlxion\\qlxion-ui\\packages\\core-react\\src\\accordion\\accordion.tsx": {"path":"E:\\qlxion\\qlxion-ui\\packages\\core-react\\src\\accordion\\accordion.tsx","statementMap":{"0":{"start":{"line":11,"column":25},"end":{"line":11,"column":null}},"1":{"start":{"line":21,"column":18},"end":{"line":74,"column":null}},"2":{"start":{"line":34,"column":54},"end":{"line":36,"column":null}},"3":{"start":{"line":37,"column":25},"end":{"line":37,"column":null}},"4":{"start":{"line":38,"column":18},"end":{"line":38,"column":null}},"5":{"start":{"line":40,"column":30},"end":{"line":64,"column":null}},"6":{"start":{"line":43,"column":8},"end":{"line":56,"column":null}},"7":{"start":{"line":44,"column":10},"end":{"line":48,"column":null}},"8":{"start":{"line":45,"column":12},"end":{"line":45,"column":null}},"9":{"start":{"line":47,"column":12},"end":{"line":47,"column":null}},"10":{"start":{"line":50,"column":26},"end":{"line":50,"column":null}},"11":{"start":{"line":51,"column":10},"end":{"line":55,"column":null}},"12":{"start":{"line":52,"column":12},"end":{"line":52,"column":null}},"13":{"start":{"line":52,"column":45},"end":{"line":52,"column":60}},"14":{"start":{"line":54,"column":12},"end":{"line":54,"column":null}},"15":{"start":{"line":58,"column":8},"end":{"line":60,"column":null}},"16":{"start":{"line":59,"column":10},"end":{"line":59,"column":null}},"17":{"start":{"line":61,"column":8},"end":{"line":61,"column":null}},"18":{"start":{"line":66,"column":4},"end":{"line":71,"column":null}},"19":{"start":{"line":75,"column":0},"end":{"line":75,"column":null}},"20":{"start":{"line":77,"column":29},"end":{"line":80,"column":null}},"21":{"start":{"line":82,"column":22},"end":{"line":103,"column":null}},"22":{"start":{"line":86,"column":18},"end":{"line":86,"column":null}},"23":{"start":{"line":87,"column":17},"end":{"line":89,"column":null}},"24":{"start":{"line":91,"column":2},"end":{"line":101,"column":null}},"25":{"start":{"line":104,"column":0},"end":{"line":104,"column":null}},"26":{"start":{"line":106,"column":25},"end":{"line":138,"column":null}},"27":{"start":{"line":110,"column":27},"end":{"line":110,"column":null}},"28":{"start":{"line":111,"column":22},"end":{"line":111,"column":null}},"29":{"start":{"line":113,"column":2},"end":{"line":136,"column":null}},"30":{"start":{"line":119,"column":23},"end":{"line":119,"column":null}},"31":{"start":{"line":139,"column":0},"end":{"line":139,"column":null}},"32":{"start":{"line":141,"column":25},"end":{"line":156,"column":null}},"33":{"start":{"line":143,"column":24},"end":{"line":143,"column":null}},"34":{"start":{"line":144,"column":4},"end":{"line":144,"column":null}},"35":{"start":{"line":144,"column":29},"end":{"line":144,"column":null}},"36":{"start":{"line":146,"column":4},"end":{"line":153,"column":null}},"37":{"start":{"line":157,"column":0},"end":{"line":157,"column":null}}},"fnMap":{"0":{"name":"(anonymous_0)","decl":{"start":{"line":21,"column":24},"end":{"line":21,"column":null}},"loc":{"start":{"line":33,"column":7},"end":{"line":73,"column":null}},"line":33},"1":{"name":"(anonymous_1)","decl":{"start":{"line":40,"column":36},"end":{"line":40,"column":null}},"loc":{"start":{"line":41,"column":29},"end":{"line":62,"column":null}},"line":41},"2":{"name":"(anonymous_2)","decl":{"start":{"line":52,"column":31},"end":{"line":52,"column":39}},"loc":{"start":{"line":52,"column":45},"end":{"line":52,"column":60}},"line":52},"3":{"name":"(anonymous_3)","decl":{"start":{"line":82,"column":28},"end":{"line":82,"column":null}},"loc":{"start":{"line":85,"column":53},"end":{"line":103,"column":1}},"line":85},"4":{"name":"(anonymous_4)","decl":{"start":{"line":106,"column":31},"end":{"line":106,"column":null}},"loc":{"start":{"line":109,"column":46},"end":{"line":138,"column":1}},"line":109},"5":{"name":"(anonymous_5)","decl":{"start":{"line":119,"column":8},"end":{"line":119,"column":23}},"loc":{"start":{"line":119,"column":23},"end":{"line":119,"column":null}},"line":119},"6":{"name":"(anonymous_6)","decl":{"start":{"line":141,"column":31},"end":{"line":141,"column":null}},"loc":{"start":{"line":142,"column":46},"end":{"line":155,"column":null}},"line":142}},"branchMap":{"0":{"loc":{"start":{"line":24,"column":6},"end":{"line":24,"column":null}},"type":"default-arg","locations":[{"start":{"line":24,"column":13},"end":{"line":24,"column":null}}],"line":24},"1":{"loc":{"start":{"line":26,"column":6},"end":{"line":26,"column":null}},"type":"default-arg","locations":[{"start":{"line":26,"column":21},"end":{"line":26,"column":null}}],"line":26},"2":{"loc":{"start":{"line":26,"column":21},"end":{"line":26,"column":null}},"type":"cond-expr","locations":[{"start":{"line":26,"column":43},"end":{"line":26,"column":48}},{"start":{"line":26,"column":48},"end":{"line":26,"column":null}}],"line":26},"3":{"loc":{"start":{"line":28,"column":6},"end":{"line":28,"column":null}},"type":"default-arg","locations":[{"start":{"line":28,"column":20},"end":{"line":28,"column":null}}],"line":28},"4":{"loc":{"start":{"line":38,"column":18},"end":{"line":38,"column":null}},"type":"cond-expr","locations":[{"start":{"line":38,"column":33},"end":{"line":38,"column":51}},{"start":{"line":38,"column":51},"end":{"line":38,"column":null}}],"line":38},"5":{"loc":{"start":{"line":43,"column":8},"end":{"line":56,"column":null}},"type":"if","locations":[{"start":{"line":43,"column":8},"end":{"line":56,"column":null}},{"start":{"line":49,"column":15},"end":{"line":56,"column":null}}],"line":43},"6":{"loc":{"start":{"line":44,"column":10},"end":{"line":48,"column":null}},"type":"if","locations":[{"start":{"line":44,"column":10},"end":{"line":48,"column":null}},{"start":{"line":46,"column":17},"end":{"line":48,"column":null}}],"line":44},"7":{"loc":{"start":{"line":45,"column":23},"end":{"line":45,"column":null}},"type":"cond-expr","locations":[{"start":{"line":45,"column":37},"end":{"line":45,"column":42}},{"start":{"line":45,"column":42},"end":{"line":45,"column":null}}],"line":45},"8":{"loc":{"start":{"line":50,"column":26},"end":{"line":50,"column":null}},"type":"cond-expr","locations":[{"start":{"line":50,"column":49},"end":{"line":50,"column":57}},{"start":{"line":50,"column":57},"end":{"line":50,"column":null}}],"line":50},"9":{"loc":{"start":{"line":51,"column":10},"end":{"line":55,"column":null}},"type":"if","locations":[{"start":{"line":51,"column":10},"end":{"line":55,"column":null}},{"start":{"line":53,"column":17},"end":{"line":55,"column":null}}],"line":51},"10":{"loc":{"start":{"line":58,"column":8},"end":{"line":60,"column":null}},"type":"if","locations":[{"start":{"line":58,"column":8},"end":{"line":60,"column":null}},{"start":{},"end":{}}],"line":58},"11":{"loc":{"start":{"line":87,"column":17},"end":{"line":89,"column":null}},"type":"cond-expr","locations":[{"start":{"line":88,"column":6},"end":{"line":88,"column":null}},{"start":{"line":89,"column":6},"end":{"line":89,"column":null}}],"line":87},"12":{"loc":{"start":{"line":95,"column":20},"end":{"line":95,"column":null}},"type":"cond-expr","locations":[{"start":{"line":95,"column":29},"end":{"line":95,"column":38}},{"start":{"line":95,"column":38},"end":{"line":95,"column":null}}],"line":95},"13":{"loc":{"start":{"line":144,"column":4},"end":{"line":144,"column":null}},"type":"if","locations":[{"start":{"line":144,"column":4},"end":{"line":144,"column":null}},{"start":{},"end":{}}],"line":144}},"s":{"0":1,"1":1,"2":3,"3":3,"4":3,"5":3,"6":1,"7":1,"8":0,"9":1,"10":0,"11":0,"12":0,"13":0,"14":0,"15":1,"16":1,"17":1,"18":3,"19":1,"20":1,"21":1,"22":3,"23":3,"24":3,"25":1,"26":1,"27":3,"28":3,"29":3,"30":1,"31":1,"32":1,"33":3,"34":3,"35":2,"36":1,"37":1},"f":{"0":3,"1":1,"2":0,"3":3,"4":3,"5":1,"6":3},"b":{"0":[3],"1":[3],"2":[0,3],"3":[3],"4":[0,3],"5":[1,0],"6":[0,1],"7":[0,0],"8":[0,0],"9":[0,0],"10":[1,0],"11":[0,3],"12":[1,2],"13":[2,1]},"meta":{"lastBranch":14,"lastFunction":7,"lastStatement":38,"seen":{"s:11:25:11:Infinity":0,"s:21:18:74:Infinity":1,"f:21:24:21:Infinity":0,"b:24:13:24:Infinity":0,"b:26:21:26:Infinity":1,"b:26:43:26:48:26:48:26:Infinity":2,"b:28:20:28:Infinity":3,"s:34:54:36:Infinity":2,"s:37:25:37:Infinity":3,"s:38:18:38:Infinity":4,"b:38:33:38:51:38:51:38:Infinity":4,"s:40:30:64:Infinity":5,"f:40:36:40:Infinity":1,"b:43:8:56:Infinity:49:15:56:Infinity":5,"s:43:8:56:Infinity":6,"b:44:10:48:Infinity:46:17:48:Infinity":6,"s:44:10:48:Infinity":7,"s:45:12:45:Infinity":8,"b:45:37:45:42:45:42:45:Infinity":7,"s:47:12:47:Infinity":9,"s:50:26:50:Infinity":10,"b:50:49:50:57:50:57:50:Infinity":8,"b:51:10:55:Infinity:53:17:55:Infinity":9,"s:51:10:55:Infinity":11,"s:52:12:52:Infinity":12,"f:52:31:52:39":2,"s:52:45:52:60":13,"s:54:12:54:Infinity":14,"b:58:8:60:Infinity:undefined:undefined:undefined:undefined":10,"s:58:8:60:Infinity":15,"s:59:10:59:Infinity":16,"s:61:8:61:Infinity":17,"s:66:4:71:Infinity":18,"s:75:0:75:Infinity":19,"s:77:29:80:Infinity":20,"s:82:22:103:Infinity":21,"f:82:28:82:Infinity":3,"s:86:18:86:Infinity":22,"s:87:17:89:Infinity":23,"b:88:6:88:Infinity:89:6:89:Infinity":11,"s:91:2:101:Infinity":24,"b:95:29:95:38:95:38:95:Infinity":12,"s:104:0:104:Infinity":25,"s:106:25:138:Infinity":26,"f:106:31:106:Infinity":4,"s:110:27:110:Infinity":27,"s:111:22:111:Infinity":28,"s:113:2:136:Infinity":29,"f:119:8:119:23":5,"s:119:23:119:Infinity":30,"s:139:0:139:Infinity":31,"s:141:25:156:Infinity":32,"f:141:31:141:Infinity":6,"s:143:24:143:Infinity":33,"b:144:4:144:Infinity:undefined:undefined:undefined:undefined":13,"s:144:4:144:Infinity":34,"s:144:29:144:Infinity":35,"s:146:4:153:Infinity":36,"s:157:0:157:Infinity":37},"fnNames":{}}}
,"E:\\qlxion\\qlxion-ui\\packages\\core-react\\src\\alert\\alert.tsx": {"path":"E:\\qlxion\\qlxion-ui\\packages\\core-react\\src\\alert\\alert.tsx","statementMap":{"0":{"start":{"line":4,"column":22},"end":{"line":23,"column":null}},"1":{"start":{"line":31,"column":14},"end":{"line":35,"column":null}},"2":{"start":{"line":33,"column":4},"end":{"line":35,"column":null}},"3":{"start":{"line":36,"column":0},"end":{"line":36,"column":null}},"4":{"start":{"line":38,"column":19},"end":{"line":46,"column":null}},"5":{"start":{"line":40,"column":4},"end":{"line":46,"column":null}},"6":{"start":{"line":47,"column":0},"end":{"line":47,"column":null}},"7":{"start":{"line":49,"column":25},"end":{"line":54,"column":null}},"8":{"start":{"line":53,"column":2},"end":{"line":54,"column":null}},"9":{"start":{"line":55,"column":0},"end":{"line":55,"column":null}}},"fnMap":{"0":{"name":"(anonymous_0)","decl":{"start":{"line":31,"column":20},"end":{"line":31,"column":null}},"loc":{"start":{"line":33,"column":4},"end":{"line":35,"column":null}},"line":33},"1":{"name":"(anonymous_1)","decl":{"start":{"line":38,"column":25},"end":{"line":38,"column":null}},"loc":{"start":{"line":40,"column":4},"end":{"line":46,"column":null}},"line":40},"2":{"name":"(anonymous_2)","decl":{"start":{"line":49,"column":31},"end":{"line":49,"column":null}},"loc":{"start":{"line":53,"column":2},"end":{"line":54,"column":null}},"line":53}},"branchMap":{"0":{"loc":{"start":{"line":32,"column":16},"end":{"line":32,"column":37}},"type":"default-arg","locations":[{"start":{"line":32,"column":26},"end":{"line":32,"column":37}}],"line":32}},"s":{"0":1,"1":1,"2":2,"3":1,"4":1,"5":2,"6":1,"7":1,"8":2,"9":1},"f":{"0":2,"1":2,"2":2},"b":{"0":[2]},"meta":{"lastBranch":1,"lastFunction":3,"lastStatement":10,"seen":{"s:4:22:23:Infinity":0,"s:31:14:35:Infinity":1,"f:31:20:31:Infinity":0,"s:33:4:35:Infinity":2,"b:32:26:32:37":0,"s:36:0:36:Infinity":3,"s:38:19:46:Infinity":4,"f:38:25:38:Infinity":1,"s:40:4:46:Infinity":5,"s:47:0:47:Infinity":6,"s:49:25:54:Infinity":7,"f:49:31:49:Infinity":2,"s:53:2:54:Infinity":8,"s:55:0:55:Infinity":9},"fnNames":{}}}
,"E:\\qlxion\\qlxion-ui\\packages\\core-react\\src\\alert-dialog\\alert-dialog.tsx": {"path":"E:\\qlxion\\qlxion-ui\\packages\\core-react\\src\\alert-dialog\\alert-dialog.tsx","statementMap":{"0":{"start":{"line":14,"column":20},"end":{"line":14,"column":null}},"1":{"start":{"line":15,"column":27},"end":{"line":15,"column":null}},"2":{"start":{"line":17,"column":27},"end":{"line":23,"column":null}},"3":{"start":{"line":19,"column":4},"end":{"line":23,"column":null}},"4":{"start":{"line":24,"column":0},"end":{"line":24,"column":null}},"5":{"start":{"line":26,"column":26},"end":{"line":26,"column":null}},"6":{"start":{"line":27,"column":26},"end":{"line":27,"column":null}},"7":{"start":{"line":28,"column":25},"end":{"line":28,"column":null}},"8":{"start":{"line":29,"column":31},"end":{"line":29,"column":null}},"9":{"start":{"line":30,"column":26},"end":{"line":30,"column":null}},"10":{"start":{"line":32,"column":26},"end":{"line":45,"column":null}},"11":{"start":{"line":36,"column":2},"end":{"line":45,"column":null}},"12":{"start":{"line":46,"column":0},"end":{"line":46,"column":null}}},"fnMap":{"0":{"name":"(anonymous_0)","decl":{"start":{"line":17,"column":33},"end":{"line":17,"column":null}},"loc":{"start":{"line":19,"column":4},"end":{"line":23,"column":null}},"line":19},"1":{"name":"(anonymous_1)","decl":{"start":{"line":32,"column":32},"end":{"line":32,"column":null}},"loc":{"start":{"line":36,"column":2},"end":{"line":45,"column":null}},"line":36}},"branchMap":{},"s":{"0":1,"1":1,"2":1,"3":2,"4":1,"5":1,"6":1,"7":1,"8":1,"9":1,"10":1,"11":1,"12":1},"f":{"0":2,"1":1},"b":{},"meta":{"lastBranch":0,"lastFunction":2,"lastStatement":13,"seen":{"s:14:20:14:Infinity":0,"s:15:27:15:Infinity":1,"s:17:27:23:Infinity":2,"f:17:33:17:Infinity":0,"s:19:4:23:Infinity":3,"s:24:0:24:Infinity":4,"s:26:26:26:Infinity":5,"s:27:26:27:Infinity":6,"s:28:25:28:Infinity":7,"s:29:31:29:Infinity":8,"s:30:26:30:Infinity":9,"s:32:26:45:Infinity":10,"f:32:32:32:Infinity":1,"s:36:2:45:Infinity":11,"s:46:0:46:Infinity":12},"fnNames":{}}}
,"E:\\qlxion\\qlxion-ui\\packages\\core-react\\src\\aspect-ratio\\aspect-ratio.tsx": {"path":"E:\\qlxion\\qlxion-ui\\packages\\core-react\\src\\aspect-ratio\\aspect-ratio.tsx","statementMap":{"0":{"start":{"line":8,"column":20},"end":{"line":24,"column":null}},"1":{"start":{"line":10,"column":4},"end":{"line":24,"column":null}},"2":{"start":{"line":25,"column":0},"end":{"line":25,"column":null}}},"fnMap":{"0":{"name":"(anonymous_0)","decl":{"start":{"line":8,"column":26},"end":{"line":8,"column":null}},"loc":{"start":{"line":10,"column":4},"end":{"line":24,"column":null}},"line":10}},"branchMap":{"0":{"loc":{"start":{"line":9,"column":5},"end":{"line":9,"column":21}},"type":"default-arg","locations":[{"start":{"line":9,"column":13},"end":{"line":9,"column":21}}],"line":9}},"s":{"0":1,"1":2,"2":1},"f":{"0":2},"b":{"0":[2]},"meta":{"lastBranch":1,"lastFunction":1,"lastStatement":3,"seen":{"s:8:20:24:Infinity":0,"f:8:26:8:Infinity":0,"s:10:4:24:Infinity":1,"b:9:13:9:21":0,"s:25:0:25:Infinity":2},"fnNames":{}}}
,"E:\\qlxion\\qlxion-ui\\packages\\core-react\\src\\attachment\\attachment.tsx": {"path":"E:\\qlxion\\qlxion-ui\\packages\\core-react\\src\\attachment\\attachment.tsx","statementMap":{"0":{"start":{"line":12,"column":19},"end":{"line":61,"column":null}},"1":{"start":{"line":14,"column":4},"end":{"line":58,"column":null}},"2":{"start":{"line":62,"column":0},"end":{"line":62,"column":null}}},"fnMap":{"0":{"name":"(anonymous_0)","decl":{"start":{"line":12,"column":25},"end":{"line":12,"column":null}},"loc":{"start":{"line":13,"column":82},"end":{"line":60,"column":null}},"line":13}},"branchMap":{"0":{"loc":{"start":{"line":13,"column":44},"end":{"line":13,"column":62}},"type":"default-arg","locations":[{"start":{"line":13,"column":55},"end":{"line":13,"column":62}}],"line":13},"1":{"loc":{"start":{"line":19,"column":10},"end":{"line":19,"column":null}},"type":"binary-expr","locations":[{"start":{"line":19,"column":10},"end":{"line":19,"column":22}},{"start":{"line":19,"column":22},"end":{"line":19,"column":null}}],"line":19},"2":{"loc":{"start":{"line":25,"column":11},"end":{"line":33,"column":null}},"type":"binary-expr","locations":[{"start":{"line":25,"column":11},"end":{"line":25,"column":null}},{"start":{"line":26,"column":12},"end":{"line":33,"column":null}}],"line":25},"3":{"loc":{"start":{"line":38,"column":11},"end":{"line":39,"column":null}},"type":"binary-expr","locations":[{"start":{"line":38,"column":11},"end":{"line":38,"column":19}},{"start":{"line":38,"column":19},"end":{"line":39,"column":null}}],"line":38},"4":{"loc":{"start":{"line":40,"column":9},"end":{"line":56,"column":null}},"type":"binary-expr","locations":[{"start":{"line":40,"column":9},"end":{"line":40,"column":null}},{"start":{"line":41,"column":10},"end":{"line":56,"column":null}}],"line":40}},"s":{"0":1,"1":3,"2":1},"f":{"0":3},"b":{"0":[3],"1":[3,0],"2":[3,3],"3":[3,2],"4":[3,1]},"meta":{"lastBranch":5,"lastFunction":1,"lastStatement":3,"seen":{"s:12:19:61:Infinity":0,"f:12:25:12:Infinity":0,"b:13:55:13:62":0,"s:14:4:58:Infinity":1,"b:19:10:19:22:19:22:19:Infinity":1,"b:25:11:25:Infinity:26:12:33:Infinity":2,"b:38:11:38:19:38:19:39:Infinity":3,"b:40:9:40:Infinity:41:10:56:Infinity":4,"s:62:0:62:Infinity":2},"fnNames":{}}}
,"E:\\qlxion\\qlxion-ui\\packages\\core-react\\src\\avatar\\avatar.tsx": {"path":"E:\\qlxion\\qlxion-ui\\packages\\core-react\\src\\avatar\\avatar.tsx","statementMap":{"0":{"start":{"line":4,"column":15},"end":{"line":24,"column":null}},"1":{"start":{"line":8,"column":22},"end":{"line":12,"column":null}},"2":{"start":{"line":13,"column":2},"end":{"line":22,"column":null}},"3":{"start":{"line":25,"column":0},"end":{"line":25,"column":null}},"4":{"start":{"line":27,"column":20},"end":{"line":46,"column":null}},"5":{"start":{"line":29,"column":36},"end":{"line":29,"column":null}},"6":{"start":{"line":31,"column":4},"end":{"line":31,"column":null}},"7":{"start":{"line":31,"column":18},"end":{"line":31,"column":null}},"8":{"start":{"line":33,"column":4},"end":{"line":43,"column":null}},"9":{"start":{"line":38,"column":10},"end":{"line":38,"column":null}},"10":{"start":{"line":39,"column":10},"end":{"line":39,"column":null}},"11":{"start":{"line":47,"column":0},"end":{"line":47,"column":null}},"12":{"start":{"line":49,"column":23},"end":{"line":60,"column":null}},"13":{"start":{"line":51,"column":4},"end":{"line":60,"column":null}},"14":{"start":{"line":61,"column":0},"end":{"line":61,"column":null}}},"fnMap":{"0":{"name":"(anonymous_0)","decl":{"start":{"line":4,"column":21},"end":{"line":4,"column":null}},"loc":{"start":{"line":7,"column":49},"end":{"line":24,"column":1}},"line":7},"1":{"name":"(anonymous_1)","decl":{"start":{"line":27,"column":26},"end":{"line":27,"column":null}},"loc":{"start":{"line":28,"column":55},"end":{"line":45,"column":null}},"line":28},"2":{"name":"(anonymous_2)","decl":{"start":{"line":37,"column":8},"end":{"line":37,"column":18}},"loc":{"start":{"line":37,"column":24},"end":{"line":40,"column":null}},"line":37},"3":{"name":"(anonymous_3)","decl":{"start":{"line":49,"column":29},"end":{"line":49,"column":null}},"loc":{"start":{"line":51,"column":4},"end":{"line":60,"column":null}},"line":51}},"branchMap":{"0":{"loc":{"start":{"line":7,"column":16},"end":{"line":7,"column":29}},"type":"default-arg","locations":[{"start":{"line":7,"column":23},"end":{"line":7,"column":29}}],"line":7},"1":{"loc":{"start":{"line":28,"column":16},"end":{"line":28,"column":26}},"type":"default-arg","locations":[{"start":{"line":28,"column":22},"end":{"line":28,"column":26}}],"line":28},"2":{"loc":{"start":{"line":31,"column":4},"end":{"line":31,"column":null}},"type":"if","locations":[{"start":{"line":31,"column":4},"end":{"line":31,"column":null}},{"start":{},"end":{}}],"line":31}},"s":{"0":1,"1":2,"2":2,"3":1,"4":1,"5":2,"6":2,"7":0,"8":2,"9":0,"10":0,"11":1,"12":1,"13":2,"14":1},"f":{"0":2,"1":2,"2":0,"3":2},"b":{"0":[2],"1":[2],"2":[0,2]},"meta":{"lastBranch":3,"lastFunction":4,"lastStatement":15,"seen":{"s:4:15:24:Infinity":0,"f:4:21:4:Infinity":0,"b:7:23:7:29":0,"s:8:22:12:Infinity":1,"s:13:2:22:Infinity":2,"s:25:0:25:Infinity":3,"s:27:20:46:Infinity":4,"f:27:26:27:Infinity":1,"b:28:22:28:26":1,"s:29:36:29:Infinity":5,"b:31:4:31:Infinity:undefined:undefined:undefined:undefined":2,"s:31:4:31:Infinity":6,"s:31:18:31:Infinity":7,"s:33:4:43:Infinity":8,"f:37:8:37:18":2,"s:38:10:38:Infinity":9,"s:39:10:39:Infinity":10,"s:47:0:47:Infinity":11,"s:49:23:60:Infinity":12,"f:49:29:49:Infinity":3,"s:51:4:60:Infinity":13,"s:61:0:61:Infinity":14},"fnNames":{}}}
,"E:\\qlxion\\qlxion-ui\\packages\\core-react\\src\\badge\\badge.tsx": {"path":"E:\\qlxion\\qlxion-ui\\packages\\core-react\\src\\badge\\badge.tsx","statementMap":{"0":{"start":{"line":4,"column":22},"end":{"line":23,"column":null}},"1":{"start":{"line":33,"column":2},"end":{"line":33,"column":null}}},"fnMap":{"0":{"name":"Badge","decl":{"start":{"line":32,"column":9},"end":{"line":32,"column":15}},"loc":{"start":{"line":32,"column":73},"end":{"line":34,"column":null}},"line":32}},"branchMap":{"0":{"loc":{"start":{"line":32,"column":28},"end":{"line":32,"column":49}},"type":"default-arg","locations":[{"start":{"line":32,"column":38},"end":{"line":32,"column":49}}],"line":32}},"s":{"0":1,"1":3},"f":{"0":3},"b":{"0":[3]},"meta":{"lastBranch":1,"lastFunction":1,"lastStatement":2,"seen":{"s:4:22:23:Infinity":0,"f:32:9:32:15":0,"b:32:38:32:49":0,"s:33:2:33:Infinity":1},"fnNames":{}}}
,"E:\\qlxion\\qlxion-ui\\packages\\core-react\\src\\breadcrumb\\breadcrumb.tsx": {"path":"E:\\qlxion\\qlxion-ui\\packages\\core-react\\src\\breadcrumb\\breadcrumb.tsx","statementMap":{"0":{"start":{"line":4,"column":19},"end":{"line":9,"column":null}},"1":{"start":{"line":9,"column":25},"end":{"line":9,"column":null}},"2":{"start":{"line":10,"column":0},"end":{"line":10,"column":null}},"3":{"start":{"line":12,"column":23},"end":{"line":23,"column":null}},"4":{"start":{"line":14,"column":4},"end":{"line":23,"column":null}},"5":{"start":{"line":24,"column":0},"end":{"line":24,"column":null}},"6":{"start":{"line":26,"column":23},"end":{"line":30,"column":null}},"7":{"start":{"line":28,"column":4},"end":{"line":30,"column":null}},"8":{"start":{"line":31,"column":0},"end":{"line":31,"column":null}},"9":{"start":{"line":33,"column":23},"end":{"line":47,"column":null}},"10":{"start":{"line":37,"column":2},"end":{"line":45,"column":null}},"11":{"start":{"line":48,"column":0},"end":{"line":48,"column":null}},"12":{"start":{"line":50,"column":23},"end":{"line":61,"column":null}},"13":{"start":{"line":52,"column":4},"end":{"line":61,"column":null}},"14":{"start":{"line":62,"column":0},"end":{"line":62,"column":null}},"15":{"start":{"line":64,"column":6},"end":{"line":72,"column":null}},"16":{"start":{"line":65,"column":2},"end":{"line":72,"column":null}},"17":{"start":{"line":74,"column":0},"end":{"line":74,"column":null}},"18":{"start":{"line":76,"column":6},"end":{"line":84,"column":null}},"19":{"start":{"line":77,"column":2},"end":{"line":84,"column":null}},"20":{"start":{"line":86,"column":0},"end":{"line":86,"column":null}}},"fnMap":{"0":{"name":"(anonymous_0)","decl":{"start":{"line":4,"column":25},"end":{"line":4,"column":null}},"loc":{"start":{"line":9,"column":25},"end":{"line":9,"column":null}},"line":9},"1":{"name":"(anonymous_1)","decl":{"start":{"line":12,"column":29},"end":{"line":12,"column":null}},"loc":{"start":{"line":14,"column":4},"end":{"line":23,"column":null}},"line":14},"2":{"name":"(anonymous_2)","decl":{"start":{"line":26,"column":29},"end":{"line":26,"column":null}},"loc":{"start":{"line":28,"column":4},"end":{"line":30,"column":null}},"line":28},"3":{"name":"(anonymous_3)","decl":{"start":{"line":33,"column":29},"end":{"line":33,"column":null}},"loc":{"start":{"line":36,"column":36},"end":{"line":47,"column":1}},"line":36},"4":{"name":"(anonymous_4)","decl":{"start":{"line":50,"column":29},"end":{"line":50,"column":null}},"loc":{"start":{"line":52,"column":4},"end":{"line":61,"column":null}},"line":52},"5":{"name":"(anonymous_5)","decl":{"start":{"line":64,"column":6},"end":{"line":64,"column":29}},"loc":{"start":{"line":65,"column":2},"end":{"line":72,"column":null}},"line":65},"6":{"name":"(anonymous_6)","decl":{"start":{"line":76,"column":6},"end":{"line":76,"column":28}},"loc":{"start":{"line":77,"column":2},"end":{"line":84,"column":null}},"line":77}},"branchMap":{"0":{"loc":{"start":{"line":71,"column":5},"end":{"line":71,"column":null}},"type":"binary-expr","locations":[{"start":{"line":71,"column":5},"end":{"line":71,"column":17}},{"start":{"line":71,"column":17},"end":{"line":71,"column":null}}],"line":71}},"s":{"0":1,"1":2,"2":1,"3":1,"4":2,"5":1,"6":1,"7":4,"8":1,"9":1,"10":2,"11":1,"12":1,"13":2,"14":1,"15":1,"16":2,"17":1,"18":1,"19":0,"20":1},"f":{"0":2,"1":2,"2":4,"3":2,"4":2,"5":2,"6":0},"b":{"0":[2,2]},"meta":{"lastBranch":1,"lastFunction":7,"lastStatement":21,"seen":{"s:4:19:9:Infinity":0,"f:4:25:4:Infinity":0,"s:9:25:9:Infinity":1,"s:10:0:10:Infinity":2,"s:12:23:23:Infinity":3,"f:12:29:12:Infinity":1,"s:14:4:23:Infinity":4,"s:24:0:24:Infinity":5,"s:26:23:30:Infinity":6,"f:26:29:26:Infinity":2,"s:28:4:30:Infinity":7,"s:31:0:31:Infinity":8,"s:33:23:47:Infinity":9,"f:33:29:33:Infinity":3,"s:37:2:45:Infinity":10,"s:48:0:48:Infinity":11,"s:50:23:61:Infinity":12,"f:50:29:50:Infinity":4,"s:52:4:61:Infinity":13,"s:62:0:62:Infinity":14,"s:64:6:72:Infinity":15,"f:64:6:64:29":5,"s:65:2:72:Infinity":16,"b:71:5:71:17:71:17:71:Infinity":0,"s:74:0:74:Infinity":17,"s:76:6:84:Infinity":18,"f:76:6:76:28":6,"s:77:2:84:Infinity":19,"s:86:0:86:Infinity":20},"fnNames":{}}}
,"E:\\qlxion\\qlxion-ui\\packages\\core-react\\src\\bubble\\bubble.tsx": {"path":"E:\\qlxion\\qlxion-ui\\packages\\core-react\\src\\bubble\\bubble.tsx","statementMap":{"0":{"start":{"line":4,"column":23},"end":{"line":16,"column":null}},"1":{"start":{"line":26,"column":15},"end":{"line":57,"column":null}},"2":{"start":{"line":28,"column":4},"end":{"line":54,"column":null}},"3":{"start":{"line":58,"column":0},"end":{"line":58,"column":null}}},"fnMap":{"0":{"name":"(anonymous_0)","decl":{"start":{"line":26,"column":21},"end":{"line":26,"column":null}},"loc":{"start":{"line":27,"column":83},"end":{"line":56,"column":null}},"line":27}},"branchMap":{"0":{"loc":{"start":{"line":27,"column":16},"end":{"line":27,"column":34}},"type":"default-arg","locations":[{"start":{"line":27,"column":26},"end":{"line":27,"column":34}}],"line":27},"1":{"loc":{"start":{"line":32,"column":10},"end":{"line":36,"column":null}},"type":"cond-expr","locations":[{"start":{"line":33,"column":14},"end":{"line":33,"column":null}},{"start":{"line":34,"column":14},"end":{"line":36,"column":null}}],"line":32},"2":{"loc":{"start":{"line":34,"column":14},"end":{"line":36,"column":null}},"type":"cond-expr","locations":[{"start":{"line":35,"column":16},"end":{"line":35,"column":null}},{"start":{"line":36,"column":16},"end":{"line":36,"column":null}}],"line":34},"3":{"loc":{"start":{"line":39,"column":9},"end":{"line":39,"column":null}},"type":"binary-expr","locations":[{"start":{"line":39,"column":9},"end":{"line":39,"column":30}},{"start":{"line":39,"column":30},"end":{"line":39,"column":40}},{"start":{"line":39,"column":40},"end":{"line":39,"column":null}}],"line":39},"4":{"loc":{"start":{"line":42,"column":11},"end":{"line":52,"column":null}},"type":"binary-expr","locations":[{"start":{"line":42,"column":11},"end":{"line":42,"column":null}},{"start":{"line":43,"column":12},"end":{"line":52,"column":null}}],"line":42},"5":{"loc":{"start":{"line":46,"column":16},"end":{"line":46,"column":null}},"type":"cond-expr","locations":[{"start":{"line":46,"column":37},"end":{"line":46,"column":65}},{"start":{"line":46,"column":65},"end":{"line":46,"column":null}}],"line":46},"6":{"loc":{"start":{"line":53,"column":9},"end":{"line":53,"column":null}},"type":"binary-expr","locations":[{"start":{"line":53,"column":9},"end":{"line":53,"column":31}},{"start":{"line":53,"column":31},"end":{"line":53,"column":41}},{"start":{"line":53,"column":41},"end":{"line":53,"column":null}}],"line":53}},"s":{"0":2,"1":2,"2":5,"3":2},"f":{"0":5},"b":{"0":[5],"1":[4,1],"2":[1,0],"3":[5,1,0],"4":[5,2],"5":[2,0],"6":[5,4,0]},"meta":{"lastBranch":7,"lastFunction":1,"lastStatement":4,"seen":{"s:4:23:16:Infinity":0,"s:26:15:57:Infinity":1,"f:26:21:26:Infinity":0,"b:27:26:27:34":0,"s:28:4:54:Infinity":2,"b:33:14:33:Infinity:34:14:36:Infinity":1,"b:35:16:35:Infinity:36:16:36:Infinity":2,"b:39:9:39:30:39:30:39:40:39:40:39:Infinity":3,"b:42:11:42:Infinity:43:12:52:Infinity":4,"b:46:37:46:65:46:65:46:Infinity":5,"b:53:9:53:31:53:31:53:41:53:41:53:Infinity":6,"s:58:0:58:Infinity":3},"fnNames":{}}}
,"E:\\qlxion\\qlxion-ui\\packages\\core-react\\src\\button\\button.tsx": {"path":"E:\\qlxion\\qlxion-ui\\packages\\core-react\\src\\button\\button.tsx","statementMap":{"0":{"start":{"line":1,"column":1},"end":{"line":1,"column":null}},"1":{"start":{"line":7,"column":23},"end":{"line":30,"column":null}},"2":{"start":{"line":42,"column":15},"end":{"line":59,"column":null}},"3":{"start":{"line":44,"column":17},"end":{"line":44,"column":null}},"4":{"start":{"line":45,"column":4},"end":{"line":56,"column":null}},"5":{"start":{"line":60,"column":0},"end":{"line":60,"column":null}}},"fnMap":{"0":{"name":"(anonymous_0)","decl":{"start":{"line":42,"column":21},"end":{"line":42,"column":null}},"loc":{"start":{"line":43,"column":95},"end":{"line":58,"column":null}},"line":43}},"branchMap":{"0":{"loc":{"start":{"line":43,"column":31},"end":{"line":43,"column":48}},"type":"default-arg","locations":[{"start":{"line":43,"column":41},"end":{"line":43,"column":48}}],"line":43},"1":{"loc":{"start":{"line":43,"column":48},"end":{"line":43,"column":65}},"type":"default-arg","locations":[{"start":{"line":43,"column":58},"end":{"line":43,"column":65}}],"line":43},"2":{"loc":{"start":{"line":44,"column":17},"end":{"line":44,"column":null}},"type":"cond-expr","locations":[{"start":{"line":44,"column":27},"end":{"line":44,"column":34}},{"start":{"line":44,"column":34},"end":{"line":44,"column":null}}],"line":44},"3":{"loc":{"start":{"line":48,"column":36},"end":{"line":48,"column":58}},"type":"binary-expr","locations":[{"start":{"line":48,"column":36},"end":{"line":48,"column":47}},{"start":{"line":48,"column":47},"end":{"line":48,"column":58}}],"line":48},"4":{"loc":{"start":{"line":48,"column":64},"end":{"line":48,"column":82}},"type":"binary-expr","locations":[{"start":{"line":48,"column":64},"end":{"line":48,"column":72}},{"start":{"line":48,"column":72},"end":{"line":48,"column":82}}],"line":48},"5":{"loc":{"start":{"line":52,"column":18},"end":{"line":52,"column":null}},"type":"binary-expr","locations":[{"start":{"line":52,"column":18},"end":{"line":52,"column":30}},{"start":{"line":52,"column":30},"end":{"line":52,"column":null}}],"line":52},"6":{"loc":{"start":{"line":53,"column":19},"end":{"line":53,"column":null}},"type":"cond-expr","locations":[{"start":{"line":53,"column":29},"end":{"line":53,"column":36}},{"start":{"line":53,"column":36},"end":{"line":53,"column":null}}],"line":53},"7":{"loc":{"start":{"line":54,"column":23},"end":{"line":54,"column":null}},"type":"cond-expr","locations":[{"start":{"line":54,"column":45},"end":{"line":54,"column":52}},{"start":{"line":54,"column":52},"end":{"line":54,"column":null}}],"line":54},"8":{"loc":{"start":{"line":54,"column":23},"end":{"line":54,"column":45}},"type":"binary-expr","locations":[{"start":{"line":54,"column":23},"end":{"line":54,"column":35}},{"start":{"line":54,"column":35},"end":{"line":54,"column":45}}],"line":54}},"s":{"0":1,"1":1,"2":1,"3":22,"4":22,"5":1},"f":{"0":22},"b":{"0":[22],"1":[22],"2":[1,21],"3":[22,17],"4":[22,18],"5":[22,18],"6":[3,19],"7":[7,15],"8":[22,18]},"meta":{"lastBranch":9,"lastFunction":1,"lastStatement":6,"seen":{"s:1:1:1:Infinity":0,"s:7:23:30:Infinity":1,"s:42:15:59:Infinity":2,"f:42:21:42:Infinity":0,"b:43:41:43:48":0,"b:43:58:43:65":1,"s:44:17:44:Infinity":3,"b:44:27:44:34:44:34:44:Infinity":2,"s:45:4:56:Infinity":4,"b:48:36:48:47:48:47:48:58":3,"b:48:64:48:72:48:72:48:82":4,"b:52:18:52:30:52:30:52:Infinity":5,"b:53:29:53:36:53:36:53:Infinity":6,"b:54:45:54:52:54:52:54:Infinity":7,"b:54:23:54:35:54:35:54:45":8,"s:60:0:60:Infinity":5},"fnNames":{}}}
,"E:\\qlxion\\qlxion-ui\\packages\\core-react\\src\\calendar\\calendar.tsx": {"path":"E:\\qlxion\\qlxion-ui\\packages\\core-react\\src\\calendar\\calendar.tsx","statementMap":{"0":{"start":{"line":13,"column":13},"end":{"line":177,"column":null}},"1":{"start":{"line":21,"column":52},"end":{"line":21,"column":null}},"2":{"start":{"line":22,"column":23},"end":{"line":22,"column":null}},"3":{"start":{"line":24,"column":42},"end":{"line":26,"column":null}},"4":{"start":{"line":25,"column":10},"end":{"line":25,"column":null}},"5":{"start":{"line":28,"column":8},"end":{"line":30,"column":null}},"6":{"start":{"line":29,"column":4},"end":{"line":29,"column":null}},"7":{"start":{"line":32,"column":8},"end":{"line":34,"column":null}},"8":{"start":{"line":33,"column":4},"end":{"line":33,"column":null}},"9":{"start":{"line":36,"column":15},"end":{"line":36,"column":null}},"10":{"start":{"line":37,"column":16},"end":{"line":37,"column":null}},"11":{"start":{"line":39,"column":24},"end":{"line":39,"column":null}},"12":{"start":{"line":40,"column":22},"end":{"line":40,"column":null}},"13":{"start":{"line":42,"column":21},"end":{"line":42,"column":null}},"14":{"start":{"line":43,"column":21},"end":{"line":56,"column":null}},"15":{"start":{"line":58,"column":8},"end":{"line":67,"column":null}},"16":{"start":{"line":59,"column":20},"end":{"line":59,"column":null}},"17":{"start":{"line":60,"column":4},"end":{"line":60,"column":null}},"18":{"start":{"line":60,"column":38},"end":{"line":60,"column":null}},"19":{"start":{"line":61,"column":4},"end":{"line":61,"column":null}},"20":{"start":{"line":61,"column":38},"end":{"line":61,"column":null}},"21":{"start":{"line":63,"column":4},"end":{"line":65,"column":null}},"22":{"start":{"line":64,"column":6},"end":{"line":64,"column":null}},"23":{"start":{"line":66,"column":4},"end":{"line":66,"column":null}},"24":{"start":{"line":69,"column":8},"end":{"line":75,"column":null}},"25":{"start":{"line":70,"column":4},"end":{"line":73,"column":null}},"26":{"start":{"line":77,"column":8},"end":{"line":80,"column":null}},"27":{"start":{"line":78,"column":18},"end":{"line":78,"column":null}},"28":{"start":{"line":79,"column":4},"end":{"line":79,"column":null}},"29":{"start":{"line":82,"column":8},"end":{"line":89,"column":null}},"30":{"start":{"line":83,"column":14},"end":{"line":83,"column":null}},"31":{"start":{"line":84,"column":4},"end":{"line":85,"column":null}},"32":{"start":{"line":85,"column":6},"end":{"line":85,"column":null}},"33":{"start":{"line":86,"column":4},"end":{"line":87,"column":null}},"34":{"start":{"line":87,"column":6},"end":{"line":87,"column":null}},"35":{"start":{"line":88,"column":4},"end":{"line":88,"column":null}},"36":{"start":{"line":91,"column":2},"end":{"line":175,"column":null}},"37":{"start":{"line":128,"column":14},"end":{"line":130,"column":null}},"38":{"start":{"line":137,"column":14},"end":{"line":170,"column":null}},"39":{"start":{"line":139,"column":36},"end":{"line":139,"column":null}},"40":{"start":{"line":140,"column":37},"end":{"line":140,"column":null}},"41":{"start":{"line":141,"column":30},"end":{"line":141,"column":null}},"42":{"start":{"line":142,"column":35},"end":{"line":142,"column":null}},"43":{"start":{"line":143,"column":32},"end":{"line":143,"column":null}},"44":{"start":{"line":144,"column":35},"end":{"line":144,"column":null}},"45":{"start":{"line":146,"column":18},"end":{"line":167,"column":null}},"46":{"start":{"line":152,"column":41},"end":{"line":152,"column":null}}},"fnMap":{"0":{"name":"(anonymous_0)","decl":{"start":{"line":13,"column":13},"end":{"line":13,"column":50}},"loc":{"start":{"line":20,"column":6},"end":{"line":177,"column":null}},"line":20},"1":{"name":"(anonymous_1)","decl":{"start":{"line":24,"column":48},"end":{"line":24,"column":null}},"loc":{"start":{"line":25,"column":10},"end":{"line":25,"column":null}},"line":25},"2":{"name":"(anonymous_2)","decl":{"start":{"line":28,"column":8},"end":{"line":28,"column":26}},"loc":{"start":{"line":28,"column":26},"end":{"line":30,"column":null}},"line":28},"3":{"name":"(anonymous_3)","decl":{"start":{"line":32,"column":8},"end":{"line":32,"column":26}},"loc":{"start":{"line":32,"column":26},"end":{"line":34,"column":null}},"line":32},"4":{"name":"(anonymous_4)","decl":{"start":{"line":58,"column":8},"end":{"line":58,"column":28}},"loc":{"start":{"line":58,"column":44},"end":{"line":67,"column":null}},"line":58},"5":{"name":"(anonymous_5)","decl":{"start":{"line":69,"column":8},"end":{"line":69,"column":22}},"loc":{"start":{"line":69,"column":38},"end":{"line":75,"column":null}},"line":69},"6":{"name":"(anonymous_6)","decl":{"start":{"line":77,"column":8},"end":{"line":77,"column":19}},"loc":{"start":{"line":77,"column":35},"end":{"line":80,"column":null}},"line":77},"7":{"name":"(anonymous_7)","decl":{"start":{"line":82,"column":8},"end":{"line":82,"column":25}},"loc":{"start":{"line":82,"column":41},"end":{"line":89,"column":null}},"line":82},"8":{"name":"(anonymous_8)","decl":{"start":{"line":127,"column":24},"end":{"line":127,"column":29}},"loc":{"start":{"line":128,"column":14},"end":{"line":130,"column":null}},"line":128},"9":{"name":"(anonymous_9)","decl":{"start":{"line":135,"column":80},"end":{"line":135,"column":null}},"loc":{"start":{"line":137,"column":14},"end":{"line":170,"column":null}},"line":137},"10":{"name":"(anonymous_10)","decl":{"start":{"line":138,"column":43},"end":{"line":138,"column":48}},"loc":{"start":{"line":138,"column":62},"end":{"line":169,"column":17}},"line":138},"11":{"name":"(anonymous_11)","decl":{"start":{"line":152,"column":26},"end":{"line":152,"column":41}},"loc":{"start":{"line":152,"column":41},"end":{"line":152,"column":null}},"line":152}},"branchMap":{"0":{"loc":{"start":{"line":15,"column":2},"end":{"line":15,"column":null}},"type":"default-arg","locations":[{"start":{"line":15,"column":17},"end":{"line":15,"column":null}}],"line":15},"1":{"loc":{"start":{"line":22,"column":23},"end":{"line":22,"column":null}},"type":"cond-expr","locations":[{"start":{"line":22,"column":55},"end":{"line":22,"column":73}},{"start":{"line":22,"column":73},"end":{"line":22,"column":null}}],"line":22},"2":{"loc":{"start":{"line":60,"column":4},"end":{"line":60,"column":null}},"type":"if","locations":[{"start":{"line":60,"column":4},"end":{"line":60,"column":null}},{"start":{},"end":{}}],"line":60},"3":{"loc":{"start":{"line":60,"column":8},"end":{"line":60,"column":38}},"type":"binary-expr","locations":[{"start":{"line":60,"column":8},"end":{"line":60,"column":19}},{"start":{"line":60,"column":19},"end":{"line":60,"column":38}}],"line":60},"4":{"loc":{"start":{"line":61,"column":4},"end":{"line":61,"column":null}},"type":"if","locations":[{"start":{"line":61,"column":4},"end":{"line":61,"column":null}},{"start":{},"end":{}}],"line":61},"5":{"loc":{"start":{"line":61,"column":8},"end":{"line":61,"column":38}},"type":"binary-expr","locations":[{"start":{"line":61,"column":8},"end":{"line":61,"column":19}},{"start":{"line":61,"column":19},"end":{"line":61,"column":38}}],"line":61},"6":{"loc":{"start":{"line":63,"column":4},"end":{"line":65,"column":null}},"type":"if","locations":[{"start":{"line":63,"column":4},"end":{"line":65,"column":null}},{"start":{},"end":{}}],"line":63},"7":{"loc":{"start":{"line":71,"column":6},"end":{"line":73,"column":null}},"type":"binary-expr","locations":[{"start":{"line":71,"column":6},"end":{"line":71,"column":null}},{"start":{"line":72,"column":6},"end":{"line":72,"column":null}},{"start":{"line":73,"column":6},"end":{"line":73,"column":null}}],"line":71},"8":{"loc":{"start":{"line":79,"column":11},"end":{"line":79,"column":null}},"type":"binary-expr","locations":[{"start":{"line":79,"column":11},"end":{"line":79,"column":43}},{"start":{"line":79,"column":43},"end":{"line":79,"column":73}},{"start":{"line":79,"column":73},"end":{"line":79,"column":null}}],"line":79},"9":{"loc":{"start":{"line":84,"column":4},"end":{"line":85,"column":null}},"type":"if","locations":[{"start":{"line":84,"column":4},"end":{"line":85,"column":null}},{"start":{},"end":{}}],"line":84},"10":{"loc":{"start":{"line":84,"column":8},"end":{"line":84,"column":null}},"type":"binary-expr","locations":[{"start":{"line":84,"column":8},"end":{"line":84,"column":19}},{"start":{"line":84,"column":19},"end":{"line":84,"column":null}}],"line":84},"11":{"loc":{"start":{"line":86,"column":4},"end":{"line":87,"column":null}},"type":"if","locations":[{"start":{"line":86,"column":4},"end":{"line":87,"column":null}},{"start":{},"end":{}}],"line":86},"12":{"loc":{"start":{"line":86,"column":8},"end":{"line":86,"column":null}},"type":"binary-expr","locations":[{"start":{"line":86,"column":8},"end":{"line":86,"column":19}},{"start":{"line":86,"column":19},"end":{"line":86,"column":null}}],"line":86},"13":{"loc":{"start":{"line":140,"column":37},"end":{"line":140,"column":null}},"type":"binary-expr","locations":[{"start":{"line":140,"column":37},"end":{"line":140,"column":55}},{"start":{"line":140,"column":55},"end":{"line":140,"column":null}}],"line":140},"14":{"loc":{"start":{"line":141,"column":30},"end":{"line":141,"column":null}},"type":"cond-expr","locations":[{"start":{"line":141,"column":43},"end":{"line":141,"column":55}},{"start":{"line":141,"column":55},"end":{"line":141,"column":null}}],"line":141},"15":{"loc":{"start":{"line":142,"column":35},"end":{"line":142,"column":null}},"type":"binary-expr","locations":[{"start":{"line":142,"column":35},"end":{"line":142,"column":51}},{"start":{"line":142,"column":51},"end":{"line":142,"column":null}}],"line":142},"16":{"loc":{"start":{"line":143,"column":32},"end":{"line":143,"column":null}},"type":"binary-expr","locations":[{"start":{"line":143,"column":32},"end":{"line":143,"column":48}},{"start":{"line":143,"column":48},"end":{"line":143,"column":null}}],"line":143},"17":{"loc":{"start":{"line":144,"column":35},"end":{"line":144,"column":null}},"type":"binary-expr","locations":[{"start":{"line":144,"column":35},"end":{"line":144,"column":51}},{"start":{"line":144,"column":51},"end":{"line":144,"column":null}}],"line":144},"18":{"loc":{"start":{"line":148,"column":23},"end":{"line":165,"column":null}},"type":"cond-expr","locations":[{"start":{"line":149,"column":24},"end":{"line":165,"column":25}},{"start":{"line":165,"column":24},"end":{"line":165,"column":null}}],"line":148},"19":{"loc":{"start":{"line":155,"column":28},"end":{"line":155,"column":null}},"type":"binary-expr","locations":[{"start":{"line":155,"column":28},"end":{"line":155,"column":37}},{"start":{"line":155,"column":37},"end":{"line":155,"column":50}},{"start":{"line":155,"column":50},"end":{"line":155,"column":null}}],"line":155},"20":{"loc":{"start":{"line":156,"column":28},"end":{"line":157,"column":null}},"type":"binary-expr","locations":[{"start":{"line":156,"column":28},"end":{"line":156,"column":null}},{"start":{"line":157,"column":30},"end":{"line":157,"column":null}}],"line":156},"21":{"loc":{"start":{"line":158,"column":28},"end":{"line":158,"column":null}},"type":"binary-expr","locations":[{"start":{"line":158,"column":28},"end":{"line":158,"column":41}},{"start":{"line":158,"column":41},"end":{"line":158,"column":51}},{"start":{"line":158,"column":51},"end":{"line":158,"column":null}}],"line":158},"22":{"loc":{"start":{"line":159,"column":28},"end":{"line":159,"column":null}},"type":"binary-expr","locations":[{"start":{"line":159,"column":28},"end":{"line":159,"column":40}},{"start":{"line":159,"column":40},"end":{"line":159,"column":null}}],"line":159}},"s":{"0":2,"1":5,"2":5,"3":5,"4":5,"5":5,"6":0,"7":5,"8":0,"9":5,"10":5,"11":5,"12":5,"13":5,"14":5,"15":5,"16":1,"17":1,"18":0,"19":1,"20":0,"21":1,"22":0,"23":1,"24":5,"25":150,"26":5,"27":150,"28":150,"29":5,"30":150,"31":150,"32":0,"33":150,"34":0,"35":150,"36":5,"37":35,"38":25,"39":175,"40":175,"41":175,"42":175,"43":175,"44":175,"45":175,"46":1},"f":{"0":5,"1":5,"2":0,"3":0,"4":1,"5":150,"6":150,"7":150,"8":35,"9":25,"10":175,"11":1},"b":{"0":[5],"1":[1,4],"2":[0,1],"3":[1,0],"4":[0,1],"5":[1,0],"6":[0,1],"7":[150,150,150],"8":[150,150,150],"9":[0,150],"10":[150,0],"11":[0,150],"12":[150,0],"13":[175,165],"14":[150,25],"15":[175,150],"16":[175,150],"17":[175,150],"18":[150,25],"19":[150,5,1],"20":[150,5],"21":[150,145,144],"22":[150,0]},"meta":{"lastBranch":23,"lastFunction":12,"lastStatement":47,"seen":{"s:13:13:177:Infinity":0,"f:13:13:13:50":0,"b:15:17:15:Infinity":0,"s:21:52:21:Infinity":1,"s:22:23:22:Infinity":2,"b:22:55:22:73:22:73:22:Infinity":1,"s:24:42:26:Infinity":3,"f:24:48:24:Infinity":1,"s:25:10:25:Infinity":4,"s:28:8:30:Infinity":5,"f:28:8:28:26":2,"s:29:4:29:Infinity":6,"s:32:8:34:Infinity":7,"f:32:8:32:26":3,"s:33:4:33:Infinity":8,"s:36:15:36:Infinity":9,"s:37:16:37:Infinity":10,"s:39:24:39:Infinity":11,"s:40:22:40:Infinity":12,"s:42:21:42:Infinity":13,"s:43:21:56:Infinity":14,"s:58:8:67:Infinity":15,"f:58:8:58:28":4,"s:59:20:59:Infinity":16,"b:60:4:60:Infinity:undefined:undefined:undefined:undefined":2,"s:60:4:60:Infinity":17,"b:60:8:60:19:60:19:60:38":3,"s:60:38:60:Infinity":18,"b:61:4:61:Infinity:undefined:undefined:undefined:undefined":4,"s:61:4:61:Infinity":19,"b:61:8:61:19:61:19:61:38":5,"s:61:38:61:Infinity":20,"b:63:4:65:Infinity:undefined:undefined:undefined:undefined":6,"s:63:4:65:Infinity":21,"s:64:6:64:Infinity":22,"s:66:4:66:Infinity":23,"s:69:8:75:Infinity":24,"f:69:8:69:22":5,"s:70:4:73:Infinity":25,"b:71:6:71:Infinity:72:6:72:Infinity:73:6:73:Infinity":7,"s:77:8:80:Infinity":26,"f:77:8:77:19":6,"s:78:18:78:Infinity":27,"s:79:4:79:Infinity":28,"b:79:11:79:43:79:43:79:73:79:73:79:Infinity":8,"s:82:8:89:Infinity":29,"f:82:8:82:25":7,"s:83:14:83:Infinity":30,"b:84:4:85:Infinity:undefined:undefined:undefined:undefined":9,"s:84:4:85:Infinity":31,"b:84:8:84:19:84:19:84:Infinity":10,"s:85:6:85:Infinity":32,"b:86:4:87:Infinity:undefined:undefined:undefined:undefined":11,"s:86:4:87:Infinity":33,"b:86:8:86:19:86:19:86:Infinity":12,"s:87:6:87:Infinity":34,"s:88:4:88:Infinity":35,"s:91:2:175:Infinity":36,"f:127:24:127:29":8,"s:128:14:130:Infinity":37,"f:135:80:135:Infinity":9,"s:137:14:170:Infinity":38,"f:138:43:138:48":10,"s:139:36:139:Infinity":39,"s:140:37:140:Infinity":40,"b:140:37:140:55:140:55:140:Infinity":13,"s:141:30:141:Infinity":41,"b:141:43:141:55:141:55:141:Infinity":14,"s:142:35:142:Infinity":42,"b:142:35:142:51:142:51:142:Infinity":15,"s:143:32:143:Infinity":43,"b:143:32:143:48:143:48:143:Infinity":16,"s:144:35:144:Infinity":44,"b:144:35:144:51:144:51:144:Infinity":17,"s:146:18:167:Infinity":45,"b:149:24:165:25:165:24:165:Infinity":18,"f:152:26:152:41":11,"s:152:41:152:Infinity":46,"b:155:28:155:37:155:37:155:50:155:50:155:Infinity":19,"b:156:28:156:Infinity:157:30:157:Infinity":20,"b:158:28:158:41:158:41:158:51:158:51:158:Infinity":21,"b:159:28:159:40:159:40:159:Infinity":22},"fnNames":{}}}
,"E:\\qlxion\\qlxion-ui\\packages\\core-react\\src\\card\\card.tsx": {"path":"E:\\qlxion\\qlxion-ui\\packages\\core-react\\src\\card\\card.tsx","statementMap":{"0":{"start":{"line":9,"column":19},"end":{"line":13,"column":null}},"1":{"start":{"line":14,"column":18},"end":{"line":18,"column":null}},"2":{"start":{"line":19,"column":19},"end":{"line":22,"column":null}},"3":{"start":{"line":31,"column":20},"end":{"line":48,"column":null}},"4":{"start":{"line":36,"column":4},"end":{"line":48,"column":null}},"5":{"start":{"line":49,"column":0},"end":{"line":49,"column":null}}},"fnMap":{"0":{"name":"(anonymous_0)","decl":{"start":{"line":31,"column":26},"end":{"line":31,"column":null}},"loc":{"start":{"line":36,"column":4},"end":{"line":48,"column":null}},"line":36}},"branchMap":{"0":{"loc":{"start":{"line":33,"column":17},"end":{"line":33,"column":38}},"type":"default-arg","locations":[{"start":{"line":33,"column":27},"end":{"line":33,"column":38}}],"line":33},"1":{"loc":{"start":{"line":33,"column":42},"end":{"line":33,"column":56}},"type":"default-arg","locations":[{"start":{"line":33,"column":49},"end":{"line":33,"column":56}}],"line":33},"2":{"loc":{"start":{"line":33,"column":56},"end":{"line":33,"column":72}},"type":"default-arg","locations":[{"start":{"line":33,"column":66},"end":{"line":33,"column":72}}],"line":33},"3":{"loc":{"start":{"line":33,"column":72},"end":{"line":33,"column":87}},"type":"default-arg","locations":[{"start":{"line":33,"column":81},"end":{"line":33,"column":87}}],"line":33}},"s":{"0":1,"1":1,"2":1,"3":1,"4":9,"5":1},"f":{"0":9},"b":{"0":[9],"1":[9],"2":[9],"3":[9]},"meta":{"lastBranch":4,"lastFunction":1,"lastStatement":6,"seen":{"s:9:19:13:Infinity":0,"s:14:18:18:Infinity":1,"s:19:19:22:Infinity":2,"s:31:20:48:Infinity":3,"f:31:26:31:Infinity":0,"s:36:4:48:Infinity":4,"b:33:27:33:38":0,"b:33:49:33:56":1,"b:33:66:33:72":2,"b:33:81:33:87":3,"s:49:0:49:Infinity":5},"fnNames":{}}}
,"E:\\qlxion\\qlxion-ui\\packages\\core-react\\src\\data-table\\data-table.tsx": {"path":"E:\\qlxion\\qlxion-ui\\packages\\core-react\\src\\data-table\\data-table.tsx","statementMap":{"0":{"start":{"line":24,"column":2},"end":{"line":54,"column":null}},"1":{"start":{"line":30,"column":14},"end":{"line":30,"column":null}},"2":{"start":{"line":37,"column":14},"end":{"line":43,"column":null}},"3":{"start":{"line":39,"column":18},"end":{"line":41,"column":null}}},"fnMap":{"0":{"name":"DataTable","decl":{"start":{"line":17,"column":16},"end":{"line":17,"column":57}},"loc":{"start":{"line":23,"column":22},"end":{"line":56,"column":null}},"line":23},"1":{"name":"(anonymous_1)","decl":{"start":{"line":29,"column":21},"end":{"line":29,"column":26}},"loc":{"start":{"line":30,"column":14},"end":{"line":30,"column":null}},"line":30},"2":{"name":"(anonymous_2)","decl":{"start":{"line":36,"column":17},"end":{"line":36,"column":22}},"loc":{"start":{"line":37,"column":14},"end":{"line":43,"column":null}},"line":37},"3":{"name":"(anonymous_3)","decl":{"start":{"line":38,"column":25},"end":{"line":38,"column":30}},"loc":{"start":{"line":39,"column":18},"end":{"line":41,"column":null}},"line":39}},"branchMap":{"0":{"loc":{"start":{"line":20,"column":2},"end":{"line":20,"column":null}},"type":"default-arg","locations":[{"start":{"line":20,"column":17},"end":{"line":20,"column":null}}],"line":20},"1":{"loc":{"start":{"line":35,"column":11},"end":{"line":52,"column":null}},"type":"cond-expr","locations":[{"start":{"line":36,"column":12},"end":{"line":44,"column":null}},{"start":{"line":46,"column":12},"end":{"line":52,"column":null}}],"line":35},"2":{"loc":{"start":{"line":40,"column":21},"end":{"line":40,"column":null}},"type":"cond-expr","locations":[{"start":{"line":40,"column":32},"end":{"line":40,"column":53}},{"start":{"line":40,"column":53},"end":{"line":40,"column":null}}],"line":40}},"s":{"0":3,"1":6,"2":3,"3":8},"f":{"0":3,"1":6,"2":3,"3":8},"b":{"0":[3],"1":[2,1],"2":[0,8]},"meta":{"lastBranch":3,"lastFunction":4,"lastStatement":4,"seen":{"f:17:16:17:57":0,"b:20:17:20:Infinity":0,"s:24:2:54:Infinity":0,"f:29:21:29:26":1,"s:30:14:30:Infinity":1,"b:36:12:44:Infinity:46:12:52:Infinity":1,"f:36:17:36:22":2,"s:37:14:43:Infinity":2,"f:38:25:38:30":3,"s:39:18:41:Infinity":3,"b:40:32:40:53:40:53:40:Infinity":2},"fnNames":{}}}
,"E:\\qlxion\\qlxion-ui\\packages\\core-react\\src\\date-picker\\date-picker.tsx": {"path":"E:\\qlxion\\qlxion-ui\\packages\\core-react\\src\\date-picker\\date-picker.tsx","statementMap":{"0":{"start":{"line":22,"column":26},"end":{"line":22,"column":null}},"1":{"start":{"line":23,"column":52},"end":{"line":23,"column":null}},"2":{"start":{"line":24,"column":23},"end":{"line":24,"column":null}},"3":{"start":{"line":25,"column":23},"end":{"line":25,"column":null}},"4":{"start":{"line":27,"column":8},"end":{"line":33,"column":null}},"5":{"start":{"line":28,"column":4},"end":{"line":30,"column":null}},"6":{"start":{"line":29,"column":6},"end":{"line":29,"column":null}},"7":{"start":{"line":31,"column":4},"end":{"line":31,"column":null}},"8":{"start":{"line":32,"column":4},"end":{"line":32,"column":null}},"9":{"start":{"line":35,"column":8},"end":{"line":40,"column":null}},"10":{"start":{"line":36,"column":4},"end":{"line":36,"column":null}},"11":{"start":{"line":36,"column":12},"end":{"line":36,"column":null}},"12":{"start":{"line":37,"column":4},"end":{"line":39,"column":null}},"13":{"start":{"line":42,"column":2},"end":{"line":81,"column":null}},"14":{"start":{"line":47,"column":23},"end":{"line":47,"column":null}},"15":{"start":{"line":47,"column":41},"end":{"line":47,"column":46}}},"fnMap":{"0":{"name":"DatePicker","decl":{"start":{"line":14,"column":16},"end":{"line":14,"column":27}},"loc":{"start":{"line":21,"column":20},"end":{"line":83,"column":null}},"line":21},"1":{"name":"(anonymous_1)","decl":{"start":{"line":27,"column":8},"end":{"line":27,"column":24}},"loc":{"start":{"line":27,"column":39},"end":{"line":33,"column":null}},"line":27},"2":{"name":"(anonymous_2)","decl":{"start":{"line":35,"column":8},"end":{"line":35,"column":22}},"loc":{"start":{"line":35,"column":35},"end":{"line":40,"column":null}},"line":35},"3":{"name":"(anonymous_3)","decl":{"start":{"line":47,"column":8},"end":{"line":47,"column":23}},"loc":{"start":{"line":47,"column":23},"end":{"line":47,"column":null}},"line":47},"4":{"name":"(anonymous_4)","decl":{"start":{"line":47,"column":23},"end":{"line":47,"column":32}},"loc":{"start":{"line":47,"column":41},"end":{"line":47,"column":46}},"line":47}},"branchMap":{"0":{"loc":{"start":{"line":18,"column":2},"end":{"line":18,"column":null}},"type":"default-arg","locations":[{"start":{"line":18,"column":16},"end":{"line":18,"column":null}}],"line":18},"1":{"loc":{"start":{"line":20,"column":2},"end":{"line":20,"column":null}},"type":"default-arg","locations":[{"start":{"line":20,"column":13},"end":{"line":20,"column":null}}],"line":20},"2":{"loc":{"start":{"line":25,"column":23},"end":{"line":25,"column":null}},"type":"cond-expr","locations":[{"start":{"line":25,"column":38},"end":{"line":25,"column":56}},{"start":{"line":25,"column":56},"end":{"line":25,"column":null}}],"line":25},"3":{"loc":{"start":{"line":28,"column":4},"end":{"line":30,"column":null}},"type":"if","locations":[{"start":{"line":28,"column":4},"end":{"line":30,"column":null}},{"start":{},"end":{}}],"line":28},"4":{"loc":{"start":{"line":36,"column":4},"end":{"line":36,"column":null}},"type":"if","locations":[{"start":{"line":36,"column":4},"end":{"line":36,"column":null}},{"start":{},"end":{}}],"line":36},"5":{"loc":{"start":{"line":52,"column":10},"end":{"line":52,"column":null}},"type":"binary-expr","locations":[{"start":{"line":52,"column":10},"end":{"line":52,"column":27}},{"start":{"line":52,"column":27},"end":{"line":52,"column":null}}],"line":52},"6":{"loc":{"start":{"line":56,"column":15},"end":{"line":56,"column":75}},"type":"cond-expr","locations":[{"start":{"line":56,"column":30},"end":{"line":56,"column":57}},{"start":{"line":56,"column":57},"end":{"line":56,"column":75}}],"line":56},"7":{"loc":{"start":{"line":76,"column":7},"end":{"line":81,"column":null}},"type":"binary-expr","locations":[{"start":{"line":76,"column":7},"end":{"line":76,"column":null}},{"start":{"line":77,"column":8},"end":{"line":81,"column":null}}],"line":76}},"s":{"0":7,"1":7,"2":7,"3":7,"4":7,"5":0,"6":0,"7":0,"8":0,"9":7,"10":1,"11":0,"12":1,"13":7,"14":2,"15":2},"f":{"0":7,"1":0,"2":1,"3":2,"4":2},"b":{"0":[7],"1":[7],"2":[0,7],"3":[0,0],"4":[0,1],"5":[7,6],"6":[1,6],"7":[7,2]},"meta":{"lastBranch":8,"lastFunction":5,"lastStatement":16,"seen":{"f:14:16:14:27":0,"b:18:16:18:Infinity":0,"b:20:13:20:Infinity":1,"s:22:26:22:Infinity":0,"s:23:52:23:Infinity":1,"s:24:23:24:Infinity":2,"s:25:23:25:Infinity":3,"b:25:38:25:56:25:56:25:Infinity":2,"s:27:8:33:Infinity":4,"f:27:8:27:24":1,"b:28:4:30:Infinity:undefined:undefined:undefined:undefined":3,"s:28:4:30:Infinity":5,"s:29:6:29:Infinity":6,"s:31:4:31:Infinity":7,"s:32:4:32:Infinity":8,"s:35:8:40:Infinity":9,"f:35:8:35:22":2,"b:36:4:36:Infinity:undefined:undefined:undefined:undefined":4,"s:36:4:36:Infinity":10,"s:36:12:36:Infinity":11,"s:37:4:39:Infinity":12,"s:42:2:81:Infinity":13,"f:47:8:47:23":3,"s:47:23:47:Infinity":14,"f:47:23:47:32":4,"s:47:41:47:46":15,"b:52:10:52:27:52:27:52:Infinity":5,"b:56:30:56:57:56:57:56:75":6,"b:76:7:76:Infinity:77:8:81:Infinity":7},"fnNames":{}}}
,"E:\\qlxion\\qlxion-ui\\packages\\core-react\\src\\dialog\\dialog.tsx": {"path":"E:\\qlxion\\qlxion-ui\\packages\\core-react\\src\\dialog\\dialog.tsx","statementMap":{"0":{"start":{"line":9,"column":22},"end":{"line":9,"column":null}},"1":{"start":{"line":18,"column":6},"end":{"line":39,"column":null}},"2":{"start":{"line":24,"column":50},"end":{"line":24,"column":null}},"3":{"start":{"line":25,"column":23},"end":{"line":25,"column":null}},"4":{"start":{"line":26,"column":15},"end":{"line":26,"column":null}},"5":{"start":{"line":28,"column":18},"end":{"line":36,"column":null}},"6":{"start":{"line":30,"column":6},"end":{"line":32,"column":null}},"7":{"start":{"line":31,"column":8},"end":{"line":31,"column":null}},"8":{"start":{"line":33,"column":6},"end":{"line":33,"column":null}},"9":{"start":{"line":38,"column":2},"end":{"line":38,"column":null}},"10":{"start":{"line":41,"column":6},"end":{"line":47,"column":null}},"11":{"start":{"line":42,"column":18},"end":{"line":42,"column":null}},"12":{"start":{"line":43,"column":2},"end":{"line":45,"column":null}},"13":{"start":{"line":44,"column":4},"end":{"line":44,"column":null}},"14":{"start":{"line":46,"column":2},"end":{"line":46,"column":null}},"15":{"start":{"line":49,"column":22},"end":{"line":66,"column":null}},"16":{"start":{"line":53,"column":22},"end":{"line":53,"column":null}},"17":{"start":{"line":54,"column":2},"end":{"line":64,"column":null}},"18":{"start":{"line":59,"column":8},"end":{"line":59,"column":null}},"19":{"start":{"line":60,"column":8},"end":{"line":60,"column":null}},"20":{"start":{"line":67,"column":0},"end":{"line":67,"column":null}},"21":{"start":{"line":69,"column":22},"end":{"line":123,"column":null}},"22":{"start":{"line":71,"column":30},"end":{"line":71,"column":null}},"23":{"start":{"line":73,"column":4},"end":{"line":81,"column":null}},"24":{"start":{"line":74,"column":12},"end":{"line":78,"column":null}},"25":{"start":{"line":75,"column":8},"end":{"line":77,"column":null}},"26":{"start":{"line":76,"column":10},"end":{"line":76,"column":null}},"27":{"start":{"line":79,"column":6},"end":{"line":79,"column":null}},"28":{"start":{"line":80,"column":6},"end":{"line":80,"column":null}},"29":{"start":{"line":80,"column":19},"end":{"line":80,"column":null}},"30":{"start":{"line":83,"column":4},"end":{"line":83,"column":null}},"31":{"start":{"line":83,"column":15},"end":{"line":83,"column":null}},"32":{"start":{"line":85,"column":4},"end":{"line":120,"column":null}},"33":{"start":{"line":89,"column":25},"end":{"line":89,"column":null}},"34":{"start":{"line":106,"column":27},"end":{"line":106,"column":null}},"35":{"start":{"line":124,"column":0},"end":{"line":124,"column":null}},"36":{"start":{"line":126,"column":6},"end":{"line":127,"column":null}},"37":{"start":{"line":127,"column":2},"end":{"line":127,"column":null}},"38":{"start":{"line":129,"column":0},"end":{"line":129,"column":null}},"39":{"start":{"line":131,"column":6},"end":{"line":135,"column":null}},"40":{"start":{"line":132,"column":2},"end":{"line":135,"column":null}},"41":{"start":{"line":137,"column":0},"end":{"line":137,"column":null}},"42":{"start":{"line":139,"column":20},"end":{"line":147,"column":null}},"43":{"start":{"line":141,"column":4},"end":{"line":147,"column":null}},"44":{"start":{"line":148,"column":0},"end":{"line":148,"column":null}},"45":{"start":{"line":150,"column":26},"end":{"line":155,"column":null}},"46":{"start":{"line":154,"column":2},"end":{"line":155,"column":null}},"47":{"start":{"line":156,"column":0},"end":{"line":156,"column":null}},"48":{"start":{"line":158,"column":20},"end":{"line":174,"column":null}},"49":{"start":{"line":162,"column":22},"end":{"line":162,"column":null}},"50":{"start":{"line":163,"column":2},"end":{"line":172,"column":null}},"51":{"start":{"line":168,"column":8},"end":{"line":168,"column":null}},"52":{"start":{"line":169,"column":8},"end":{"line":169,"column":null}},"53":{"start":{"line":175,"column":0},"end":{"line":175,"column":null}}},"fnMap":{"0":{"name":"(anonymous_0)","decl":{"start":{"line":18,"column":6},"end":{"line":18,"column":39}},"loc":{"start":{"line":23,"column":6},"end":{"line":39,"column":null}},"line":23},"1":{"name":"(anonymous_1)","decl":{"start":{"line":28,"column":24},"end":{"line":28,"column":null}},"loc":{"start":{"line":29,"column":24},"end":{"line":34,"column":null}},"line":29},"2":{"name":"(anonymous_2)","decl":{"start":{"line":41,"column":6},"end":{"line":41,"column":24}},"loc":{"start":{"line":41,"column":24},"end":{"line":47,"column":null}},"line":41},"3":{"name":"(anonymous_3)","decl":{"start":{"line":49,"column":28},"end":{"line":49,"column":null}},"loc":{"start":{"line":52,"column":34},"end":{"line":66,"column":1}},"line":52},"4":{"name":"(anonymous_4)","decl":{"start":{"line":58,"column":6},"end":{"line":58,"column":16}},"loc":{"start":{"line":58,"column":22},"end":{"line":61,"column":null}},"line":58},"5":{"name":"(anonymous_5)","decl":{"start":{"line":69,"column":28},"end":{"line":69,"column":null}},"loc":{"start":{"line":70,"column":71},"end":{"line":122,"column":null}},"line":70},"6":{"name":"(anonymous_6)","decl":{"start":{"line":73,"column":10},"end":{"line":73,"column":26}},"loc":{"start":{"line":73,"column":26},"end":{"line":81,"column":7}},"line":73},"7":{"name":"(anonymous_7)","decl":{"start":{"line":74,"column":12},"end":{"line":74,"column":29}},"loc":{"start":{"line":74,"column":50},"end":{"line":78,"column":null}},"line":74},"8":{"name":"(anonymous_8)","decl":{"start":{"line":80,"column":6},"end":{"line":80,"column":19}},"loc":{"start":{"line":80,"column":19},"end":{"line":80,"column":null}},"line":80},"9":{"name":"(anonymous_9)","decl":{"start":{"line":89,"column":10},"end":{"line":89,"column":25}},"loc":{"start":{"line":89,"column":25},"end":{"line":89,"column":null}},"line":89},"10":{"name":"(anonymous_10)","decl":{"start":{"line":106,"column":12},"end":{"line":106,"column":27}},"loc":{"start":{"line":106,"column":27},"end":{"line":106,"column":null}},"line":106},"11":{"name":"(anonymous_11)","decl":{"start":{"line":126,"column":6},"end":{"line":126,"column":22}},"loc":{"start":{"line":127,"column":2},"end":{"line":127,"column":null}},"line":127},"12":{"name":"(anonymous_12)","decl":{"start":{"line":131,"column":6},"end":{"line":131,"column":22}},"loc":{"start":{"line":132,"column":2},"end":{"line":135,"column":null}},"line":132},"13":{"name":"(anonymous_13)","decl":{"start":{"line":139,"column":26},"end":{"line":139,"column":null}},"loc":{"start":{"line":141,"column":4},"end":{"line":147,"column":null}},"line":141},"14":{"name":"(anonymous_14)","decl":{"start":{"line":150,"column":32},"end":{"line":150,"column":null}},"loc":{"start":{"line":154,"column":2},"end":{"line":155,"column":null}},"line":154},"15":{"name":"(anonymous_15)","decl":{"start":{"line":158,"column":26},"end":{"line":158,"column":null}},"loc":{"start":{"line":161,"column":34},"end":{"line":174,"column":1}},"line":161},"16":{"name":"(anonymous_16)","decl":{"start":{"line":167,"column":6},"end":{"line":167,"column":16}},"loc":{"start":{"line":167,"column":22},"end":{"line":170,"column":null}},"line":167}},"branchMap":{"0":{"loc":{"start":{"line":20,"column":2},"end":{"line":20,"column":null}},"type":"default-arg","locations":[{"start":{"line":20,"column":16},"end":{"line":20,"column":null}}],"line":20},"1":{"loc":{"start":{"line":26,"column":15},"end":{"line":26,"column":null}},"type":"cond-expr","locations":[{"start":{"line":26,"column":30},"end":{"line":26,"column":47}},{"start":{"line":26,"column":47},"end":{"line":26,"column":null}}],"line":26},"2":{"loc":{"start":{"line":30,"column":6},"end":{"line":32,"column":null}},"type":"if","locations":[{"start":{"line":30,"column":6},"end":{"line":32,"column":null}},{"start":{},"end":{}}],"line":30},"3":{"loc":{"start":{"line":43,"column":2},"end":{"line":45,"column":null}},"type":"if","locations":[{"start":{"line":43,"column":2},"end":{"line":45,"column":null}},{"start":{},"end":{}}],"line":43},"4":{"loc":{"start":{"line":75,"column":8},"end":{"line":77,"column":null}},"type":"if","locations":[{"start":{"line":75,"column":8},"end":{"line":77,"column":null}},{"start":{},"end":{}}],"line":75},"5":{"loc":{"start":{"line":75,"column":12},"end":{"line":75,"column":40}},"type":"binary-expr","locations":[{"start":{"line":75,"column":12},"end":{"line":75,"column":34}},{"start":{"line":75,"column":34},"end":{"line":75,"column":40}}],"line":75},"6":{"loc":{"start":{"line":83,"column":4},"end":{"line":83,"column":null}},"type":"if","locations":[{"start":{"line":83,"column":4},"end":{"line":83,"column":null}},{"start":{},"end":{}}],"line":83},"7":{"loc":{"start":{"line":96,"column":22},"end":{"line":96,"column":null}},"type":"binary-expr","locations":[{"start":{"line":96,"column":22},"end":{"line":96,"column":35}},{"start":{"line":96,"column":35},"end":{"line":96,"column":null}}],"line":96}},"s":{"0":2,"1":2,"2":6,"3":6,"4":6,"5":6,"6":2,"7":2,"8":2,"9":6,"10":2,"11":11,"12":11,"13":0,"14":11,"15":2,"16":5,"17":5,"18":2,"19":2,"20":2,"21":2,"22":6,"23":6,"24":6,"25":0,"26":0,"27":6,"28":6,"29":2,"30":6,"31":3,"32":3,"33":0,"34":0,"35":2,"36":2,"37":0,"38":2,"39":2,"40":0,"41":2,"42":2,"43":3,"44":2,"45":2,"46":3,"47":2,"48":2,"49":0,"50":0,"51":0,"52":0,"53":2},"f":{"0":6,"1":2,"2":11,"3":5,"4":2,"5":6,"6":6,"7":0,"8":2,"9":0,"10":0,"11":0,"12":0,"13":3,"14":3,"15":0,"16":0},"b":{"0":[6],"1":[0,6],"2":[2,0],"3":[0,11],"4":[0,0],"5":[0,0],"6":[3,3],"7":[3,3]},"meta":{"lastBranch":8,"lastFunction":17,"lastStatement":54,"seen":{"s:9:22:9:Infinity":0,"s:18:6:39:Infinity":1,"f:18:6:18:39":0,"b:20:16:20:Infinity":0,"s:24:50:24:Infinity":2,"s:25:23:25:Infinity":3,"s:26:15:26:Infinity":4,"b:26:30:26:47:26:47:26:Infinity":1,"s:28:18:36:Infinity":5,"f:28:24:28:Infinity":1,"b:30:6:32:Infinity:undefined:undefined:undefined:undefined":2,"s:30:6:32:Infinity":6,"s:31:8:31:Infinity":7,"s:33:6:33:Infinity":8,"s:38:2:38:Infinity":9,"s:41:6:47:Infinity":10,"f:41:6:41:24":2,"s:42:18:42:Infinity":11,"b:43:2:45:Infinity:undefined:undefined:undefined:undefined":3,"s:43:2:45:Infinity":12,"s:44:4:44:Infinity":13,"s:46:2:46:Infinity":14,"s:49:22:66:Infinity":15,"f:49:28:49:Infinity":3,"s:53:22:53:Infinity":16,"s:54:2:64:Infinity":17,"f:58:6:58:16":4,"s:59:8:59:Infinity":18,"s:60:8:60:Infinity":19,"s:67:0:67:Infinity":20,"s:69:22:123:Infinity":21,"f:69:28:69:Infinity":5,"s:71:30:71:Infinity":22,"s:73:4:81:Infinity":23,"f:73:10:73:26":6,"s:74:12:78:Infinity":24,"f:74:12:74:29":7,"b:75:8:77:Infinity:undefined:undefined:undefined:undefined":4,"s:75:8:77:Infinity":25,"b:75:12:75:34:75:34:75:40":5,"s:76:10:76:Infinity":26,"s:79:6:79:Infinity":27,"s:80:6:80:Infinity":28,"f:80:6:80:19":8,"s:80:19:80:Infinity":29,"b:83:4:83:Infinity:undefined:undefined:undefined:undefined":6,"s:83:4:83:Infinity":30,"s:83:15:83:Infinity":31,"s:85:4:120:Infinity":32,"f:89:10:89:25":9,"s:89:25:89:Infinity":33,"b:96:22:96:35:96:35:96:Infinity":7,"f:106:12:106:27":10,"s:106:27:106:Infinity":34,"s:124:0:124:Infinity":35,"s:126:6:127:Infinity":36,"f:126:6:126:22":11,"s:127:2:127:Infinity":37,"s:129:0:129:Infinity":38,"s:131:6:135:Infinity":39,"f:131:6:131:22":12,"s:132:2:135:Infinity":40,"s:137:0:137:Infinity":41,"s:139:20:147:Infinity":42,"f:139:26:139:Infinity":13,"s:141:4:147:Infinity":43,"s:148:0:148:Infinity":44,"s:150:26:155:Infinity":45,"f:150:32:150:Infinity":14,"s:154:2:155:Infinity":46,"s:156:0:156:Infinity":47,"s:158:20:174:Infinity":48,"f:158:26:158:Infinity":15,"s:162:22:162:Infinity":49,"s:163:2:172:Infinity":50,"f:167:6:167:16":16,"s:168:8:168:Infinity":51,"s:169:8:169:Infinity":52,"s:175:0:175:Infinity":53},"fnNames":{}}}
,"E:\\qlxion\\qlxion-ui\\packages\\core-react\\src\\dropdown\\dropdown.tsx": {"path":"E:\\qlxion\\qlxion-ui\\packages\\core-react\\src\\dropdown\\dropdown.tsx","statementMap":{"0":{"start":{"line":11,"column":24},"end":{"line":11,"column":null}},"1":{"start":{"line":22,"column":13},"end":{"line":60,"column":null}},"2":{"start":{"line":30,"column":50},"end":{"line":30,"column":null}},"3":{"start":{"line":31,"column":54},"end":{"line":31,"column":null}},"4":{"start":{"line":32,"column":15},"end":{"line":32,"column":null}},"5":{"start":{"line":33,"column":25},"end":{"line":33,"column":null}},"6":{"start":{"line":35,"column":18},"end":{"line":41,"column":null}},"7":{"start":{"line":37,"column":6},"end":{"line":37,"column":null}},"8":{"start":{"line":37,"column":34},"end":{"line":37,"column":null}},"9":{"start":{"line":38,"column":6},"end":{"line":38,"column":null}},"10":{"start":{"line":43,"column":22},"end":{"line":53,"column":null}},"11":{"start":{"line":45,"column":19},"end":{"line":47,"column":null}},"12":{"start":{"line":46,"column":39},"end":{"line":46,"column":48}},"13":{"start":{"line":48,"column":6},"end":{"line":48,"column":null}},"14":{"start":{"line":48,"column":33},"end":{"line":48,"column":null}},"15":{"start":{"line":49,"column":6},"end":{"line":49,"column":null}},"16":{"start":{"line":50,"column":6},"end":{"line":50,"column":null}},"17":{"start":{"line":50,"column":21},"end":{"line":50,"column":null}},"18":{"start":{"line":55,"column":2},"end":{"line":58,"column":null}},"19":{"start":{"line":62,"column":31},"end":{"line":86,"column":null}},"20":{"start":{"line":66,"column":14},"end":{"line":66,"column":null}},"21":{"start":{"line":67,"column":2},"end":{"line":84,"column":null}},"22":{"start":{"line":74,"column":8},"end":{"line":74,"column":null}},"23":{"start":{"line":75,"column":8},"end":{"line":75,"column":null}},"24":{"start":{"line":87,"column":0},"end":{"line":87,"column":null}},"25":{"start":{"line":89,"column":31},"end":{"line":108,"column":null}},"26":{"start":{"line":93,"column":14},"end":{"line":93,"column":null}},"27":{"start":{"line":94,"column":2},"end":{"line":94,"column":null}},"28":{"start":{"line":94,"column":18},"end":{"line":94,"column":null}},"29":{"start":{"line":95,"column":2},"end":{"line":106,"column":null}},"30":{"start":{"line":109,"column":0},"end":{"line":109,"column":null}},"31":{"start":{"line":117,"column":28},"end":{"line":143,"column":null}},"32":{"start":{"line":119,"column":16},"end":{"line":119,"column":null}},"33":{"start":{"line":120,"column":4},"end":{"line":140,"column":null}},"34":{"start":{"line":126,"column":10},"end":{"line":126,"column":null}},"35":{"start":{"line":126,"column":24},"end":{"line":126,"column":null}},"36":{"start":{"line":127,"column":10},"end":{"line":127,"column":null}},"37":{"start":{"line":127,"column":21},"end":{"line":127,"column":null}},"38":{"start":{"line":128,"column":10},"end":{"line":128,"column":null}},"39":{"start":{"line":129,"column":10},"end":{"line":129,"column":null}},"40":{"start":{"line":130,"column":10},"end":{"line":130,"column":null}},"41":{"start":{"line":130,"column":22},"end":{"line":130,"column":null}},"42":{"start":{"line":144,"column":0},"end":{"line":144,"column":null}},"43":{"start":{"line":146,"column":36},"end":{"line":159,"column":null}},"44":{"start":{"line":150,"column":14},"end":{"line":150,"column":null}},"45":{"start":{"line":152,"column":4},"end":{"line":152,"column":null}},"46":{"start":{"line":153,"column":2},"end":{"line":157,"column":null}},"47":{"start":{"line":160,"column":0},"end":{"line":160,"column":null}}},"fnMap":{"0":{"name":"(anonymous_0)","decl":{"start":{"line":22,"column":13},"end":{"line":22,"column":50}},"loc":{"start":{"line":29,"column":6},"end":{"line":60,"column":null}},"line":29},"1":{"name":"(anonymous_1)","decl":{"start":{"line":35,"column":24},"end":{"line":35,"column":null}},"loc":{"start":{"line":36,"column":23},"end":{"line":39,"column":null}},"line":36},"2":{"name":"(anonymous_2)","decl":{"start":{"line":43,"column":28},"end":{"line":43,"column":null}},"loc":{"start":{"line":44,"column":21},"end":{"line":51,"column":null}},"line":44},"3":{"name":"(anonymous_3)","decl":{"start":{"line":46,"column":25},"end":{"line":46,"column":33}},"loc":{"start":{"line":46,"column":39},"end":{"line":46,"column":48}},"line":46},"4":{"name":"(anonymous_4)","decl":{"start":{"line":62,"column":37},"end":{"line":62,"column":null}},"loc":{"start":{"line":65,"column":55},"end":{"line":86,"column":1}},"line":65},"5":{"name":"(anonymous_5)","decl":{"start":{"line":73,"column":6},"end":{"line":73,"column":16}},"loc":{"start":{"line":73,"column":22},"end":{"line":76,"column":null}},"line":73},"6":{"name":"(anonymous_6)","decl":{"start":{"line":89,"column":37},"end":{"line":89,"column":null}},"loc":{"start":{"line":92,"column":46},"end":{"line":108,"column":1}},"line":92},"7":{"name":"(anonymous_7)","decl":{"start":{"line":117,"column":34},"end":{"line":117,"column":null}},"loc":{"start":{"line":118,"column":90},"end":{"line":142,"column":null}},"line":118},"8":{"name":"(anonymous_8)","decl":{"start":{"line":125,"column":8},"end":{"line":125,"column":18}},"loc":{"start":{"line":125,"column":24},"end":{"line":131,"column":null}},"line":125},"9":{"name":"(anonymous_9)","decl":{"start":{"line":146,"column":42},"end":{"line":146,"column":null}},"loc":{"start":{"line":149,"column":62},"end":{"line":159,"column":1}},"line":149}},"branchMap":{"0":{"loc":{"start":{"line":25,"column":2},"end":{"line":25,"column":null}},"type":"default-arg","locations":[{"start":{"line":25,"column":13},"end":{"line":25,"column":null}}],"line":25},"1":{"loc":{"start":{"line":32,"column":15},"end":{"line":32,"column":null}},"type":"cond-expr","locations":[{"start":{"line":32,"column":40},"end":{"line":32,"column":51}},{"start":{"line":32,"column":51},"end":{"line":32,"column":null}}],"line":32},"2":{"loc":{"start":{"line":33,"column":25},"end":{"line":33,"column":null}},"type":"cond-expr","locations":[{"start":{"line":33,"column":49},"end":{"line":33,"column":59}},{"start":{"line":33,"column":59},"end":{"line":33,"column":null}}],"line":33},"3":{"loc":{"start":{"line":37,"column":6},"end":{"line":37,"column":null}},"type":"if","locations":[{"start":{"line":37,"column":6},"end":{"line":37,"column":null}},{"start":{},"end":{}}],"line":37},"4":{"loc":{"start":{"line":45,"column":19},"end":{"line":47,"column":null}},"type":"cond-expr","locations":[{"start":{"line":46,"column":10},"end":{"line":46,"column":null}},{"start":{"line":47,"column":10},"end":{"line":47,"column":null}}],"line":45},"5":{"loc":{"start":{"line":48,"column":6},"end":{"line":48,"column":null}},"type":"if","locations":[{"start":{"line":48,"column":6},"end":{"line":48,"column":null}},{"start":{},"end":{}}],"line":48},"6":{"loc":{"start":{"line":50,"column":6},"end":{"line":50,"column":null}},"type":"if","locations":[{"start":{"line":50,"column":6},"end":{"line":50,"column":null}},{"start":{},"end":{}}],"line":50},"7":{"loc":{"start":{"line":94,"column":2},"end":{"line":94,"column":null}},"type":"if","locations":[{"start":{"line":94,"column":2},"end":{"line":94,"column":null}},{"start":{},"end":{}}],"line":94},"8":{"loc":{"start":{"line":118,"column":23},"end":{"line":118,"column":41}},"type":"default-arg","locations":[{"start":{"line":118,"column":34},"end":{"line":118,"column":41}}],"line":118},"9":{"loc":{"start":{"line":126,"column":10},"end":{"line":126,"column":null}},"type":"if","locations":[{"start":{"line":126,"column":10},"end":{"line":126,"column":null}},{"start":{},"end":{}}],"line":126},"10":{"loc":{"start":{"line":127,"column":10},"end":{"line":127,"column":null}},"type":"if","locations":[{"start":{"line":127,"column":10},"end":{"line":127,"column":null}},{"start":{},"end":{}}],"line":127},"11":{"loc":{"start":{"line":130,"column":10},"end":{"line":130,"column":null}},"type":"if","locations":[{"start":{"line":130,"column":10},"end":{"line":130,"column":null}},{"start":{},"end":{}}],"line":130},"12":{"loc":{"start":{"line":134,"column":10},"end":{"line":134,"column":null}},"type":"binary-expr","locations":[{"start":{"line":134,"column":10},"end":{"line":134,"column":22}},{"start":{"line":134,"column":22},"end":{"line":134,"column":null}}],"line":134},"13":{"loc":{"start":{"line":152,"column":4},"end":{"line":152,"column":null}},"type":"cond-expr","locations":[{"start":{"line":152,"column":28},"end":{"line":152,"column":38}},{"start":{"line":152,"column":38},"end":{"line":152,"column":null}}],"line":152},"14":{"loc":{"start":{"line":152,"column":38},"end":{"line":152,"column":null}},"type":"cond-expr","locations":[{"start":{"line":152,"column":46},"end":{"line":152,"column":84}},{"start":{"line":152,"column":84},"end":{"line":152,"column":null}}],"line":152},"15":{"loc":{"start":{"line":155,"column":7},"end":{"line":156,"column":null}},"type":"binary-expr","locations":[{"start":{"line":155,"column":7},"end":{"line":155,"column":20}},{"start":{"line":155,"column":20},"end":{"line":156,"column":null}}],"line":155}},"s":{"0":1,"1":1,"2":3,"3":3,"4":3,"5":3,"6":3,"7":1,"8":1,"9":1,"10":3,"11":0,"12":0,"13":0,"14":0,"15":0,"16":0,"17":0,"18":3,"19":1,"20":3,"21":3,"22":1,"23":1,"24":1,"25":1,"26":3,"27":3,"28":2,"29":1,"30":1,"31":1,"32":1,"33":1,"34":0,"35":0,"36":0,"37":0,"38":0,"39":0,"40":0,"41":0,"42":1,"43":1,"44":0,"45":0,"46":0,"47":1},"f":{"0":3,"1":1,"2":0,"3":0,"4":3,"5":1,"6":3,"7":1,"8":0,"9":0},"b":{"0":[3],"1":[0,3],"2":[0,3],"3":[1,0],"4":[0,0],"5":[0,0],"6":[0,0],"7":[2,1],"8":[1],"9":[0,0],"10":[0,0],"11":[0,0],"12":[1,0],"13":[0,0],"14":[0,0],"15":[0,0]},"meta":{"lastBranch":16,"lastFunction":10,"lastStatement":48,"seen":{"s:11:24:11:Infinity":0,"s:22:13:60:Infinity":1,"f:22:13:22:50":0,"b:25:13:25:Infinity":0,"s:30:50:30:Infinity":2,"s:31:54:31:Infinity":3,"s:32:15:32:Infinity":4,"b:32:40:32:51:32:51:32:Infinity":1,"s:33:25:33:Infinity":5,"b:33:49:33:59:33:59:33:Infinity":2,"s:35:18:41:Infinity":6,"f:35:24:35:Infinity":1,"b:37:6:37:Infinity:undefined:undefined:undefined:undefined":3,"s:37:6:37:Infinity":7,"s:37:34:37:Infinity":8,"s:38:6:38:Infinity":9,"s:43:22:53:Infinity":10,"f:43:28:43:Infinity":2,"s:45:19:47:Infinity":11,"b:46:10:46:Infinity:47:10:47:Infinity":4,"f:46:25:46:33":3,"s:46:39:46:48":12,"b:48:6:48:Infinity:undefined:undefined:undefined:undefined":5,"s:48:6:48:Infinity":13,"s:48:33:48:Infinity":14,"s:49:6:49:Infinity":15,"b:50:6:50:Infinity:undefined:undefined:undefined:undefined":6,"s:50:6:50:Infinity":16,"s:50:21:50:Infinity":17,"s:55:2:58:Infinity":18,"s:62:31:86:Infinity":19,"f:62:37:62:Infinity":4,"s:66:14:66:Infinity":20,"s:67:2:84:Infinity":21,"f:73:6:73:16":5,"s:74:8:74:Infinity":22,"s:75:8:75:Infinity":23,"s:87:0:87:Infinity":24,"s:89:31:108:Infinity":25,"f:89:37:89:Infinity":6,"s:93:14:93:Infinity":26,"b:94:2:94:Infinity:undefined:undefined:undefined:undefined":7,"s:94:2:94:Infinity":27,"s:94:18:94:Infinity":28,"s:95:2:106:Infinity":29,"s:109:0:109:Infinity":30,"s:117:28:143:Infinity":31,"f:117:34:117:Infinity":7,"b:118:34:118:41":8,"s:119:16:119:Infinity":32,"s:120:4:140:Infinity":33,"f:125:8:125:18":8,"b:126:10:126:Infinity:undefined:undefined:undefined:undefined":9,"s:126:10:126:Infinity":34,"s:126:24:126:Infinity":35,"b:127:10:127:Infinity:undefined:undefined:undefined:undefined":10,"s:127:10:127:Infinity":36,"s:127:21:127:Infinity":37,"s:128:10:128:Infinity":38,"s:129:10:129:Infinity":39,"b:130:10:130:Infinity:undefined:undefined:undefined:undefined":11,"s:130:10:130:Infinity":40,"s:130:22:130:Infinity":41,"b:134:10:134:22:134:22:134:Infinity":12,"s:144:0:144:Infinity":42,"s:146:36:159:Infinity":43,"f:146:42:146:Infinity":9,"s:150:14:150:Infinity":44,"s:152:4:152:Infinity":45,"b:152:28:152:38:152:38:152:Infinity":13,"b:152:46:152:84:152:84:152:Infinity":14,"s:153:2:157:Infinity":46,"b:155:7:155:20:155:20:156:Infinity":15,"s:160:0:160:Infinity":47},"fnNames":{}}}
[...]
x": {"path":"E:\\qlxion\\qlxion-ui\\packages\\core-react\\src\\toggle\\toggle.tsx","statementMap":{"0":{"start":{"line":4,"column":23},"end":{"line":23,"column":null}},"1":{"start":{"line":39,"column":15},"end":{"line":84,"column":null}},"2":{"start":{"line":53,"column":58},"end":{"line":53,"column":null}},"3":{"start":{"line":54,"column":25},"end":{"line":54,"column":null}},"4":{"start":{"line":55,"column":22},"end":{"line":55,"column":null}},"5":{"start":{"line":57,"column":10},"end":{"line":65,"column":null}},"6":{"start":{"line":58,"column":6},"end":{"line":58,"column":null}},"7":{"start":{"line":59,"column":6},"end":{"line":59,"column":null}},"8":{"start":{"line":59,"column":20},"end":{"line":59,"column":null}},"9":{"start":{"line":60,"column":19},"end":{"line":60,"column":null}},"10":{"start":{"line":61,"column":6},"end":{"line":63,"column":null}},"11":{"start":{"line":62,"column":8},"end":{"line":62,"column":null}},"12":{"start":{"line":64,"column":6},"end":{"line":64,"column":null}},"13":{"start":{"line":67,"column":4},"end":{"line":81,"column":null}},"14":{"start":{"line":85,"column":0},"end":{"line":85,"column":null}}},"fnMap":{"0":{"name":"(anonymous_0)","decl":{"start":{"line":39,"column":21},"end":{"line":39,"column":null}},"loc":{"start":{"line":52,"column":7},"end":{"line":83,"column":null}},"line":52},"1":{"name":"(anonymous_1)","decl":{"start":{"line":57,"column":10},"end":{"line":57,"column":25}},"loc":{"start":{"line":57,"column":68},"end":{"line":65,"column":null}},"line":57}},"branchMap":{"0":{"loc":{"start":{"line":44,"column":6},"end":{"line":44,"column":null}},"type":"default-arg","locations":[{"start":{"line":44,"column":23},"end":{"line":44,"column":null}}],"line":44},"1":{"loc":{"start":{"line":46,"column":6},"end":{"line":46,"column":null}},"type":"default-arg","locations":[{"start":{"line":46,"column":16},"end":{"line":46,"column":null}}],"line":46},"2":{"loc":{"start":{"line":47,"column":6},"end":{"line":47,"column":null}},"type":"default-arg","locations":[{"start":{"line":47,"column":13},"end":{"line":47,"column":null}}],"line":47},"3":{"loc":{"start":{"line":55,"column":22},"end":{"line":55,"column":null}},"type":"cond-expr","locations":[{"start":{"line":55,"column":37},"end":{"line":55,"column":57}},{"start":{"line":55,"column":57},"end":{"line":55,"column":null}}],"line":55},"4":{"loc":{"start":{"line":59,"column":6},"end":{"line":59,"column":null}},"type":"if","locations":[{"start":{"line":59,"column":6},"end":{"line":59,"column":null}},{"start":{},"end":{}}],"line":59},"5":{"loc":{"start":{"line":61,"column":6},"end":{"line":63,"column":null}},"type":"if","locations":[{"start":{"line":61,"column":6},"end":{"line":63,"column":null}},{"start":{},"end":{}}],"line":61},"6":{"loc":{"start":{"line":71,"column":20},"end":{"line":71,"column":null}},"type":"cond-expr","locations":[{"start":{"line":71,"column":32},"end":{"line":71,"column":39}},{"start":{"line":71,"column":39},"end":{"line":71,"column":null}}],"line":71},"7":{"loc":{"start":{"line":77,"column":10},"end":{"line":77,"column":null}},"type":"binary-expr","locations":[{"start":{"line":77,"column":10},"end":{"line":77,"column":23}},{"start":{"line":77,"column":23},"end":{"line":77,"column":null}}],"line":77}},"s":{"0":2,"1":2,"2":24,"3":24,"4":24,"5":24,"6":5,"7":5,"8":0,"9":5,"10":5,"11":1,"12":5,"13":24,"14":2},"f":{"0":24,"1":5},"b":{"0":[24],"1":[24],"2":[24],"3":[16,8],"4":[0,5],"5":[1,4],"6":[7,17],"7":[24,7]},"meta":{"lastBranch":8,"lastFunction":2,"lastStatement":15,"seen":{"s:4:23:23:Infinity":0,"s:39:15:84:Infinity":1,"f:39:21:39:Infinity":0,"b:44:23:44:Infinity":0,"b:46:16:46:Infinity":1,"b:47:13:47:Infinity":2,"s:53:58:53:Infinity":2,"s:54:25:54:Infinity":3,"s:55:22:55:Infinity":4,"b:55:37:55:57:55:57:55:Infinity":3,"s:57:10:65:Infinity":5,"f:57:10:57:25":1,"s:58:6:58:Infinity":6,"b:59:6:59:Infinity:undefined:undefined:undefined:undefined":4,"s:59:6:59:Infinity":7,"s:59:20:59:Infinity":8,"s:60:19:60:Infinity":9,"b:61:6:63:Infinity:undefined:undefined:undefined:undefined":5,"s:61:6:63:Infinity":10,"s:62:8:62:Infinity":11,"s:64:6:64:Infinity":12,"s:67:4:81:Infinity":13,"b:71:32:71:39:71:39:71:Infinity":6,"b:77:10:77:23:77:23:77:Infinity":7,"s:85:0:85:Infinity":14},"fnNames":{}}}
,"E:\\qlxion\\qlxion-ui\\packages\\core-react\\src\\toggle-group\\toggle-group.tsx": {"path":"E:\\qlxion\\qlxion-ui\\packages\\core-react\\src\\toggle-group\\toggle-group.tsx","statementMap":{"0":{"start":{"line":13,"column":27},"end":{"line":13,"column":null}},"1":{"start":{"line":24,"column":20},"end":{"line":80,"column":null}},"2":{"start":{"line":39,"column":54},"end":{"line":41,"column":null}},"3":{"start":{"line":42,"column":25},"end":{"line":42,"column":null}},"4":{"start":{"line":43,"column":25},"end":{"line":43,"column":null}},"5":{"start":{"line":45,"column":10},"end":{"line":63,"column":null}},"6":{"start":{"line":47,"column":6},"end":{"line":58,"column":null}},"7":{"start":{"line":48,"column":8},"end":{"line":48,"column":null}},"8":{"start":{"line":50,"column":20},"end":{"line":50,"column":null}},"9":{"start":{"line":51,"column":22},"end":{"line":51,"column":null}},"10":{"start":{"line":52,"column":8},"end":{"line":56,"column":null}},"11":{"start":{"line":53,"column":10},"end":{"line":53,"column":null}},"12":{"start":{"line":55,"column":10},"end":{"line":55,"column":null}},"13":{"start":{"line":57,"column":8},"end":{"line":57,"column":null}},"14":{"start":{"line":59,"column":6},"end":{"line":61,"column":null}},"15":{"start":{"line":60,"column":8},"end":{"line":60,"column":null}},"16":{"start":{"line":62,"column":6},"end":{"line":62,"column":null}},"17":{"start":{"line":65,"column":4},"end":{"line":77,"column":null}},"18":{"start":{"line":81,"column":0},"end":{"line":81,"column":null}},"19":{"start":{"line":90,"column":24},"end":{"line":116,"column":null}},"20":{"start":{"line":92,"column":16},"end":{"line":92,"column":null}},"21":{"start":{"line":93,"column":4},"end":{"line":95,"column":null}},"22":{"start":{"line":94,"column":6},"end":{"line":94,"column":null}},"23":{"start":{"line":98,"column":6},"end":{"line":100,"column":null}},"24":{"start":{"line":102,"column":4},"end":{"line":113,"column":null}},"25":{"start":{"line":108,"column":31},"end":{"line":108,"column":null}},"26":{"start":{"line":117,"column":0},"end":{"line":117,"column":null}}},"fnMap":{"0":{"name":"(anonymous_0)","decl":{"start":{"line":24,"column":26},"end":{"line":24,"column":null}},"loc":{"start":{"line":38,"column":7},"end":{"line":79,"column":null}},"line":38},"1":{"name":"(anonymous_1)","decl":{"start":{"line":45,"column":10},"end":{"line":45,"column":25}},"loc":{"start":{"line":45,"column":47},"end":{"line":63,"column":null}},"line":45},"2":{"name":"(anonymous_2)","decl":{"start":{"line":90,"column":30},"end":{"line":90,"column":null}},"loc":{"start":{"line":91,"column":53},"end":{"line":115,"column":null}},"line":91},"3":{"name":"(anonymous_3)","decl":{"start":{"line":108,"column":8},"end":{"line":108,"column":31}},"loc":{"start":{"line":108,"column":31},"end":{"line":108,"column":null}},"line":108}},"branchMap":{"0":{"loc":{"start":{"line":28,"column":6},"end":{"line":28,"column":null}},"type":"default-arg","locations":[{"start":{"line":28,"column":13},"end":{"line":28,"column":null}}],"line":28},"1":{"loc":{"start":{"line":32,"column":6},"end":{"line":32,"column":null}},"type":"default-arg","locations":[{"start":{"line":32,"column":16},"end":{"line":32,"column":null}}],"line":32},"2":{"loc":{"start":{"line":33,"column":6},"end":{"line":33,"column":null}},"type":"default-arg","locations":[{"start":{"line":33,"column":13},"end":{"line":33,"column":null}}],"line":33},"3":{"loc":{"start":{"line":40,"column":6},"end":{"line":40,"column":null}},"type":"binary-expr","locations":[{"start":{"line":40,"column":6},"end":{"line":40,"column":23}},{"start":{"line":40,"column":23},"end":{"line":40,"column":null}}],"line":40},"4":{"loc":{"start":{"line":40,"column":23},"end":{"line":40,"column":null}},"type":"cond-expr","locations":[{"start":{"line":40,"column":43},"end":{"line":40,"column":48}},{"start":{"line":40,"column":48},"end":{"line":40,"column":null}}],"line":40},"5":{"loc":{"start":{"line":43,"column":25},"end":{"line":43,"column":null}},"type":"cond-expr","locations":[{"start":{"line":43,"column":40},"end":{"line":43,"column":58}},{"start":{"line":43,"column":58},"end":{"line":43,"column":null}}],"line":43},"6":{"loc":{"start":{"line":47,"column":6},"end":{"line":58,"column":null}},"type":"if","locations":[{"start":{"line":47,"column":6},"end":{"line":58,"column":null}},{"start":{"line":49,"column":13},"end":{"line":58,"column":null}}],"line":47},"7":{"loc":{"start":{"line":48,"column":20},"end":{"line":48,"column":null}},"type":"cond-expr","locations":[{"start":{"line":48,"column":49},"end":{"line":48,"column":54}},{"start":{"line":48,"column":54},"end":{"line":48,"column":null}}],"line":48},"8":{"loc":{"start":{"line":50,"column":20},"end":{"line":50,"column":null}},"type":"cond-expr","locations":[{"start":{"line":50,"column":50},"end":{"line":50,"column":70}},{"start":{"line":50,"column":70},"end":{"line":50,"column":null}}],"line":50},"9":{"loc":{"start":{"line":52,"column":8},"end":{"line":56,"column":null}},"type":"if","locations":[{"start":{"line":52,"column":8},"end":{"line":56,"column":null}},{"start":{"line":54,"column":15},"end":{"line":56,"column":null}}],"line":52},"10":{"loc":{"start":{"line":59,"column":6},"end":{"line":61,"column":null}},"type":"if","locations":[{"start":{"line":59,"column":6},"end":{"line":61,"column":null}},{"start":{},"end":{}}],"line":59},"11":{"loc":{"start":{"line":93,"column":4},"end":{"line":95,"column":null}},"type":"if","locations":[{"start":{"line":93,"column":4},"end":{"line":95,"column":null}},{"start":{},"end":{}}],"line":93},"12":{"loc":{"start":{"line":98,"column":6},"end":{"line":100,"column":null}},"type":"cond-expr","locations":[{"start":{"line":99,"column":10},"end":{"line":99,"column":null}},{"start":{"line":100,"column":10},"end":{"line":100,"column":null}}],"line":98},"13":{"loc":{"start":{"line":100,"column":10},"end":{"line":100,"column":null}},"type":"binary-expr","locations":[{"start":{"line":100,"column":10},"end":{"line":100,"column":38}},{"start":{"line":100,"column":38},"end":{"line":100,"column":null}}],"line":100}},"s":{"0":1,"1":1,"2":9,"3":9,"4":9,"5":9,"6":4,"7":1,"8":3,"9":3,"10":3,"11":1,"12":2,"13":3,"14":4,"15":4,"16":4,"17":9,"18":1,"19":1,"20":16,"21":16,"22":0,"23":16,"24":16,"25":4,"26":1},"f":{"0":9,"1":4,"2":16,"3":4},"b":{"0":[9],"1":[9],"2":[9],"3":[9,9],"4":[4,5],"5":[0,9],"6":[1,3],"7":[0,1],"8":[3,0],"9":[1,2],"10":[4,0],"11":[0,16],"12":[7,9],"13":[9,9]},"meta":{"lastBranch":14,"lastFunction":4,"lastStatement":27,"seen":{"s:13:27:13:Infinity":0,"s:24:20:80:Infinity":1,"f:24:26:24:Infinity":0,"b:28:13:28:Infinity":0,"b:32:16:32:Infinity":1,"b:33:13:33:Infinity":2,"s:39:54:41:Infinity":2,"b:40:6:40:23:40:23:40:Infinity":3,"b:40:43:40:48:40:48:40:Infinity":4,"s:42:25:42:Infinity":3,"s:43:25:43:Infinity":4,"b:43:40:43:58:43:58:43:Infinity":5,"s:45:10:63:Infinity":5,"f:45:10:45:25":1,"b:47:6:58:Infinity:49:13:58:Infinity":6,"s:47:6:58:Infinity":6,"s:48:8:48:Infinity":7,"b:48:49:48:54:48:54:48:Infinity":7,"s:50:20:50:Infinity":8,"b:50:50:50:70:50:70:50:Infinity":8,"s:51:22:51:Infinity":9,"b:52:8:56:Infinity:54:15:56:Infinity":9,"s:52:8:56:Infinity":10,"s:53:10:53:Infinity":11,"s:55:10:55:Infinity":12,"s:57:8:57:Infinity":13,"b:59:6:61:Infinity:undefined:undefined:undefined:undefined":10,"s:59:6:61:Infinity":14,"s:60:8:60:Infinity":15,"s:62:6:62:Infinity":16,"s:65:4:77:Infinity":17,"s:81:0:81:Infinity":18,"s:90:24:116:Infinity":19,"f:90:30:90:Infinity":2,"s:92:16:92:Infinity":20,"b:93:4:95:Infinity:undefined:undefined:undefined:undefined":11,"s:93:4:95:Infinity":21,"s:94:6:94:Infinity":22,"s:98:6:100:Infinity":23,"b:99:10:99:Infinity:100:10:100:Infinity":12,"b:100:10:100:38:100:38:100:Infinity":13,"s:102:4:113:Infinity":24,"f:108:8:108:31":3,"s:108:31:108:Infinity":25,"s:117:0:117:Infinity":26},"fnNames":{}}}
,"E:\\qlxion\\qlxion-ui\\packages\\core-react\\src\\tooltip\\tooltip.tsx": {"path":"E:\\qlxion\\qlxion-ui\\packages\\core-react\\src\\tooltip\\tooltip.tsx","statementMap":{"0":{"start":{"line":9,"column":23},"end":{"line":9,"column":null}},"1":{"start":{"line":17,"column":26},"end":{"line":17,"column":null}},"2":{"start":{"line":18,"column":2},"end":{"line":21,"column":null}},"3":{"start":{"line":30,"column":14},"end":{"line":30,"column":null}},"4":{"start":{"line":31,"column":2},"end":{"line":31,"column":null}},"5":{"start":{"line":31,"column":12},"end":{"line":31,"column":null}},"6":{"start":{"line":33,"column":2},"end":{"line":44,"column":null}},"7":{"start":{"line":36,"column":26},"end":{"line":36,"column":null}},"8":{"start":{"line":37,"column":26},"end":{"line":37,"column":null}},"9":{"start":{"line":38,"column":21},"end":{"line":38,"column":null}},"10":{"start":{"line":39,"column":20},"end":{"line":39,"column":null}},"11":{"start":{"line":54,"column":14},"end":{"line":54,"column":null}},"12":{"start":{"line":55,"column":2},"end":{"line":55,"column":null}},"13":{"start":{"line":55,"column":12},"end":{"line":55,"column":null}},"14":{"start":{"line":57,"column":2},"end":{"line":57,"column":null}},"15":{"start":{"line":57,"column":17},"end":{"line":57,"column":null}},"16":{"start":{"line":59,"column":22},"end":{"line":64,"column":null}},"17":{"start":{"line":66,"column":2},"end":{"line":77,"column":null}}},"fnMap":{"0":{"name":"Tooltip","decl":{"start":{"line":16,"column":16},"end":{"line":16,"column":24}},"loc":{"start":{"line":16,"column":52},"end":{"line":23,"column":null}},"line":16},"1":{"name":"TooltipTrigger","decl":{"start":{"line":25,"column":16},"end":{"line":25,"column":31}},"loc":{"start":{"line":29,"column":50},"end":{"line":46,"column":null}},"line":29},"2":{"name":"(anonymous_2)","decl":{"start":{"line":36,"column":6},"end":{"line":36,"column":26}},"loc":{"start":{"line":36,"column":26},"end":{"line":36,"column":null}},"line":36},"3":{"name":"(anonymous_3)","decl":{"start":{"line":37,"column":6},"end":{"line":37,"column":26}},"loc":{"start":{"line":37,"column":26},"end":{"line":37,"column":null}},"line":37},"4":{"name":"(anonymous_4)","decl":{"start":{"line":38,"column":6},"end":{"line":38,"column":21}},"loc":{"start":{"line":38,"column":21},"end":{"line":38,"column":null}},"line":38},"5":{"name":"(anonymous_5)","decl":{"start":{"line":39,"column":6},"end":{"line":39,"column":20}},"loc":{"start":{"line":39,"column":20},"end":{"line":39,"column":null}},"line":39},"6":{"name":"TooltipContent","decl":{"start":{"line":48,"column":16},"end":{"line":48,"column":31}},"loc":{"start":{"line":53,"column":90},"end":{"line":79,"column":null}},"line":53}},"branchMap":{"0":{"loc":{"start":{"line":31,"column":2},"end":{"line":31,"column":null}},"type":"if","locations":[{"start":{"line":31,"column":2},"end":{"line":31,"column":null}},{"start":{},"end":{}}],"line":31},"1":{"loc":{"start":{"line":51,"column":2},"end":{"line":51,"column":null}},"type":"default-arg","locations":[{"start":{"line":51,"column":9},"end":{"line":51,"column":null}}],"line":51},"2":{"loc":{"start":{"line":55,"column":2},"end":{"line":55,"column":null}},"type":"if","locations":[{"start":{"line":55,"column":2},"end":{"line":55,"column":null}},{"start":{},"end":{}}],"line":55},"3":{"loc":{"start":{"line":57,"column":2},"end":{"line":57,"column":null}},"type":"if","locations":[{"start":{"line":57,"column":2},"end":{"line":57,"column":null}},{"start":{},"end":{}}],"line":57}},"s":{"0":1,"1":4,"2":4,"3":4,"4":4,"5":0,"6":4,"7":1,"8":1,"9":0,"10":0,"11":4,"12":4,"13":0,"14":4,"15":3,"16":1,"17":1},"f":{"0":4,"1":4,"2":1,"3":1,"4":0,"5":0,"6":4},"b":{"0":[0,4],"1":[4],"2":[0,4],"3":[3,1]},"meta":{"lastBranch":4,"lastFunction":7,"lastStatement":18,"seen":{"s:9:23:9:Infinity":0,"f:16:16:16:24":0,"s:17:26:17:Infinity":1,"s:18:2:21:Infinity":2,"f:25:16:25:31":1,"s:30:14:30:Infinity":3,"b:31:2:31:Infinity:undefined:undefined:undefined:undefined":0,"s:31:2:31:Infinity":4,"s:31:12:31:Infinity":5,"s:33:2:44:Infinity":6,"f:36:6:36:26":2,"s:36:26:36:Infinity":7,"f:37:6:37:26":3,"s:37:26:37:Infinity":8,"f:38:6:38:21":4,"s:38:21:38:Infinity":9,"f:39:6:39:20":5,"s:39:20:39:Infinity":10,"f:48:16:48:31":6,"b:51:9:51:Infinity":1,"s:54:14:54:Infinity":11,"b:55:2:55:Infinity:undefined:undefined:undefined:undefined":2,"s:55:2:55:Infinity":12,"s:55:12:55:Infinity":13,"b:57:2:57:Infinity:undefined:undefined:undefined:undefined":3,"s:57:2:57:Infinity":14,"s:57:17:57:Infinity":15,"s:59:22:64:Infinity":16,"s:66:2:77:Infinity":17},"fnNames":{}}}
,"E:\\qlxion\\qlxion-ui\\packages\\core-react\\src\\typography\\typography.tsx": {"path":"E:\\qlxion\\qlxion-ui\\packages\\core-react\\src\\typography\\typography.tsx","statementMap":{"0":{"start":{"line":5,"column":2},"end":{"line":9,"column":null}},"1":{"start":{"line":14,"column":2},"end":{"line":21,"column":null}},"2":{"start":{"line":26,"column":2},"end":{"line":27,"column":null}},"3":{"start":{"line":32,"column":2},"end":{"line":33,"column":null}},"4":{"start":{"line":38,"column":2},"end":{"line":38,"column":null}},"5":{"start":{"line":45,"column":2},"end":{"line":49,"column":null}},"6":{"start":{"line":57,"column":2},"end":{"line":57,"column":null}},"7":{"start":{"line":61,"column":2},"end":{"line":61,"column":null}},"8":{"start":{"line":65,"column":2},"end":{"line":65,"column":null}},"9":{"start":{"line":72,"column":2},"end":{"line":72,"column":null}}},"fnMap":{"0":{"name":"TypographyH1","decl":{"start":{"line":4,"column":16},"end":{"line":4,"column":29}},"loc":{"start":{"line":4,"column":96},"end":{"line":11,"column":null}},"line":4},"1":{"name":"TypographyH2","decl":{"start":{"line":13,"column":16},"end":{"line":13,"column":29}},"loc":{"start":{"line":13,"column":96},"end":{"line":23,"column":null}},"line":13},"2":{"name":"TypographyH3","decl":{"start":{"line":25,"column":16},"end":{"line":25,"column":29}},"loc":{"start":{"line":25,"column":96},"end":{"line":29,"column":null}},"line":25},"3":{"name":"TypographyH4","decl":{"start":{"line":31,"column":16},"end":{"line":31,"column":29}},"loc":{"start":{"line":31,"column":96},"end":{"line":35,"column":null}},"line":31},"4":{"name":"TypographyP","decl":{"start":{"line":37,"column":16},"end":{"line":37,"column":28}},"loc":{"start":{"line":37,"column":97},"end":{"line":39,"column":null}},"line":37},"5":{"name":"TypographyBlockquote","decl":{"start":{"line":41,"column":16},"end":{"line":41,"column":37}},"loc":{"start":{"line":44,"column":53},"end":{"line":51,"column":null}},"line":44},"6":{"name":"TypographyLead","decl":{"start":{"line":53,"column":16},"end":{"line":53,"column":31}},"loc":{"start":{"line":56,"column":47},"end":{"line":58,"column":null}},"line":56},"7":{"name":"TypographyLarge","decl":{"start":{"line":60,"column":16},"end":{"line":60,"column":32}},"loc":{"start":{"line":60,"column":95},"end":{"line":62,"column":null}},"line":60},"8":{"name":"TypographySmall","decl":{"start":{"line":64,"column":16},"end":{"line":64,"column":32}},"loc":{"start":{"line":64,"column":92},"end":{"line":66,"column":null}},"line":64},"9":{"name":"TypographyMuted","decl":{"start":{"line":68,"column":16},"end":{"line":68,"column":32}},"loc":{"start":{"line":71,"column":47},"end":{"line":73,"column":null}},"line":71}},"branchMap":{},"s":{"0":3,"1":0,"2":0,"3":0,"4":3,"5":0,"6":0,"7":0,"8":0,"9":0},"f":{"0":3,"1":0,"2":0,"3":0,"4":3,"5":0,"6":0,"7":0,"8":0,"9":0},"b":{},"meta":{"lastBranch":0,"lastFunction":10,"lastStatement":10,"seen":{"f:4:16:4:29":0,"s:5:2:9:Infinity":0,"f:13:16:13:29":1,"s:14:2:21:Infinity":1,"f:25:16:25:29":2,"s:26:2:27:Infinity":2,"f:31:16:31:29":3,"s:32:2:33:Infinity":3,"f:37:16:37:28":4,"s:38:2:38:Infinity":4,"f:41:16:41:37":5,"s:45:2:49:Infinity":5,"f:53:16:53:31":6,"s:57:2:57:Infinity":6,"f:60:16:60:32":7,"s:61:2:61:Infinity":7,"f:64:16:64:32":8,"s:65:2:65:Infinity":8,"f:68:16:68:32":9,"s:72:2:72:Infinity":9},"fnNames":{}}}
}
