{"E:\\qlxion\\qlxion-ui\\packages\\cli\\src\\utils\\config.ts": {"path":"E:\\qlxion\\qlxion-ui\\packages\\cli\\src\\utils\\config.ts","statementMap":{"0":{"start":{"line":5,"column":20},"end":{"line":5,"column":null}},"1":{"start":{"line":8,"column":21},"end":{"line":8,"column":null}},"2":{"start":{"line":9,"column":2},"end":{"line":11,"column":null}},"3":{"start":{"line":10,"column":4},"end":{"line":10,"column":null}},"4":{"start":{"line":12,"column":2},"end":{"line":17,"column":null}},"5":{"start":{"line":13,"column":20},"end":{"line":13,"column":null}},"6":{"start":{"line":14,"column":4},"end":{"line":14,"column":null}},"7":{"start":{"line":16,"column":4},"end":{"line":16,"column":null}},"8":{"start":{"line":21,"column":21},"end":{"line":21,"column":null}},"9":{"start":{"line":22,"column":2},"end":{"line":22,"column":null}},"10":{"start":{"line":26,"column":2},"end":{"line":26,"column":null}},"11":{"start":{"line":30,"column":2},"end":{"line":30,"column":null}},"12":{"start":{"line":30,"column":45},"end":{"line":30,"column":null}},"13":{"start":{"line":31,"column":2},"end":{"line":31,"column":null}},"14":{"start":{"line":31,"column":53},"end":{"line":31,"column":null}},"15":{"start":{"line":32,"column":2},"end":{"line":32,"column":null}},"16":{"start":{"line":32,"column":49},"end":{"line":32,"column":null}},"17":{"start":{"line":33,"column":2},"end":{"line":33,"column":null}},"18":{"start":{"line":33,"column":39},"end":{"line":33,"column":null}},"19":{"start":{"line":34,"column":2},"end":{"line":34,"column":null}},"20":{"start":{"line":34,"column":61},"end":{"line":34,"column":null}},"21":{"start":{"line":35,"column":2},"end":{"line":35,"column":null}},"22":{"start":{"line":35,"column":53},"end":{"line":35,"column":null}},"23":{"start":{"line":36,"column":2},"end":{"line":36,"column":null}},"24":{"start":{"line":36,"column":48},"end":{"line":36,"column":null}},"25":{"start":{"line":37,"column":2},"end":{"line":37,"column":null}},"26":{"start":{"line":37,"column":45},"end":{"line":37,"column":null}},"27":{"start":{"line":38,"column":2},"end":{"line":38,"column":null}},"28":{"start":{"line":38,"column":48},"end":{"line":38,"column":null}},"29":{"start":{"line":39,"column":2},"end":{"line":39,"column":null}},"30":{"start":{"line":47,"column":2},"end":{"line":57,"column":null}}},"fnMap":{"0":{"name":"readConfig","decl":{"start":{"line":7,"column":16},"end":{"line":7,"column":27}},"loc":{"start":{"line":7,"column":77},"end":{"line":18,"column":null}},"line":7},"1":{"name":"writeConfig","decl":{"start":{"line":20,"column":16},"end":{"line":20,"column":28}},"loc":{"start":{"line":20,"column":85},"end":{"line":23,"column":null}},"line":20},"2":{"name":"configExists","decl":{"start":{"line":25,"column":16},"end":{"line":25,"column":29}},"loc":{"start":{"line":25,"column":67},"end":{"line":27,"column":null}},"line":25},"3":{"name":"validateConfig","decl":{"start":{"line":29,"column":16},"end":{"line":29,"column":31}},"loc":{"start":{"line":29,"column":68},"end":{"line":40,"column":null}},"line":29},"4":{"name":"getDefaultConfig","decl":{"start":{"line":42,"column":16},"end":{"line":42,"column":null}},"loc":{"start":{"line":46,"column":16},"end":{"line":58,"column":null}},"line":46}},"branchMap":{"0":{"loc":{"start":{"line":7,"column":27},"end":{"line":7,"column":77}},"type":"default-arg","locations":[{"start":{"line":7,"column":41},"end":{"line":7,"column":77}}],"line":7},"1":{"loc":{"start":{"line":9,"column":2},"end":{"line":11,"column":null}},"type":"if","locations":[{"start":{"line":9,"column":2},"end":{"line":11,"column":null}},{"start":{},"end":{}}],"line":9},"2":{"loc":{"start":{"line":20,"column":50},"end":{"line":20,"column":85}},"type":"default-arg","locations":[{"start":{"line":20,"column":64},"end":{"line":20,"column":85}}],"line":20},"3":{"loc":{"start":{"line":25,"column":29},"end":{"line":25,"column":67}},"type":"default-arg","locations":[{"start":{"line":25,"column":43},"end":{"line":25,"column":67}}],"line":25},"4":{"loc":{"start":{"line":30,"column":2},"end":{"line":30,"column":null}},"type":"if","locations":[{"start":{"line":30,"column":2},"end":{"line":30,"column":null}},{"start":{},"end":{}}],"line":30},"5":{"loc":{"start":{"line":30,"column":6},"end":{"line":30,"column":45}},"type":"binary-expr","locations":[{"start":{"line":30,"column":6},"end":{"line":30,"column":17}},{"start":{"line":30,"column":17},"end":{"line":30,"column":45}}],"line":30},"6":{"loc":{"start":{"line":31,"column":2},"end":{"line":31,"column":null}},"type":"if","locations":[{"start":{"line":31,"column":2},"end":{"line":31,"column":null}},{"start":{},"end":{}}],"line":31},"7":{"loc":{"start":{"line":32,"column":2},"end":{"line":32,"column":null}},"type":"if","locations":[{"start":{"line":32,"column":2},"end":{"line":32,"column":null}},{"start":{},"end":{}}],"line":32},"8":{"loc":{"start":{"line":33,"column":2},"end":{"line":33,"column":null}},"type":"if","locations":[{"start":{"line":33,"column":2},"end":{"line":33,"column":null}},{"start":{},"end":{}}],"line":33},"9":{"loc":{"start":{"line":34,"column":2},"end":{"line":34,"column":null}},"type":"if","locations":[{"start":{"line":34,"column":2},"end":{"line":34,"column":null}},{"start":{},"end":{}}],"line":34},"10":{"loc":{"start":{"line":34,"column":6},"end":{"line":34,"column":61}},"type":"binary-expr","locations":[{"start":{"line":34,"column":6},"end":{"line":34,"column":25}},{"start":{"line":34,"column":25},"end":{"line":34,"column":61}}],"line":34},"11":{"loc":{"start":{"line":35,"column":2},"end":{"line":35,"column":null}},"type":"if","locations":[{"start":{"line":35,"column":2},"end":{"line":35,"column":null}},{"start":{},"end":{}}],"line":35},"12":{"loc":{"start":{"line":36,"column":2},"end":{"line":36,"column":null}},"type":"if","locations":[{"start":{"line":36,"column":2},"end":{"line":36,"column":null}},{"start":{},"end":{}}],"line":36},"13":{"loc":{"start":{"line":37,"column":2},"end":{"line":37,"column":null}},"type":"if","locations":[{"start":{"line":37,"column":2},"end":{"line":37,"column":null}},{"start":{},"end":{}}],"line":37},"14":{"loc":{"start":{"line":38,"column":2},"end":{"line":38,"column":null}},"type":"if","locations":[{"start":{"line":38,"column":2},"end":{"line":38,"column":null}},{"start":{},"end":{}}],"line":38}},"s":{"0":1,"1":2,"2":2,"3":1,"4":1,"5":1,"6":1,"7":0,"8":2,"9":2,"10":2,"11":3,"12":0,"13":3,"14":1,"15":2,"16":0,"17":2,"18":0,"19":2,"20":1,"21":1,"22":0,"23":1,"24":0,"25":1,"26":0,"27":1,"28":0,"29":1,"30":7},"f":{"0":2,"1":2,"2":2,"3":3,"4":7},"b":{"0":[2],"1":[1,1],"2":[2],"3":[2],"4":[0,3],"5":[3,3],"6":[1,2],"7":[0,2],"8":[0,2],"9":[1,1],"10":[2,1],"11":[0,1],"12":[0,1],"13":[0,1],"14":[0,1]},"meta":{"lastBranch":15,"lastFunction":5,"lastStatement":31,"seen":{"s:5:20:5:Infinity":0,"f:7:16:7:27":0,"b:7:41:7:77":0,"s:8:21:8:Infinity":1,"b:9:2:11:Infinity:undefined:undefined:undefined:undefined":1,"s:9:2:11:Infinity":2,"s:10:4:10:Infinity":3,"s:12:2:17:Infinity":4,"s:13:20:13:Infinity":5,"s:14:4:14:Infinity":6,"s:16:4:16:Infinity":7,"f:20:16:20:28":1,"b:20:64:20:85":2,"s:21:21:21:Infinity":8,"s:22:2:22:Infinity":9,"f:25:16:25:29":2,"b:25:43:25:67":3,"s:26:2:26:Infinity":10,"f:29:16:29:31":3,"b:30:2:30:Infinity:undefined:undefined:undefined:undefined":4,"s:30:2:30:Infinity":11,"b:30:6:30:17:30:17:30:45":5,"s:30:45:30:Infinity":12,"b:31:2:31:Infinity:undefined:undefined:undefined:undefined":6,"s:31:2:31:Infinity":13,"s:31:53:31:Infinity":14,"b:32:2:32:Infinity:undefined:undefined:undefined:undefined":7,"s:32:2:32:Infinity":15,"s:32:49:32:Infinity":16,"b:33:2:33:Infinity:undefined:undefined:undefined:undefined":8,"s:33:2:33:Infinity":17,"s:33:39:33:Infinity":18,"b:34:2:34:Infinity:undefined:undefined:undefined:undefined":9,"s:34:2:34:Infinity":19,"b:34:6:34:25:34:25:34:61":10,"s:34:61:34:Infinity":20,"b:35:2:35:Infinity:undefined:undefined:undefined:undefined":11,"s:35:2:35:Infinity":21,"s:35:53:35:Infinity":22,"b:36:2:36:Infinity:undefined:undefined:undefined:undefined":12,"s:36:2:36:Infinity":23,"s:36:48:36:Infinity":24,"b:37:2:37:Infinity:undefined:undefined:undefined:undefined":13,"s:37:2:37:Infinity":25,"s:37:45:37:Infinity":26,"b:38:2:38:Infinity:undefined:undefined:undefined:undefined":14,"s:38:2:38:Infinity":27,"s:38:48:38:Infinity":28,"s:39:2:39:Infinity":29,"f:42:16:42:Infinity":4,"s:47:2:57:Infinity":30},"fnNames":{}}}
,"E:\\qlxion\\qlxion-ui\\packages\\cli\\src\\utils\\dependencies.ts": {"path":"E:\\qlxion\\qlxion-ui\\packages\\cli\\src\\utils\\dependencies.ts","statementMap":{"0":{"start":{"line":9,"column":18},"end":{"line":9,"column":null}},"1":{"start":{"line":10,"column":19},"end":{"line":10,"column":null}},"2":{"start":{"line":11,"column":27},"end":{"line":11,"column":null}},"3":{"start":{"line":12,"column":18},"end":{"line":12,"column":null}},"4":{"start":{"line":15,"column":4},"end":{"line":18,"column":null}},"5":{"start":{"line":16,"column":20},"end":{"line":16,"column":null}},"6":{"start":{"line":17,"column":6},"end":{"line":17,"column":null}},"7":{"start":{"line":19,"column":4},"end":{"line":21,"column":null}},"8":{"start":{"line":20,"column":6},"end":{"line":20,"column":null}},"9":{"start":{"line":23,"column":22},"end":{"line":23,"column":null}},"10":{"start":{"line":24,"column":4},"end":{"line":26,"column":null}},"11":{"start":{"line":25,"column":6},"end":{"line":25,"column":null}},"12":{"start":{"line":28,"column":4},"end":{"line":28,"column":null}},"13":{"start":{"line":31,"column":4},"end":{"line":33,"column":null}},"14":{"start":{"line":32,"column":6},"end":{"line":32,"column":null}},"15":{"start":{"line":36,"column":4},"end":{"line":38,"column":null}},"16":{"start":{"line":37,"column":6},"end":{"line":37,"column":null}},"17":{"start":{"line":40,"column":4},"end":{"line":40,"column":null}},"18":{"start":{"line":41,"column":4},"end":{"line":41,"column":null}},"19":{"start":{"line":42,"column":4},"end":{"line":42,"column":null}},"20":{"start":{"line":45,"column":2},"end":{"line":47,"column":null}},"21":{"start":{"line":46,"column":4},"end":{"line":46,"column":null}},"22":{"start":{"line":49,"column":2},"end":{"line":52,"column":null}},"23":{"start":{"line":56,"column":20},"end":{"line":56,"column":43}},"24":{"start":{"line":57,"column":2},"end":{"line":57,"column":null}},"25":{"start":{"line":57,"column":41},"end":{"line":57,"column":66}}},"fnMap":{"0":{"name":"resolveDependencies","decl":{"start":{"line":8,"column":16},"end":{"line":8,"column":36}},"loc":{"start":{"line":8,"column":84},"end":{"line":53,"column":null}},"line":8},"1":{"name":"resolve","decl":{"start":{"line":14,"column":11},"end":{"line":14,"column":19}},"loc":{"start":{"line":14,"column":33},"end":{"line":43,"column":null}},"line":14},"2":{"name":"validateComponentsExist","decl":{"start":{"line":55,"column":16},"end":{"line":55,"column":40}},"loc":{"start":{"line":55,"column":76},"end":{"line":58,"column":null}},"line":55},"3":{"name":"(anonymous_3)","decl":{"start":{"line":57,"column":24},"end":{"line":57,"column":32}},"loc":{"start":{"line":57,"column":41},"end":{"line":57,"column":66}},"line":57}},"branchMap":{"0":{"loc":{"start":{"line":15,"column":4},"end":{"line":18,"column":null}},"type":"if","locations":[{"start":{"line":15,"column":4},"end":{"line":18,"column":null}},{"start":{},"end":{}}],"line":15},"1":{"loc":{"start":{"line":19,"column":4},"end":{"line":21,"column":null}},"type":"if","locations":[{"start":{"line":19,"column":4},"end":{"line":21,"column":null}},{"start":{},"end":{}}],"line":19},"2":{"loc":{"start":{"line":24,"column":4},"end":{"line":26,"column":null}},"type":"if","locations":[{"start":{"line":24,"column":4},"end":{"line":26,"column":null}},{"start":{},"end":{}}],"line":24},"3":{"loc":{"start":{"line":31,"column":22},"end":{"line":31,"column":60}},"type":"binary-expr","locations":[{"start":{"line":31,"column":22},"end":{"line":31,"column":56}},{"start":{"line":31,"column":56},"end":{"line":31,"column":60}}],"line":31},"4":{"loc":{"start":{"line":36,"column":22},"end":{"line":36,"column":52}},"type":"binary-expr","locations":[{"start":{"line":36,"column":22},"end":{"line":36,"column":48}},{"start":{"line":36,"column":48},"end":{"line":36,"column":52}}],"line":36}},"s":{"0":2,"1":2,"2":2,"3":2,"4":2,"5":0,"6":0,"7":2,"8":0,"9":2,"10":2,"11":1,"12":1,"13":1,"14":0,"15":1,"16":1,"17":1,"18":1,"19":1,"20":2,"21":2,"22":1,"23":2,"24":2,"25":2},"f":{"0":2,"1":2,"2":2,"3":2},"b":{"0":[0,2],"1":[0,2],"2":[1,1],"3":[1,0],"4":[1,0]},"meta":{"lastBranch":5,"lastFunction":4,"lastStatement":26,"seen":{"f:8:16:8:36":0,"s:9:18:9:Infinity":0,"s:10:19:10:Infinity":1,"s:11:27:11:Infinity":2,"s:12:18:12:Infinity":3,"f:14:11:14:19":1,"b:15:4:18:Infinity:undefined:undefined:undefined:undefined":0,"s:15:4:18:Infinity":4,"s:16:20:16:Infinity":5,"s:17:6:17:Infinity":6,"b:19:4:21:Infinity:undefined:undefined:undefined:undefined":1,"s:19:4:21:Infinity":7,"s:20:6:20:Infinity":8,"s:23:22:23:Infinity":9,"b:24:4:26:Infinity:undefined:undefined:undefined:undefined":2,"s:24:4:26:Infinity":10,"s:25:6:25:Infinity":11,"s:28:4:28:Infinity":12,"s:31:4:33:Infinity":13,"b:31:22:31:56:31:56:31:60":3,"s:32:6:32:Infinity":14,"s:36:4:38:Infinity":15,"b:36:22:36:48:36:48:36:52":4,"s:37:6:37:Infinity":16,"s:40:4:40:Infinity":17,"s:41:4:41:Infinity":18,"s:42:4:42:Infinity":19,"s:45:2:47:Infinity":20,"s:46:4:46:Infinity":21,"s:49:2:52:Infinity":22,"f:55:16:55:40":2,"s:56:20:56:43":23,"s:57:2:57:Infinity":24,"f:57:24:57:32":3,"s:57:41:57:66":25},"fnNames":{}}}
,"E:\\qlxion\\qlxion-ui\\packages\\cli\\src\\utils\\files.ts": {"path":"E:\\qlxion\\qlxion-ui\\packages\\cli\\src\\utils\\files.ts","statementMap":{"0":{"start":{"line":12,"column":22},"end":{"line":12,"column":null}},"1":{"start":{"line":13,"column":39},"end":{"line":13,"column":null}},"2":{"start":{"line":15,"column":2},"end":{"line":23,"column":null}},"3":{"start":{"line":16,"column":20},"end":{"line":16,"column":null}},"4":{"start":{"line":17,"column":23},"end":{"line":17,"column":null}},"5":{"start":{"line":18,"column":4},"end":{"line":22,"column":null}},"6":{"start":{"line":25,"column":2},"end":{"line":25,"column":null}},"7":{"start":{"line":30,"column":16},"end":{"line":30,"column":null}},"8":{"start":{"line":31,"column":14},"end":{"line":31,"column":null}},"9":{"start":{"line":32,"column":19},"end":{"line":32,"column":null}},"10":{"start":{"line":33,"column":2},"end":{"line":33,"column":null}},"11":{"start":{"line":37,"column":14},"end":{"line":37,"column":null}},"12":{"start":{"line":38,"column":2},"end":{"line":38,"column":null}},"13":{"start":{"line":42,"column":2},"end":{"line":42,"column":null}},"14":{"start":{"line":46,"column":2},"end":{"line":46,"column":null}},"15":{"start":{"line":50,"column":2},"end":{"line":50,"column":null}},"16":{"start":{"line":51,"column":2},"end":{"line":51,"column":null}},"17":{"start":{"line":55,"column":15},"end":{"line":55,"column":null}},"18":{"start":{"line":56,"column":15},"end":{"line":56,"column":null}},"19":{"start":{"line":57,"column":2},"end":{"line":65,"column":null}},"20":{"start":{"line":58,"column":19},"end":{"line":58,"column":null}},"21":{"start":{"line":59,"column":18},"end":{"line":63,"column":null}},"22":{"start":{"line":61,"column":21},"end":{"line":61,"column":22}},"23":{"start":{"line":62,"column":18},"end":{"line":62,"column":34}},"24":{"start":{"line":64,"column":4},"end":{"line":64,"column":null}},"25":{"start":{"line":66,"column":2},"end":{"line":66,"column":null}},"26":{"start":{"line":70,"column":15},"end":{"line":70,"column":null}},"27":{"start":{"line":71,"column":2},"end":{"line":80,"column":null}},"28":{"start":{"line":73,"column":21},"end":{"line":73,"column":null}},"29":{"start":{"line":74,"column":6},"end":{"line":78,"column":null}},"30":{"start":{"line":76,"column":23},"end":{"line":76,"column":24}},"31":{"start":{"line":77,"column":20},"end":{"line":77,"column":36}}},"fnMap":{"0":{"name":"getComponentFiles","decl":{"start":{"line":7,"column":16},"end":{"line":7,"column":null}},"loc":{"start":{"line":11,"column":25},"end":{"line":26,"column":null}},"line":11},"1":{"name":"resolveTargetPath","decl":{"start":{"line":28,"column":9},"end":{"line":28,"column":27}},"loc":{"start":{"line":28,"column":66},"end":{"line":34,"column":null}},"line":28},"2":{"name":"ensureDir","decl":{"start":{"line":36,"column":16},"end":{"line":36,"column":26}},"loc":{"start":{"line":36,"column":50},"end":{"line":39,"column":null}},"line":36},"3":{"name":"fileExists","decl":{"start":{"line":41,"column":16},"end":{"line":41,"column":27}},"loc":{"start":{"line":41,"column":54},"end":{"line":43,"column":null}},"line":41},"4":{"name":"readFile","decl":{"start":{"line":45,"column":16},"end":{"line":45,"column":25}},"loc":{"start":{"line":45,"column":51},"end":{"line":47,"column":null}},"line":45},"5":{"name":"writeFile","decl":{"start":{"line":49,"column":16},"end":{"line":49,"column":26}},"loc":{"start":{"line":49,"column":67},"end":{"line":52,"column":null}},"line":49},"6":{"name":"showDiff","decl":{"start":{"line":54,"column":16},"end":{"line":54,"column":25}},"loc":{"start":{"line":54,"column":91},"end":{"line":67,"column":null}},"line":54},"7":{"name":"(anonymous_7)","decl":{"start":{"line":61,"column":7},"end":{"line":61,"column":15}},"loc":{"start":{"line":61,"column":21},"end":{"line":61,"column":22}},"line":61},"8":{"name":"(anonymous_8)","decl":{"start":{"line":62,"column":7},"end":{"line":62,"column":12}},"loc":{"start":{"line":62,"column":18},"end":{"line":62,"column":34}},"line":62},"9":{"name":"generateDiff","decl":{"start":{"line":69,"column":16},"end":{"line":69,"column":29}},"loc":{"start":{"line":69,"column":77},"end":{"line":81,"column":null}},"line":69},"10":{"name":"(anonymous_10)","decl":{"start":{"line":72,"column":5},"end":{"line":72,"column":10}},"loc":{"start":{"line":72,"column":19},"end":{"line":79,"column":5}},"line":72},"11":{"name":"(anonymous_11)","decl":{"start":{"line":76,"column":9},"end":{"line":76,"column":17}},"loc":{"start":{"line":76,"column":23},"end":{"line":76,"column":24}},"line":76},"12":{"name":"(anonymous_12)","decl":{"start":{"line":77,"column":9},"end":{"line":77,"column":14}},"loc":{"start":{"line":77,"column":20},"end":{"line":77,"column":36}},"line":77}},"branchMap":{"0":{"loc":{"start":{"line":31,"column":14},"end":{"line":31,"column":null}},"type":"cond-expr","locations":[{"start":{"line":31,"column":42},"end":{"line":31,"column":51}},{"start":{"line":31,"column":51},"end":{"line":31,"column":null}}],"line":31},"1":{"loc":{"start":{"line":31,"column":51},"end":{"line":31,"column":null}},"type":"cond-expr","locations":[{"start":{"line":31,"column":78},"end":{"line":31,"column":86}},{"start":{"line":31,"column":86},"end":{"line":31,"column":null}}],"line":31},"2":{"loc":{"start":{"line":58,"column":19},"end":{"line":58,"column":null}},"type":"cond-expr","locations":[{"start":{"line":58,"column":32},"end":{"line":58,"column":38}},{"start":{"line":58,"column":38},"end":{"line":58,"column":null}}],"line":58},"3":{"loc":{"start":{"line":58,"column":38},"end":{"line":58,"column":null}},"type":"cond-expr","locations":[{"start":{"line":58,"column":53},"end":{"line":58,"column":59}},{"start":{"line":58,"column":59},"end":{"line":58,"column":null}}],"line":58},"4":{"loc":{"start":{"line":73,"column":21},"end":{"line":73,"column":null}},"type":"cond-expr","locations":[{"start":{"line":73,"column":34},"end":{"line":73,"column":40}},{"start":{"line":73,"column":40},"end":{"line":73,"column":null}}],"line":73},"5":{"loc":{"start":{"line":73,"column":40},"end":{"line":73,"column":null}},"type":"cond-expr","locations":[{"start":{"line":73,"column":55},"end":{"line":73,"column":61}},{"start":{"line":73,"column":61},"end":{"line":73,"column":null}}],"line":73}},"s":{"0":1,"1":1,"2":1,"3":1,"4":1,"5":1,"6":1,"7":1,"8":1,"9":1,"10":1,"11":3,"12":3,"13":2,"14":1,"15":2,"16":2,"17":1,"18":1,"19":1,"20":3,"21":3,"22":4,"23":3,"24":3,"25":1,"26":1,"27":1,"28":3,"29":3,"30":6,"31":5},"f":{"0":1,"1":1,"2":3,"3":2,"4":1,"5":2,"6":1,"7":4,"8":3,"9":1,"10":3,"11":6,"12":5},"b":{"0":[1,0],"1":[0,0],"2":[1,2],"3":[1,1],"4":[1,2],"5":[1,1]},"meta":{"lastBranch":6,"lastFunction":13,"lastStatement":32,"seen":{"f:7:16:7:Infinity":0,"s:12:22:12:Infinity":0,"s:13:39:13:Infinity":1,"s:15:2:23:Infinity":2,"s:16:20:16:Infinity":3,"s:17:23:17:Infinity":4,"s:18:4:22:Infinity":5,"s:25:2:25:Infinity":6,"f:28:9:28:27":1,"s:30:16:30:Infinity":7,"s:31:14:31:Infinity":8,"b:31:42:31:51:31:51:31:Infinity":0,"b:31:78:31:86:31:86:31:Infinity":1,"s:32:19:32:Infinity":9,"s:33:2:33:Infinity":10,"f:36:16:36:26":2,"s:37:14:37:Infinity":11,"s:38:2:38:Infinity":12,"f:41:16:41:27":3,"s:42:2:42:Infinity":13,"f:45:16:45:25":4,"s:46:2:46:Infinity":14,"f:49:16:49:26":5,"s:50:2:50:Infinity":15,"s:51:2:51:Infinity":16,"f:54:16:54:25":6,"s:55:15:55:Infinity":17,"s:56:15:56:Infinity":18,"s:57:2:65:Infinity":19,"s:58:19:58:Infinity":20,"b:58:32:58:38:58:38:58:Infinity":2,"b:58:53:58:59:58:59:58:Infinity":3,"s:59:18:63:Infinity":21,"f:61:7:61:15":7,"s:61:21:61:22":22,"f:62:7:62:12":8,"s:62:18:62:34":23,"s:64:4:64:Infinity":24,"s:66:2:66:Infinity":25,"f:69:16:69:29":9,"s:70:15:70:Infinity":26,"s:71:2:80:Infinity":27,"f:72:5:72:10":10,"s:73:21:73:Infinity":28,"b:73:34:73:40:73:40:73:Infinity":4,"b:73:55:73:61:73:61:73:Infinity":5,"s:74:6:78:Infinity":29,"f:76:9:76:17":11,"s:76:23:76:24":30,"f:77:9:77:14":12,"s:77:20:77:36":31},"fnNames":{}}}
,"E:\\qlxion\\qlxion-ui\\packages\\cli\\src\\utils\\registry.ts": {"path":"E:\\qlxion\\qlxion-ui\\packages\\cli\\src\\utils\\registry.ts","statementMap":{"0":{"start":{"line":5,"column":18},"end":{"line":5,"column":null}},"1":{"start":{"line":6,"column":17},"end":{"line":6,"column":null}},"2":{"start":{"line":7,"column":32},"end":{"line":7,"column":null}},"3":{"start":{"line":8,"column":23},"end":{"line":8,"column":null}},"4":{"start":{"line":26,"column":19},"end":{"line":26,"column":null}},"5":{"start":{"line":27,"column":2},"end":{"line":29,"column":null}},"6":{"start":{"line":28,"column":4},"end":{"line":28,"column":null}},"7":{"start":{"line":30,"column":18},"end":{"line":30,"column":null}},"8":{"start":{"line":31,"column":2},"end":{"line":31,"column":null}},"9":{"start":{"line":35,"column":2},"end":{"line":37,"column":null}},"10":{"start":{"line":36,"column":19},"end":{"line":36,"column":38}},"11":{"start":{"line":37,"column":16},"end":{"line":37,"column":38}},"12":{"start":{"line":41,"column":20},"end":{"line":41,"column":null}},"13":{"start":{"line":42,"column":2},"end":{"line":44,"column":null}},"14":{"start":{"line":43,"column":4},"end":{"line":43,"column":null}},"15":{"start":{"line":45,"column":2},"end":{"line":45,"column":null}},"16":{"start":{"line":49,"column":21},"end":{"line":49,"column":null}},"17":{"start":{"line":50,"column":2},"end":{"line":52,"column":null}},"18":{"start":{"line":51,"column":4},"end":{"line":51,"column":null}},"19":{"start":{"line":53,"column":2},"end":{"line":53,"column":null}}},"fnMap":{"0":{"name":"getRegistryComponent","decl":{"start":{"line":25,"column":16},"end":{"line":25,"column":37}},"loc":{"start":{"line":25,"column":77},"end":{"line":32,"column":null}},"line":25},"1":{"name":"listRegistryComponents","decl":{"start":{"line":34,"column":16},"end":{"line":34,"column":51}},"loc":{"start":{"line":34,"column":51},"end":{"line":38,"column":null}},"line":34},"2":{"name":"(anonymous_2)","decl":{"start":{"line":36,"column":5},"end":{"line":36,"column":13}},"loc":{"start":{"line":36,"column":19},"end":{"line":36,"column":38}},"line":36},"3":{"name":"(anonymous_3)","decl":{"start":{"line":37,"column":5},"end":{"line":37,"column":10}},"loc":{"start":{"line":37,"column":16},"end":{"line":37,"column":38}},"line":37},"4":{"name":"getComponentSourceFiles","decl":{"start":{"line":40,"column":16},"end":{"line":40,"column":40}},"loc":{"start":{"line":40,"column":93},"end":{"line":46,"column":null}},"line":40},"5":{"name":"readComponentSourceFile","decl":{"start":{"line":48,"column":16},"end":{"line":48,"column":40}},"loc":{"start":{"line":48,"column":89},"end":{"line":54,"column":null}},"line":48}},"branchMap":{"0":{"loc":{"start":{"line":27,"column":2},"end":{"line":29,"column":null}},"type":"if","locations":[{"start":{"line":27,"column":2},"end":{"line":29,"column":null}},{"start":{},"end":{}}],"line":27},"1":{"loc":{"start":{"line":42,"column":2},"end":{"line":44,"column":null}},"type":"if","locations":[{"start":{"line":42,"column":2},"end":{"line":44,"column":null}},{"start":{},"end":{}}],"line":42},"2":{"loc":{"start":{"line":45,"column":9},"end":{"line":45,"column":null}},"type":"binary-expr","locations":[{"start":{"line":45,"column":9},"end":{"line":45,"column":39}},{"start":{"line":45,"column":39},"end":{"line":45,"column":null}}],"line":45},"3":{"loc":{"start":{"line":50,"column":2},"end":{"line":52,"column":null}},"type":"if","locations":[{"start":{"line":50,"column":2},"end":{"line":52,"column":null}},{"start":{},"end":{}}],"line":50}},"s":{"0":3,"1":3,"2":3,"3":3,"4":7,"5":7,"6":3,"7":4,"8":4,"9":5,"10":185,"11":185,"12":3,"13":3,"14":1,"15":2,"16":2,"17":2,"18":0,"19":2},"f":{"0":7,"1":5,"2":185,"3":185,"4":3,"5":2},"b":{"0":[3,4],"1":[1,2],"2":[2,0],"3":[0,2]},"meta":{"lastBranch":4,"lastFunction":6,"lastStatement":20,"seen":{"s:5:18:5:Infinity":0,"s:6:17:6:Infinity":1,"s:7:32:7:Infinity":2,"s:8:23:8:Infinity":3,"f:25:16:25:37":0,"s:26:19:26:Infinity":4,"b:27:2:29:Infinity:undefined:undefined:undefined:undefined":0,"s:27:2:29:Infinity":5,"s:28:4:28:Infinity":6,"s:30:18:30:Infinity":7,"s:31:2:31:Infinity":8,"f:34:16:34:51":1,"s:35:2:37:Infinity":9,"f:36:5:36:13":2,"s:36:19:36:38":10,"f:37:5:37:10":3,"s:37:16:37:38":11,"f:40:16:40:40":4,"s:41:20:41:Infinity":12,"b:42:2:44:Infinity:undefined:undefined:undefined:undefined":1,"s:42:2:44:Infinity":13,"s:43:4:43:Infinity":14,"s:45:2:45:Infinity":15,"b:45:9:45:39:45:39:45:Infinity":2,"f:48:16:48:40":5,"s:49:21:49:Infinity":16,"b:50:2:52:Infinity:undefined:undefined:undefined:undefined":3,"s:50:2:52:Infinity":17,"s:51:4:51:Infinity":18,"s:53:2:53:Infinity":19},"fnNames":{}}}
}
