{"E:\\qlxion\\qlxion-ui\\packages\\cli\\src\\utils\\config.ts": {"path":"E:\\qlxion\\qlxion-ui\\packages\\cli\\src\\utils\\config.ts","statementMap":{"0":{"start":{"line":5,"column":20},"end":{"line":5,"column":null}},"1":{"start":{"line":8,"column":21},"end":{"line":8,"column":null}},"2":{"start":{"line":9,"column":2},"end":{"line":11,"column":null}},"3":{"start":{"line":10,"column":4},"end":{"line":10,"column":null}},"4":{"start":{"line":12,"column":2},"end":{"line":17,"column":null}},"5":{"start":{"line":13,"column":20},"end":{"line":13,"column":null}},"6":{"start":{"line":14,"column":4},"end":{"line":14,"column":null}},"7":{"start":{"line":16,"column":4},"end":{"line":16,"column":null}},"8":{"start":{"line":21,"column":21},"end":{"line":21,"column":null}},"9":{"start":{"line":22,"column":2},"end":{"line":22,"column":null}},"10":{"start":{"line":26,"column":2},"end":{"line":26,"column":null}},"11":{"start":{"line":30,"column":2},"end":{"line":30,"column":null}},"12":{"start":{"line":30,"column":45},"end":{"line":30,"column":null}},"13":{"start":{"line":31,"column":2},"end":{"line":31,"column":null}},"14":{"start":{"line":31,"column":53},"end":{"line":31,"column":null}},"15":{"start":{"line":32,"column":2},"end":{"line":32,"column":null}},"16":{"start":{"line":32,"column":49},"end":{"line":32,"column":null}},"17":{"start":{"line":33,"column":2},"end":{"line":33,"column":null}},"18":{"start":{"line":33,"column":39},"end":{"line":33,"column":null}},"19":{"start":{"line":34,"column":2},"end":{"line":34,"column":null}},"20":{"start":{"line":34,"column":61},"end":{"line":34,"column":null}},"21":{"start":{"line":35,"column":2},"end":{"line":35,"column":null}},"22":{"start":{"line":35,"column":53},"end":{"line":35,"column":null}},"23":{"start":{"line":36,"column":2},"end":{"line":36,"column":null}},"24":{"start":{"line":36,"column":48},"end":{"line":36,"column":null}},"25":{"start":{"line":37,"column":2},"end":{"line":37,"column":null}},"26":{"start":{"line":37,"column":45},"end":{"line":37,"column":null}},"27":{"start":{"line":38,"column":2},"end":{"line":38,"column":null}},"28":{"start":{"line":38,"column":48},"end":{"line":38,"column":null}},"29":{"start":{"line":39,"column":2},"end":{"line":39,"column":null}},"30":{"start":{"line":43,"column":2},"end":{"line":53,"column":null}}},"fnMap":{"0":{"name":"readConfig","decl":{"start":{"line":7,"column":16},"end":{"line":7,"column":27}},"loc":{"start":{"line":7,"column":77},"end":{"line":18,"column":null}},"line":7},"1":{"name":"writeConfig","decl":{"start":{"line":20,"column":16},"end":{"line":20,"column":28}},"loc":{"start":{"line":20,"column":85},"end":{"line":23,"column":null}},"line":20},"2":{"name":"configExists","decl":{"start":{"line":25,"column":16},"end":{"line":25,"column":29}},"loc":{"start":{"line":25,"column":67},"end":{"line":27,"column":null}},"line":25},"3":{"name":"validateConfig","decl":{"start":{"line":29,"column":16},"end":{"line":29,"column":31}},"loc":{"start":{"line":29,"column":68},"end":{"line":40,"column":null}},"line":29},"4":{"name":"getDefaultConfig","decl":{"start":{"line":42,"column":16},"end":{"line":42,"column":33}},"loc":{"start":{"line":42,"column":123},"end":{"line":54,"column":null}},"line":42}},"branchMap":{"0":{"loc":{"start":{"line":7,"column":27},"end":{"line":7,"column":77}},"type":"default-arg","locations":[{"start":{"line":7,"column":41},"end":{"line":7,"column":77}}],"line":7},"1":{"loc":{"start":{"line":9,"column":2},"end":{"line":11,"column":null}},"type":"if","locations":[{"start":{"line":9,"column":2},"end":{"line":11,"column":null}},{"start":{},"end":{}}],"line":9},"2":{"loc":{"start":{"line":20,"column":50},"end":{"line":20,"column":85}},"type":"default-arg","locations":[{"start":{"line":20,"column":64},"end":{"line":20,"column":85}}],"line":20},"3":{"loc":{"start":{"line":25,"column":29},"end":{"line":25,"column":67}},"type":"default-arg","locations":[{"start":{"line":25,"column":43},"end":{"line":25,"column":67}}],"line":25},"4":{"loc":{"start":{"line":30,"column":2},"end":{"line":30,"column":null}},"type":"if","locations":[{"start":{"line":30,"column":2},"end":{"line":30,"column":null}},{"start":{},"end":{}}],"line":30},"5":{"loc":{"start":{"line":30,"column":6},"end":{"line":30,"column":45}},"type":"binary-expr","locations":[{"start":{"line":30,"column":6},"end":{"line":30,"column":17}},{"start":{"line":30,"column":17},"end":{"line":30,"column":45}}],"line":30},"6":{"loc":{"start":{"line":31,"column":2},"end":{"line":31,"column":null}},"type":"if","locations":[{"start":{"line":31,"column":2},"end":{"line":31,"column":null}},{"start":{},"end":{}}],"line":31},"7":{"loc":{"start":{"line":32,"column":2},"end":{"line":32,"column":null}},"type":"if","locations":[{"start":{"line":32,"column":2},"end":{"line":32,"column":null}},{"start":{},"end":{}}],"line":32},"8":{"loc":{"start":{"line":33,"column":2},"end":{"line":33,"column":null}},"type":"if","locations":[{"start":{"line":33,"column":2},"end":{"line":33,"column":null}},{"start":{},"end":{}}],"line":33},"9":{"loc":{"start":{"line":34,"column":2},"end":{"line":34,"column":null}},"type":"if","locations":[{"start":{"line":34,"column":2},"end":{"line":34,"column":null}},{"start":{},"end":{}}],"line":34},"10":{"loc":{"start":{"line":34,"column":6},"end":{"line":34,"column":61}},"type":"binary-expr","locations":[{"start":{"line":34,"column":6},"end":{"line":34,"column":25}},{"start":{"line":34,"column":25},"end":{"line":34,"column":61}}],"line":34},"11":{"loc":{"start":{"line":35,"column":2},"end":{"line":35,"column":null}},"type":"if","locations":[{"start":{"line":35,"column":2},"end":{"line":35,"column":null}},{"start":{},"end":{}}],"line":35},"12":{"loc":{"start":{"line":36,"column":2},"end":{"line":36,"column":null}},"type":"if","locations":[{"start":{"line":36,"column":2},"end":{"line":36,"column":null}},{"start":{},"end":{}}],"line":36},"13":{"loc":{"start":{"line":37,"column":2},"end":{"line":37,"column":null}},"type":"if","locations":[{"start":{"line":37,"column":2},"end":{"line":37,"column":null}},{"start":{},"end":{}}],"line":37},"14":{"loc":{"start":{"line":38,"column":2},"end":{"line":38,"column":null}},"type":"if","locations":[{"start":{"line":38,"column":2},"end":{"line":38,"column":null}},{"start":{},"end":{}}],"line":38}},"s":{"0":1,"1":2,"2":2,"3":1,"4":1,"5":1,"6":1,"7":0,"8":2,"9":2,"10":2,"11":3,"12":0,"13":3,"14":1,"15":2,"16":0,"17":2,"18":0,"19":2,"20":1,"21":1,"22":0,"23":1,"24":0,"25":1,"26":0,"27":1,"28":0,"29":1,"30":7},"f":{"0":2,"1":2,"2":2,"3":3,"4":7},"b":{"0":[2],"1":[1,1],"2":[2],"3":[2],"4":[0,3],"5":[3,3],"6":[1,2],"7":[0,2],"8":[0,2],"9":[1,1],"10":[2,1],"11":[0,1],"12":[0,1],"13":[0,1],"14":[0,1]},"meta":{"lastBranch":15,"lastFunction":5,"lastStatement":31,"seen":{"s:5:20:5:Infinity":0,"f:7:16:7:27":0,"b:7:41:7:77":0,"s:8:21:8:Infinity":1,"b:9:2:11:Infinity:undefined:undefined:undefined:undefined":1,"s:9:2:11:Infinity":2,"s:10:4:10:Infinity":3,"s:12:2:17:Infinity":4,"s:13:20:13:Infinity":5,"s:14:4:14:Infinity":6,"s:16:4:16:Infinity":7,"f:20:16:20:28":1,"b:20:64:20:85":2,"s:21:21:21:Infinity":8,"s:22:2:22:Infinity":9,"f:25:16:25:29":2,"b:25:43:25:67":3,"s:26:2:26:Infinity":10,"f:29:16:29:31":3,"b:30:2:30:Infinity:undefined:undefined:undefined:undefined":4,"s:30:2:30:Infinity":11,"b:30:6:30:17:30:17:30:45":5,"s:30:45:30:Infinity":12,"b:31:2:31:Infinity:undefined:undefined:undefined:undefined":6,"s:31:2:31:Infinity":13,"s:31:53:31:Infinity":14,"b:32:2:32:Infinity:undefined:undefined:undefined:undefined":7,"s:32:2:32:Infinity":15,"s:32:49:32:Infinity":16,"b:33:2:33:Infinity:undefined:undefined:undefined:undefined":8,"s:33:2:33:Infinity":17,"s:33:39:33:Infinity":18,"b:34:2:34:Infinity:undefined:undefined:undefined:undefined":9,"s:34:2:34:Infinity":19,"b:34:6:34:25:34:25:34:61":10,"s:34:61:34:Infinity":20,"b:35:2:35:Infinity:undefined:undefined:undefined:undefined":11,"s:35:2:35:Infinity":21,"s:35:53:35:Infinity":22,"b:36:2:36:Infinity:undefined:undefined:undefined:undefined":12,"s:36:2:36:Infinity":23,"s:36:48:36:Infinity":24,"b:37:2:37:Infinity:undefined:undefined:undefined:undefined":13,"s:37:2:37:Infinity":25,"s:37:45:37:Infinity":26,"b:38:2:38:Infinity:undefined:undefined:undefined:undefined":14,"s:38:2:38:Infinity":27,"s:38:48:38:Infinity":28,"s:39:2:39:Infinity":29,"f:42:16:42:33":4,"s:43:2:53:Infinity":30},"fnNames":{}}}
,"E:\\qlxion\\qlxion-ui\\packages\\cli\\src\\utils\\dependencies.ts": {"path":"E:\\qlxion\\qlxion-ui\\packages\\cli\\src\\utils\\dependencies.ts","statementMap":{"0":{"start":{"line":9,"column":18},"end":{"line":9,"column":null}},"1":{"start":{"line":10,"column":19},"end":{"line":10,"column":null}},"2":{"start":{"line":11,"column":27},"end":{"line":11,"column":null}},"3":{"start":{"line":12,"column":18},"end":{"line":12,"column":null}},"4":{"start":{"line":15,"column":4},"end":{"line":18,"column":null}},"5":{"start":{"line":16,"column":20},"end":{"line":16,"column":null}},"6":{"start":{"line":17,"column":6},"end":{"line":17,"column":null}},"7":{"start":{"line":19,"column":4},"end":{"line":21,"column":null}},"8":{"start":{"line":20,"column":6},"end":{"line":20,"column":null}},"9":{"start":{"line":23,"column":22},"end":{"line":23,"column":null}},"10":{"start":{"line":24,"column":4},"end":{"line":26,"column":null}},"11":{"start":{"line":25,"column":6},"end":{"line":25,"column":null}},"12":{"start":{"line":28,"column":4},"end":{"line":28,"column":null}},"13":{"start":{"line":31,"column":4},"end":{"line":33,"column":null}},"14":{"start":{"line":32,"column":6},"end":{"line":32,"column":null}},"15":{"start":{"line":36,"column":4},"end":{"line":38,"column":null}},"16":{"start":{"line":37,"column":6},"end":{"line":37,"column":null}},"17":{"start":{"line":40,"column":4},"end":{"line":40,"column":null}},"18":{"start":{"line":41,"column":4},"end":{"line":41,"column":null}},"19":{"start":{"line":42,"column":4},"end":{"line":42,"column":null}},"20":{"start":{"line":45,"column":2},"end":{"line":47,"column":null}},"21":{"start":{"line":46,"column":4},"end":{"line":46,"column":null}},"22":{"start":{"line":49,"column":2},"end":{"line":52,"column":null}},"23":{"start":{"line":56,"column":20},"end":{"line":56,"column":43}},"24":{"start":{"line":57,"column":2},"end":{"line":57,"column":null}},"25":{"start":{"line":57,"column":41},"end":{"line":57,"column":66}}},"fnMap":{"0":{"name":"resolveDependencies","decl":{"start":{"line":8,"column":16},"end":{"line":8,"column":36}},"loc":{"start":{"line":8,"column":84},"end":{"line":53,"column":null}},"line":8},"1":{"name":"resolve","decl":{"start":{"line":14,"column":11},"end":{"line":14,"column":19}},"loc":{"start":{"line":14,"column":33},"end":{"line":43,"column":null}},"line":14},"2":{"name":"validateComponentsExist","decl":{"start":{"line":55,"column":16},"end":{"line":55,"column":40}},"loc":{"start":{"line":55,"column":76},"end":{"line":58,"column":null}},"line":55},"3":{"name":"(anonymous_3)","decl":{"start":{"line":57,"column":24},"end":{"line":57,"column":32}},"loc":{"start":{"line":57,"column":41},"end":{"line":57,"column":66}},"line":57}},"branchMap":{"0":{"loc":{"start":{"line":15,"column":4},"end":{"line":18,"column":null}},"type":"if","locations":[{"start":{"line":15,"column":4},"end":{"line":18,"column":null}},{"start":{},"end":{}}],"line":15},"1":{"loc":{"start":{"line":19,"column":4},"end":{"line":21,"column":null}},"type":"if","locations":[{"start":{"line":19,"column":4},"end":{"line":21,"column":null}},{"start":{},"end":{}}],"line":19},"2":{"loc":{"start":{"line":24,"column":4},"end":{"line":26,"column":null}},"type":"if","locations":[{"start":{"line":24,"column":4},"end":{"line":26,"column":null}},{"start":{},"end":{}}],"line":24},"3":{"loc":{"start":{"line":31,"column":22},"end":{"line":31,"column":60}},"type":"binary-expr","locations":[{"start":{"line":31,"column":22},"end":{"line":31,"column":56}},{"start":{"line":31,"column":56},"end":{"line":31,"column":60}}],"line":31},"4":{"loc":{"start":{"line":36,"column":22},"end":{"line":36,"column":52}},"type":"binary-expr","locations":[{"start":{"line":36,"column":22},"end":{"line":36,"column":48}},{"start":{"line":36,"column":48},"end":{"line":36,"column":52}}],"line":36}},"s":{"0":2,"1":2,"2":2,"3":2,"4":2,"5":0,"6":0,"7":2,"8":0,"9":2,"10":2,"11":1,"12":1,"13":1,"14":0,"15":1,"16":1,"17":1,"18":1,"19":1,"20":2,"21":2,"22":1,"23":2,"24":2,"25":2},"f":{"0":2,"1":2,"2":2,"3":2},"b":{"0":[0,2],"1":[0,2],"2":[1,1],"3":[1,0],"4":[1,0]},"meta":{"lastBranch":5,"lastFunction":4,"lastStatement":26,"seen":{"f:8:16:8:36":0,"s:9:18:9:Infinity":0,"s:10:19:10:Infinity":1,"s:11:27:11:Infinity":2,"s:12:18:12:Infinity":3,"f:14:11:14:19":1,"b:15:4:18:Infinity:undefined:undefined:undefined:undefined":0,"s:15:4:18:Infinity":4,"s:16:20:16:Infinity":5,"s:17:6:17:Infinity":6,"b:19:4:21:Infinity:undefined:undefined:undefined:undefined":1,"s:19:4:21:Infinity":7,"s:20:6:20:Infinity":8,"s:23:22:23:Infinity":9,"b:24:4:26:Infinity:undefined:undefined:undefined:undefined":2,"s:24:4:26:Infinity":10,"s:25:6:25:Infinity":11,"s:28:4:28:Infinity":12,"s:31:4:33:Infinity":13,"b:31:22:31:56:31:56:31:60":3,"s:32:6:32:Infinity":14,"s:36:4:38:Infinity":15,"b:36:22:36:48:36:48:36:52":4,"s:37:6:37:Infinity":16,"s:40:4:40:Infinity":17,"s:41:4:41:Infinity":18,"s:42:4:42:Infinity":19,"s:45:2:47:Infinity":20,"s:46:4:46:Infinity":21,"s:49:2:52:Infinity":22,"f:55:16:55:40":2,"s:56:20:56:43":23,"s:57:2:57:Infinity":24,"f:57:24:57:32":3,"s:57:41:57:66":25},"fnNames":{}}}
,"E:\\qlxion\\qlxion-ui\\packages\\cli\\src\\utils\\files.ts": {"path":"E:\\qlxion\\qlxion-ui\\packages\\cli\\src\\utils\\files.ts","statementMap":{"0":{"start":{"line":8,"column":22},"end":{"line":8,"column":null}},"1":{"start":{"line":9,"column":39},"end":{"line":9,"column":null}},"2":{"start":{"line":11,"column":2},"end":{"line":19,"column":null}},"3":{"start":{"line":12,"column":20},"end":{"line":12,"column":null}},"4":{"start":{"line":13,"column":23},"end":{"line":13,"column":null}},"5":{"start":{"line":14,"column":4},"end":{"line":18,"column":null}},"6":{"start":{"line":21,"column":2},"end":{"line":21,"column":null}},"7":{"start":{"line":26,"column":16},"end":{"line":26,"column":null}},"8":{"start":{"line":27,"column":14},"end":{"line":27,"column":null}},"9":{"start":{"line":28,"column":19},"end":{"line":28,"column":null}},"10":{"start":{"line":29,"column":2},"end":{"line":29,"column":null}},"11":{"start":{"line":33,"column":14},"end":{"line":33,"column":null}},"12":{"start":{"line":34,"column":2},"end":{"line":34,"column":null}},"13":{"start":{"line":38,"column":2},"end":{"line":38,"column":null}},"14":{"start":{"line":42,"column":2},"end":{"line":42,"column":null}},"15":{"start":{"line":46,"column":2},"end":{"line":46,"column":null}},"16":{"start":{"line":47,"column":2},"end":{"line":47,"column":null}},"17":{"start":{"line":51,"column":15},"end":{"line":51,"column":null}},"18":{"start":{"line":52,"column":15},"end":{"line":52,"column":null}},"19":{"start":{"line":53,"column":2},"end":{"line":58,"column":null}},"20":{"start":{"line":54,"column":18},"end":{"line":54,"column":null}},"21":{"start":{"line":55,"column":19},"end":{"line":55,"column":null}},"22":{"start":{"line":56,"column":18},"end":{"line":56,"column":null}},"23":{"start":{"line":56,"column":55},"end":{"line":56,"column":56}},"24":{"start":{"line":56,"column":69},"end":{"line":56,"column":85}},"25":{"start":{"line":57,"column":4},"end":{"line":57,"column":null}},"26":{"start":{"line":59,"column":2},"end":{"line":59,"column":null}},"27":{"start":{"line":63,"column":15},"end":{"line":63,"column":null}},"28":{"start":{"line":64,"column":2},"end":{"line":69,"column":null}},"29":{"start":{"line":66,"column":21},"end":{"line":66,"column":null}},"30":{"start":{"line":67,"column":6},"end":{"line":67,"column":null}},"31":{"start":{"line":67,"column":50},"end":{"line":67,"column":51}},"32":{"start":{"line":67,"column":64},"end":{"line":67,"column":80}}},"fnMap":{"0":{"name":"getComponentFiles","decl":{"start":{"line":7,"column":16},"end":{"line":7,"column":34}},"loc":{"start":{"line":7,"column":122},"end":{"line":22,"column":null}},"line":7},"1":{"name":"resolveTargetPath","decl":{"start":{"line":24,"column":9},"end":{"line":24,"column":27}},"loc":{"start":{"line":24,"column":66},"end":{"line":30,"column":null}},"line":24},"2":{"name":"ensureDir","decl":{"start":{"line":32,"column":16},"end":{"line":32,"column":26}},"loc":{"start":{"line":32,"column":50},"end":{"line":35,"column":null}},"line":32},"3":{"name":"fileExists","decl":{"start":{"line":37,"column":16},"end":{"line":37,"column":27}},"loc":{"start":{"line":37,"column":54},"end":{"line":39,"column":null}},"line":37},"4":{"name":"readFile","decl":{"start":{"line":41,"column":16},"end":{"line":41,"column":25}},"loc":{"start":{"line":41,"column":51},"end":{"line":43,"column":null}},"line":41},"5":{"name":"writeFile","decl":{"start":{"line":45,"column":16},"end":{"line":45,"column":26}},"loc":{"start":{"line":45,"column":67},"end":{"line":48,"column":null}},"line":45},"6":{"name":"showDiff","decl":{"start":{"line":50,"column":16},"end":{"line":50,"column":25}},"loc":{"start":{"line":50,"column":91},"end":{"line":60,"column":null}},"line":50},"7":{"name":"(anonymous_7)","decl":{"start":{"line":56,"column":41},"end":{"line":56,"column":49}},"loc":{"start":{"line":56,"column":55},"end":{"line":56,"column":56}},"line":56},"8":{"name":"(anonymous_8)","decl":{"start":{"line":56,"column":58},"end":{"line":56,"column":63}},"loc":{"start":{"line":56,"column":69},"end":{"line":56,"column":85}},"line":56},"9":{"name":"generateDiff","decl":{"start":{"line":62,"column":16},"end":{"line":62,"column":29}},"loc":{"start":{"line":62,"column":77},"end":{"line":70,"column":null}},"line":62},"10":{"name":"(anonymous_10)","decl":{"start":{"line":65,"column":5},"end":{"line":65,"column":10}},"loc":{"start":{"line":65,"column":19},"end":{"line":68,"column":5}},"line":65},"11":{"name":"(anonymous_11)","decl":{"start":{"line":67,"column":36},"end":{"line":67,"column":44}},"loc":{"start":{"line":67,"column":50},"end":{"line":67,"column":51}},"line":67},"12":{"name":"(anonymous_12)","decl":{"start":{"line":67,"column":53},"end":{"line":67,"column":58}},"loc":{"start":{"line":67,"column":64},"end":{"line":67,"column":80}},"line":67}},"branchMap":{"0":{"loc":{"start":{"line":27,"column":14},"end":{"line":27,"column":null}},"type":"cond-expr","locations":[{"start":{"line":27,"column":42},"end":{"line":27,"column":51}},{"start":{"line":27,"column":51},"end":{"line":27,"column":null}}],"line":27},"1":{"loc":{"start":{"line":27,"column":51},"end":{"line":27,"column":null}},"type":"cond-expr","locations":[{"start":{"line":27,"column":78},"end":{"line":27,"column":86}},{"start":{"line":27,"column":86},"end":{"line":27,"column":null}}],"line":27},"2":{"loc":{"start":{"line":54,"column":18},"end":{"line":54,"column":null}},"type":"cond-expr","locations":[{"start":{"line":54,"column":31},"end":{"line":54,"column":41}},{"start":{"line":54,"column":41},"end":{"line":54,"column":null}}],"line":54},"3":{"loc":{"start":{"line":54,"column":41},"end":{"line":54,"column":null}},"type":"cond-expr","locations":[{"start":{"line":54,"column":56},"end":{"line":54,"column":64}},{"start":{"line":54,"column":64},"end":{"line":54,"column":null}}],"line":54},"4":{"loc":{"start":{"line":55,"column":19},"end":{"line":55,"column":null}},"type":"cond-expr","locations":[{"start":{"line":55,"column":32},"end":{"line":55,"column":38}},{"start":{"line":55,"column":38},"end":{"line":55,"column":null}}],"line":55},"5":{"loc":{"start":{"line":55,"column":38},"end":{"line":55,"column":null}},"type":"cond-expr","locations":[{"start":{"line":55,"column":53},"end":{"line":55,"column":59}},{"start":{"line":55,"column":59},"end":{"line":55,"column":null}}],"line":55},"6":{"loc":{"start":{"line":66,"column":21},"end":{"line":66,"column":null}},"type":"cond-expr","locations":[{"start":{"line":66,"column":34},"end":{"line":66,"column":40}},{"start":{"line":66,"column":40},"end":{"line":66,"column":null}}],"line":66},"7":{"loc":{"start":{"line":66,"column":40},"end":{"line":66,"column":null}},"type":"cond-expr","locations":[{"start":{"line":66,"column":55},"end":{"line":66,"column":61}},{"start":{"line":66,"column":61},"end":{"line":66,"column":null}}],"line":66}},"s":{"0":0,"1":0,"2":0,"3":0,"4":0,"5":0,"6":0,"7":0,"8":0,"9":0,"10":0,"11":3,"12":3,"13":2,"14":1,"15":2,"16":2,"17":1,"18":1,"19":1,"20":3,"21":3,"22":3,"23":4,"24":3,"25":3,"26":1,"27":0,"28":0,"29":0,"30":0,"31":0,"32":0},"f":{"0":0,"1":0,"2":3,"3":2,"4":1,"5":2,"6":1,"7":4,"8":3,"9":0,"10":0,"11":0,"12":0},"b":{"0":[0,0],"1":[0,0],"2":[1,2],"3":[1,1],"4":[1,2],"5":[1,1],"6":[0,0],"7":[0,0]},"meta":{"lastBranch":8,"lastFunction":13,"lastStatement":33,"seen":{"f:7:16:7:34":0,"s:8:22:8:Infinity":0,"s:9:39:9:Infinity":1,"s:11:2:19:Infinity":2,"s:12:20:12:Infinity":3,"s:13:23:13:Infinity":4,"s:14:4:18:Infinity":5,"s:21:2:21:Infinity":6,"f:24:9:24:27":1,"s:26:16:26:Infinity":7,"s:27:14:27:Infinity":8,"b:27:42:27:51:27:51:27:Infinity":0,"b:27:78:27:86:27:86:27:Infinity":1,"s:28:19:28:Infinity":9,"s:29:2:29:Infinity":10,"f:32:16:32:26":2,"s:33:14:33:Infinity":11,"s:34:2:34:Infinity":12,"f:37:16:37:27":3,"s:38:2:38:Infinity":13,"f:41:16:41:25":4,"s:42:2:42:Infinity":14,"f:45:16:45:26":5,"s:46:2:46:Infinity":15,"s:47:2:47:Infinity":16,"f:50:16:50:25":6,"s:51:15:51:Infinity":17,"s:52:15:52:Infinity":18,"s:53:2:58:Infinity":19,"s:54:18:54:Infinity":20,"b:54:31:54:41:54:41:54:Infinity":2,"b:54:56:54:64:54:64:54:Infinity":3,"s:55:19:55:Infinity":21,"b:55:32:55:38:55:38:55:Infinity":4,"b:55:53:55:59:55:59:55:Infinity":5,"s:56:18:56:Infinity":22,"f:56:41:56:49":7,"s:56:55:56:56":23,"f:56:58:56:63":8,"s:56:69:56:85":24,"s:57:4:57:Infinity":25,"s:59:2:59:Infinity":26,"f:62:16:62:29":9,"s:63:15:63:Infinity":27,"s:64:2:69:Infinity":28,"f:65:5:65:10":10,"s:66:21:66:Infinity":29,"b:66:34:66:40:66:40:66:Infinity":6,"b:66:55:66:61:66:61:66:Infinity":7,"s:67:6:67:Infinity":30,"f:67:36:67:44":11,"s:67:50:67:51":31,"f:67:53:67:58":12,"s:67:64:67:80":32},"fnNames":{}}}
,"E:\\qlxion\\qlxion-ui\\packages\\cli\\src\\utils\\registry.ts": {"path":"E:\\qlxion\\qlxion-ui\\packages\\cli\\src\\utils\\registry.ts","statementMap":{"0":{"start":{"line":5,"column":18},"end":{"line":5,"column":null}},"1":{"start":{"line":6,"column":17},"end":{"line":6,"column":null}},"2":{"start":{"line":7,"column":32},"end":{"line":7,"column":null}},"3":{"start":{"line":8,"column":23},"end":{"line":8,"column":null}},"4":{"start":{"line":11,"column":19},"end":{"line":11,"column":null}},"5":{"start":{"line":12,"column":2},"end":{"line":14,"column":null}},"6":{"start":{"line":13,"column":4},"end":{"line":13,"column":null}},"7":{"start":{"line":15,"column":18},"end":{"line":15,"column":null}},"8":{"start":{"line":16,"column":2},"end":{"line":16,"column":null}},"9":{"start":{"line":20,"column":2},"end":{"line":22,"column":null}},"10":{"start":{"line":21,"column":19},"end":{"line":21,"column":38}},"11":{"start":{"line":22,"column":16},"end":{"line":22,"column":38}},"12":{"start":{"line":26,"column":20},"end":{"line":26,"column":null}},"13":{"start":{"line":27,"column":2},"end":{"line":29,"column":null}},"14":{"start":{"line":28,"column":4},"end":{"line":28,"column":null}},"15":{"start":{"line":30,"column":2},"end":{"line":30,"column":null}},"16":{"start":{"line":34,"column":21},"end":{"line":34,"column":null}},"17":{"start":{"line":35,"column":2},"end":{"line":37,"column":null}},"18":{"start":{"line":36,"column":4},"end":{"line":36,"column":null}},"19":{"start":{"line":38,"column":2},"end":{"line":38,"column":null}}},"fnMap":{"0":{"name":"getRegistryComponent","decl":{"start":{"line":10,"column":16},"end":{"line":10,"column":37}},"loc":{"start":{"line":10,"column":56},"end":{"line":17,"column":null}},"line":10},"1":{"name":"listRegistryComponents","decl":{"start":{"line":19,"column":16},"end":{"line":19,"column":51}},"loc":{"start":{"line":19,"column":51},"end":{"line":23,"column":null}},"line":19},"2":{"name":"(anonymous_2)","decl":{"start":{"line":21,"column":5},"end":{"line":21,"column":13}},"loc":{"start":{"line":21,"column":19},"end":{"line":21,"column":38}},"line":21},"3":{"name":"(anonymous_3)","decl":{"start":{"line":22,"column":5},"end":{"line":22,"column":10}},"loc":{"start":{"line":22,"column":16},"end":{"line":22,"column":38}},"line":22},"4":{"name":"getComponentSourceFiles","decl":{"start":{"line":25,"column":16},"end":{"line":25,"column":40}},"loc":{"start":{"line":25,"column":93},"end":{"line":31,"column":null}},"line":25},"5":{"name":"readComponentSourceFile","decl":{"start":{"line":33,"column":16},"end":{"line":33,"column":40}},"loc":{"start":{"line":33,"column":89},"end":{"line":39,"column":null}},"line":33}},"branchMap":{"0":{"loc":{"start":{"line":12,"column":2},"end":{"line":14,"column":null}},"type":"if","locations":[{"start":{"line":12,"column":2},"end":{"line":14,"column":null}},{"start":{},"end":{}}],"line":12},"1":{"loc":{"start":{"line":27,"column":2},"end":{"line":29,"column":null}},"type":"if","locations":[{"start":{"line":27,"column":2},"end":{"line":29,"column":null}},{"start":{},"end":{}}],"line":27},"2":{"loc":{"start":{"line":30,"column":9},"end":{"line":30,"column":null}},"type":"binary-expr","locations":[{"start":{"line":30,"column":9},"end":{"line":30,"column":39}},{"start":{"line":30,"column":39},"end":{"line":30,"column":null}}],"line":30},"3":{"loc":{"start":{"line":35,"column":2},"end":{"line":37,"column":null}},"type":"if","locations":[{"start":{"line":35,"column":2},"end":{"line":37,"column":null}},{"start":{},"end":{}}],"line":35}},"s":{"0":3,"1":3,"2":3,"3":3,"4":4,"5":4,"6":2,"7":2,"8":2,"9":5,"10":185,"11":185,"12":0,"13":0,"14":0,"15":0,"16":0,"17":0,"18":0,"19":0},"f":{"0":4,"1":5,"2":185,"3":185,"4":0,"5":0},"b":{"0":[2,2],"1":[0,0],"2":[0,0],"3":[0,0]},"meta":{"lastBranch":4,"lastFunction":6,"lastStatement":20,"seen":{"s:5:18:5:Infinity":0,"s:6:17:6:Infinity":1,"s:7:32:7:Infinity":2,"s:8:23:8:Infinity":3,"f:10:16:10:37":0,"s:11:19:11:Infinity":4,"b:12:2:14:Infinity:undefined:undefined:undefined:undefined":0,"s:12:2:14:Infinity":5,"s:13:4:13:Infinity":6,"s:15:18:15:Infinity":7,"s:16:2:16:Infinity":8,"f:19:16:19:51":1,"s:20:2:22:Infinity":9,"f:21:5:21:13":2,"s:21:19:21:38":10,"f:22:5:22:10":3,"s:22:16:22:38":11,"f:25:16:25:40":4,"s:26:20:26:Infinity":12,"b:27:2:29:Infinity:undefined:undefined:undefined:undefined":1,"s:27:2:29:Infinity":13,"s:28:4:28:Infinity":14,"s:30:2:30:Infinity":15,"b:30:9:30:39:30:39:30:Infinity":2,"f:33:16:33:40":5,"s:34:21:34:Infinity":16,"b:35:2:37:Infinity:undefined:undefined:undefined:undefined":3,"s:35:2:37:Infinity":17,"s:36:4:36:Infinity":18,"s:38:2:38:Infinity":19},"fnNames":{}}}
}
