{"E:\\qlxion\\qlxion-ui\\packages\\core-vue\\src\\Button\\Button.vue": {"path":"E:\\qlxion\\qlxion-ui\\packages\\core-vue\\src\\Button\\Button.vue","statementMap":{"0":{"start":{"line":18,"column":14},"end":{"line":18,"column":null}},"1":{"start":{"line":40,"column":58},"end":{"line":40,"column":null}},"2":{"start":{"line":41,"column":15},"end":{"line":41,"column":null}},"3":{"start":{"line":46,"column":4},"end":{"line":46,"column":null}},"4":{"start":{"line":47,"column":19},"end":{"line":53,"column":null}},"5":{"start":{"line":54,"column":16},"end":{"line":59,"column":null}},"6":{"start":{"line":61,"column":12},"end":{"line":61,"column":null}},"7":{"start":{"line":62,"column":12},"end":{"line":62,"column":null}},"8":{"start":{"line":63,"column":2},"end":{"line":63,"column":null}},"9":{"start":{"line":66,"column":22},"end":{"line":68,"column":null}},"10":{"start":{"line":67,"column":2},"end":{"line":67,"column":null}},"11":{"start":{"line":70,"column":18},"end":{"line":80,"column":null}},"12":{"start":{"line":72,"column":19},"end":{"line":72,"column":null}},"13":{"start":{"line":73,"column":35},"end":{"line":73,"column":null}},"14":{"start":{"line":74,"column":2},"end":{"line":78,"column":null}},"15":{"start":{"line":75,"column":4},"end":{"line":77,"column":null}},"16":{"start":{"line":76,"column":6},"end":{"line":76,"column":null}},"17":{"start":{"line":79,"column":2},"end":{"line":79,"column":null}},"18":{"start":{"line":2,"column":2},"end":{"line":11,"column":null}},"19":{"start":{"line":11,"column":12},"end":{"line":11,"column":null}}},"fnMap":{"0":{"name":"buttonVariants","decl":{"start":{"line":43,"column":9},"end":{"line":43,"column":24}},"loc":{"start":{"line":43,"column":55},"end":{"line":64,"column":null}},"line":43},"1":{"name":"(anonymous_1)","decl":{"start":{"line":66,"column":22},"end":{"line":66,"column":null}},"loc":{"start":{"line":67,"column":2},"end":{"line":67,"column":null}},"line":67},"2":{"name":"(anonymous_2)","decl":{"start":{"line":70,"column":18},"end":{"line":70,"column":33}},"loc":{"start":{"line":70,"column":33},"end":{"line":80,"column":1}},"line":70},"3":{"name":"(anonymous_3)","decl":{"start":{"line":11,"column":4},"end":{"line":11,"column":12}},"loc":{"start":{"line":11,"column":12},"end":{"line":11,"column":null}},"line":11}},"branchMap":{"0":{"loc":{"start":{"line":61,"column":12},"end":{"line":61,"column":null}},"type":"binary-expr","locations":[{"start":{"line":61,"column":12},"end":{"line":61,"column":58}},{"start":{"line":61,"column":58},"end":{"line":61,"column":null}}],"line":61},"1":{"loc":{"start":{"line":62,"column":12},"end":{"line":62,"column":null}},"type":"binary-expr","locations":[{"start":{"line":62,"column":12},"end":{"line":62,"column":49}},{"start":{"line":62,"column":49},"end":{"line":62,"column":null}}],"line":62},"2":{"loc":{"start":{"line":75,"column":4},"end":{"line":77,"column":null}},"type":"if","locations":[{"start":{"line":75,"column":4},"end":{"line":77,"column":null}},{"start":{},"end":{}}],"line":75},"3":{"loc":{"start":{"line":3,"column":9},"end":{"line":3,"column":null}},"type":"binary-expr","locations":[{"start":{"line":3,"column":9},"end":{"line":3,"column":11}},{"start":{"line":3,"column":11},"end":{"line":3,"column":null}}],"line":3},"4":{"loc":{"start":{"line":5,"column":15},"end":{"line":5,"column":null}},"type":"binary-expr","locations":[{"start":{"line":5,"column":15},"end":{"line":5,"column":27}},{"start":{"line":5,"column":27},"end":{"line":5,"column":null}}],"line":5},"5":{"loc":{"start":{"line":6,"column":16},"end":{"line":6,"column":null}},"type":"binary-expr","locations":[{"start":{"line":6,"column":16},"end":{"line":6,"column":27}},{"start":{"line":6,"column":27},"end":{"line":6,"column":null}}],"line":6},"6":{"loc":{"start":{"line":7,"column":21},"end":{"line":7,"column":null}},"type":"cond-expr","locations":[{"start":{"line":7,"column":40},"end":{"line":7,"column":51}},{"start":{"line":7,"column":51},"end":{"line":7,"column":null}}],"line":7},"7":{"loc":{"start":{"line":7,"column":21},"end":{"line":7,"column":40}},"type":"binary-expr","locations":[{"start":{"line":7,"column":21},"end":{"line":7,"column":33}},{"start":{"line":7,"column":33},"end":{"line":7,"column":40}}],"line":7}},"s":{"0":18,"1":18,"2":18,"3":18,"4":18,"5":18,"6":18,"7":18,"8":18,"9":18,"10":18,"11":18,"12":18,"13":18,"14":18,"15":90,"16":0,"17":18,"18":18,"19":18},"f":{"0":18,"1":18,"2":18,"3":18},"b":{"0":[18,0],"1":[18,0],"2":[0,90],"3":[18,18],"4":[18,15],"5":[18,16],"6":[5,13],"7":[18,15]},"meta":{"lastBranch":8,"lastFunction":4,"lastStatement":20,"seen":{"s:18:14:18:Infinity":0,"s:40:58:40:Infinity":1,"s:41:15:41:Infinity":2,"f:43:9:43:24":0,"s:46:4:46:Infinity":3,"s:47:19:53:Infinity":4,"s:54:16:59:Infinity":5,"s:61:12:61:Infinity":6,"b:61:12:61:58:61:58:61:Infinity":0,"s:62:12:62:Infinity":7,"b:62:12:62:49:62:49:62:Infinity":1,"s:63:2:63:Infinity":8,"s:66:22:68:Infinity":9,"f:66:22:66:Infinity":1,"s:67:2:67:Infinity":10,"s:70:18:80:Infinity":11,"f:70:18:70:33":2,"s:72:19:72:Infinity":12,"s:73:35:73:Infinity":13,"s:74:2:78:Infinity":14,"b:75:4:77:Infinity:undefined:undefined:undefined:undefined":2,"s:75:4:77:Infinity":15,"s:76:6:76:Infinity":16,"s:79:2:79:Infinity":17,"s:2:2:11:Infinity":18,"b:3:9:3:11:3:11:3:Infinity":3,"b:5:15:5:27:5:27:5:Infinity":4,"b:6:16:6:27:6:27:6:Infinity":5,"b:7:40:7:51:7:51:7:Infinity":6,"b:7:21:7:33:7:33:7:40":7,"f:11:4:11:12":3,"s:11:12:11:Infinity":19},"fnNames":{}}}
}
